2026-05-19 23:10:40,687 INFO [uvicorn.access] [-] [IP]:39490 - "POST /api/v1/printers/camera/stream-token HTTP/1.1" 200
2026-05-19 23:14:33,300 INFO [backend.app.main] [-] Recorded 1 AMS sensor history entries
2026-05-19 23:19:33,308 INFO [backend.app.main] [-] Recorded 1 AMS sensor history entries
2026-05-19 23:24:33,315 INFO [backend.app.main] [-] Recorded 1 AMS sensor history entries
2026-05-19 23:29:33,335 INFO [backend.app.main] [-] Recorded 1 AMS sensor history entries
2026-05-19 23:34:33,344 INFO [backend.app.main] [-] Recorded 1 AMS sensor history entries
2026-05-19 23:39:33,363 INFO [backend.app.main] [-] Recorded 1 AMS sensor history entries
2026-05-19 23:44:33,385 INFO [backend.app.main] [-] Recorded 1 AMS sensor history entries
2026-05-19 23:49:33,397 INFO [backend.app.main] [-] Recorded 1 AMS sensor history entries
2026-05-19 23:54:33,406 INFO [backend.app.main] [-] Recorded 1 AMS sensor history entries
2026-05-19 23:59:33,428 INFO [backend.app.main] [-] Recorded 1 AMS sensor history entries
2026-05-20 00:00:40,715 INFO [uvicorn.access] [-] [IP]:52534 - "POST /api/v1/printers/camera/stream-token HTTP/1.1" 200
2026-05-20 00:04:33,440 INFO [backend.app.main] [-] Recorded 1 AMS sensor history entries
2026-05-20 00:09:33,452 INFO [backend.app.main] [-] Recorded 1 AMS sensor history entries
2026-05-20 00:14:33,472 INFO [backend.app.main] [-] Recorded 1 AMS sensor history entries
2026-05-20 00:19:33,486 INFO [backend.app.main] [-] Recorded 1 AMS sensor history entries
2026-05-20 00:24:33,506 INFO [backend.app.main] [-] Recorded 1 AMS sensor history entries
2026-05-20 00:29:33,518 INFO [backend.app.main] [-] Recorded 1 AMS sensor history entries
2026-05-20 00:34:33,559 INFO [backend.app.main] [-] Recorded 1 AMS sensor history entries
2026-05-20 00:39:33,607 INFO [backend.app.main] [-] Recorded 1 AMS sensor history entries
2026-05-20 00:44:33,659 INFO [backend.app.main] [-] Recorded 1 AMS sensor history entries
2026-05-20 00:49:33,700 INFO [backend.app.main] [-] Recorded 1 AMS sensor history entries
2026-05-20 00:50:40,740 INFO [uvicorn.access] [-] [IP]:36942 - "POST /api/v1/printers/camera/stream-token HTTP/1.1" 200
2026-05-20 00:54:33,721 INFO [backend.app.main] [-] Recorded 1 AMS sensor history entries
2026-05-20 00:59:33,744 INFO [backend.app.main] [-] Recorded 1 AMS sensor history entries
2026-05-20 01:04:33,783 INFO [backend.app.main] [-] Recorded 1 AMS sensor history entries
2026-05-20 01:09:33,794 INFO [backend.app.main] [-] Recorded 1 AMS sensor history entries
2026-05-20 01:14:33,818 INFO [backend.app.main] [-] Recorded 1 AMS sensor history entries
2026-05-20 01:19:33,878 INFO [backend.app.main] [-] Recorded 1 AMS sensor history entries
2026-05-20 01:24:34,030 INFO [backend.app.main] [-] Recorded 1 AMS sensor history entries
2026-05-20 01:29:34,040 INFO [backend.app.main] [-] Recorded 1 AMS sensor history entries
2026-05-20 01:34:34,060 INFO [backend.app.main] [-] Recorded 1 AMS sensor history entries
2026-05-20 01:39:34,080 INFO [backend.app.main] [-] Recorded 1 AMS sensor history entries
2026-05-20 01:40:40,786 INFO [uvicorn.access] [-] [IP]:40542 - "POST /api/v1/printers/camera/stream-token HTTP/1.1" 200
2026-05-20 01:44:34,102 INFO [backend.app.main] [-] Recorded 1 AMS sensor history entries
2026-05-20 01:49:34,111 INFO [backend.app.main] [-] Recorded 1 AMS sensor history entries
2026-05-20 01:54:34,133 INFO [backend.app.main] [-] Recorded 1 AMS sensor history entries
2026-05-20 01:59:34,154 INFO [backend.app.main] [-] Recorded 1 AMS sensor history entries
2026-05-20 02:04:34,180 INFO [backend.app.main] [-] Recorded 1 AMS sensor history entries
2026-05-20 02:09:34,196 INFO [backend.app.main] [-] Recorded 1 AMS sensor history entries
2026-05-20 02:14:34,204 INFO [backend.app.main] [-] Recorded 1 AMS sensor history entries
2026-05-20 02:19:34,213 INFO [backend.app.main] [-] Recorded 1 AMS sensor history entries
2026-05-20 02:24:34,394 INFO [backend.app.main] [-] Recorded 1 AMS sensor history entries
2026-05-20 02:29:34,400 INFO [backend.app.main] [-] Recorded 1 AMS sensor history entries
2026-05-20 02:30:40,798 INFO [uvicorn.access] [-] [IP]:46072 - "POST /api/v1/printers/camera/stream-token HTTP/1.1" 200
2026-05-20 02:34:34,419 INFO [backend.app.main] [-] Recorded 1 AMS sensor history entries
2026-05-20 02:39:34,441 INFO [backend.app.main] [-] Recorded 1 AMS sensor history entries
2026-05-20 02:44:34,461 INFO [backend.app.main] [-] Recorded 1 AMS sensor history entries
2026-05-20 02:49:34,483 INFO [backend.app.main] [-] Recorded 1 AMS sensor history entries
2026-05-20 02:54:34,500 INFO [backend.app.main] [-] Recorded 1 AMS sensor history entries
2026-05-20 02:59:34,514 INFO [backend.app.main] [-] Recorded 1 AMS sensor history entries
2026-05-20 03:04:34,521 INFO [backend.app.main] [-] Recorded 1 AMS sensor history entries
2026-05-20 03:09:34,542 INFO [backend.app.main] [-] Recorded 1 AMS sensor history entries
2026-05-20 03:14:34,549 INFO [backend.app.main] [-] Recorded 1 AMS sensor history entries
2026-05-20 03:19:34,568 INFO [backend.app.main] [-] Recorded 1 AMS sensor history entries
2026-05-20 03:20:40,822 INFO [uvicorn.access] [-] [IP]:51636 - "POST /api/v1/printers/camera/stream-token HTTP/1.1" 200
2026-05-20 03:24:34,589 INFO [backend.app.main] [-] Recorded 1 AMS sensor history entries
2026-05-20 03:29:34,608 INFO [backend.app.main] [-] Recorded 1 AMS sensor history entries
2026-05-20 03:34:34,640 INFO [backend.app.main] [-] Recorded 1 AMS sensor history entries
2026-05-20 03:39:34,654 INFO [backend.app.main] [-] Recorded 1 AMS sensor history entries
2026-05-20 03:44:34,676 INFO [backend.app.main] [-] Recorded 1 AMS sensor history entries
2026-05-20 03:49:34,700 INFO [backend.app.main] [-] Recorded 1 AMS sensor history entries
2026-05-20 03:54:34,724 INFO [backend.app.main] [-] Recorded 1 AMS sensor history entries
2026-05-20 03:59:34,775 INFO [backend.app.main] [-] Recorded 1 AMS sensor history entries
2026-05-20 04:04:34,834 INFO [backend.app.main] [-] Recorded 1 AMS sensor history entries
2026-05-20 04:09:34,845 INFO [backend.app.main] [-] Recorded 1 AMS sensor history entries
2026-05-20 04:10:40,832 INFO [uvicorn.access] [-] [IP]:46830 - "POST /api/v1/printers/camera/stream-token HTTP/1.1" 200
2026-05-20 04:14:34,865 INFO [backend.app.main] [-] Recorded 1 AMS sensor history entries
2026-05-20 04:19:34,871 INFO [backend.app.main] [-] Recorded 1 AMS sensor history entries
2026-05-20 04:24:34,891 INFO [backend.app.main] [-] Recorded 1 AMS sensor history entries
2026-05-20 04:29:34,896 INFO [backend.app.main] [-] Recorded 1 AMS sensor history entries
2026-05-20 04:34:34,914 INFO [backend.app.main] [-] Recorded 1 AMS sensor history entries
2026-05-20 04:39:34,919 INFO [backend.app.main] [-] Recorded 1 AMS sensor history entries
2026-05-20 04:44:34,952 INFO [backend.app.main] [-] Recorded 1 AMS sensor history entries
2026-05-20 04:49:34,971 INFO [backend.app.main] [-] Recorded 1 AMS sensor history entries
2026-05-20 04:54:34,991 INFO [backend.app.main] [-] Recorded 1 AMS sensor history entries
2026-05-20 04:59:34,998 INFO [backend.app.main] [-] Recorded 1 AMS sensor history entries
2026-05-20 05:00:40,856 INFO [uvicorn.access] [-] [IP]:54776 - "POST /api/v1/printers/camera/stream-token HTTP/1.1" 200
2026-05-20 05:04:35,009 INFO [backend.app.main] [-] Recorded 1 AMS sensor history entries
2026-05-20 05:09:35,029 INFO [backend.app.main] [-] Recorded 1 AMS sensor history entries
2026-05-20 05:14:35,053 INFO [backend.app.main] [-] Recorded 1 AMS sensor history entries
2026-05-20 05:19:35,062 INFO [backend.app.main] [-] Recorded 1 AMS sensor history entries
2026-05-20 05:24:35,068 INFO [backend.app.main] [-] Recorded 1 AMS sensor history entries
2026-05-20 05:29:35,108 INFO [backend.app.main] [-] Recorded 1 AMS sensor history entries
2026-05-20 05:34:35,121 INFO [backend.app.main] [-] Recorded 1 AMS sensor history entries
2026-05-20 05:39:35,127 INFO [backend.app.main] [-] Recorded 1 AMS sensor history entries
2026-05-20 05:44:35,133 INFO [backend.app.main] [-] Recorded 1 AMS sensor history entries
2026-05-20 05:49:35,152 INFO [backend.app.main] [-] Recorded 1 AMS sensor history entries
2026-05-20 05:50:40,880 INFO [uvicorn.access] [-] [IP]:49794 - "POST /api/v1/printers/camera/stream-token HTTP/1.1" 200
2026-05-20 05:54:35,160 INFO [backend.app.main] [-] Recorded 1 AMS sensor history entries
2026-05-20 05:59:35,184 INFO [backend.app.main] [-] Recorded 1 AMS sensor history entries
2026-05-20 06:00:40,281 INFO [backend.app.services.local_backup] [-] Running scheduled local backup
2026-05-20 06:00:43,551 INFO [backend.app.services.local_backup] [-] Pruned old backup: bambuddy-backup-20260515-060058.zip
2026-05-20 06:00:43,551 INFO [backend.app.services.local_backup] [-] Local backup created: /app/data/backups/bambuddy-backup-20260520-060040.zip
2026-05-20 06:04:35,197 INFO [backend.app.main] [-] Recorded 1 AMS sensor history entries
2026-05-20 06:09:35,207 INFO [backend.app.main] [-] Recorded 1 AMS sensor history entries
2026-05-20 06:14:35,228 INFO [backend.app.main] [-] Recorded 1 AMS sensor history entries
2026-05-20 06:19:35,233 INFO [backend.app.main] [-] Recorded 1 AMS sensor history entries
2026-05-20 06:24:35,238 INFO [backend.app.main] [-] Recorded 1 AMS sensor history entries
2026-05-20 06:29:35,244 INFO [backend.app.main] [-] Recorded 1 AMS sensor history entries
2026-05-20 06:34:35,262 INFO [backend.app.main] [-] Recorded 1 AMS sensor history entries
2026-05-20 06:39:35,269 INFO [backend.app.main] [-] Recorded 1 AMS sensor history entries
2026-05-20 06:40:40,911 INFO [uvicorn.access] [-] [IP]:54414 - "POST /api/v1/printers/camera/stream-token HTTP/1.1" 200
2026-05-20 06:44:35,288 INFO [backend.app.main] [-] Recorded 1 AMS sensor history entries
2026-05-20 06:49:35,294 INFO [backend.app.main] [-] Recorded 1 AMS sensor history entries
2026-05-20 06:54:35,299 INFO [backend.app.main] [-] Recorded 1 AMS sensor history entries
2026-05-20 06:59:35,310 INFO [backend.app.main] [-] Recorded 1 AMS sensor history entries
2026-05-20 07:04:35,637 INFO [backend.app.main] [-] Recorded 1 AMS sensor history entries
2026-05-20 07:09:35,658 INFO [backend.app.main] [-] Recorded 1 AMS sensor history entries
2026-05-20 07:14:35,678 INFO [backend.app.main] [-] Recorded 1 AMS sensor history entries
2026-05-20 07:19:35,696 INFO [backend.app.main] [-] Recorded 1 AMS sensor history entries
2026-05-20 07:24:35,716 INFO [backend.app.main] [-] Recorded 1 AMS sensor history entries
2026-05-20 07:29:35,743 INFO [backend.app.main] [-] Recorded 1 AMS sensor history entries
2026-05-20 07:30:40,941 INFO [uvicorn.access] [-] [IP]:34444 - "POST /api/v1/printers/camera/stream-token HTTP/1.1" 200
2026-05-20 07:34:35,762 INFO [backend.app.main] [-] Recorded 1 AMS sensor history entries
2026-05-20 07:39:35,783 INFO [backend.app.main] [-] Recorded 1 AMS sensor history entries
2026-05-20 07:44:35,803 INFO [backend.app.main] [-] Recorded 1 AMS sensor history entries
2026-05-20 07:49:35,823 INFO [backend.app.main] [-] Recorded 1 AMS sensor history entries
2026-05-20 07:54:35,843 INFO [backend.app.main] [-] Recorded 1 AMS sensor history entries
2026-05-20 07:59:35,865 INFO [backend.app.main] [-] Recorded 1 AMS sensor history entries
2026-05-20 08:04:35,885 INFO [backend.app.main] [-] Recorded 1 AMS sensor history entries
2026-05-20 08:09:35,906 INFO [backend.app.main] [-] Recorded 1 AMS sensor history entries
2026-05-20 08:14:35,925 INFO [backend.app.main] [-] Recorded 1 AMS sensor history entries
2026-05-20 08:19:35,945 INFO [backend.app.main] [-] Recorded 1 AMS sensor history entries
2026-05-20 08:20:40,965 INFO [uvicorn.access] [-] [IP]:37048 - "POST /api/v1/printers/camera/stream-token HTTP/1.1" 200
2026-05-20 08:24:35,968 INFO [backend.app.main] [-] Recorded 1 AMS sensor history entries
2026-05-20 08:29:35,987 INFO [backend.app.main] [-] Recorded 1 AMS sensor history entries
2026-05-20 08:34:35,995 INFO [backend.app.main] [-] Recorded 1 AMS sensor history entries
2026-05-20 08:39:36,017 INFO [backend.app.main] [-] Recorded 1 AMS sensor history entries
2026-05-20 08:44:36,044 INFO [backend.app.main] [-] Recorded 1 AMS sensor history entries
2026-05-20 08:49:36,065 INFO [backend.app.main] [-] Recorded 1 AMS sensor history entries
2026-05-20 08:54:36,085 INFO [backend.app.main] [-] Recorded 1 AMS sensor history entries
2026-05-20 08:59:36,106 INFO [backend.app.main] [-] Recorded 1 AMS sensor history entries
2026-05-20 09:04:36,111 INFO [backend.app.main] [-] Recorded 1 AMS sensor history entries
2026-05-20 09:09:36,131 INFO [backend.app.main] [-] Recorded 1 AMS sensor history entries
2026-05-20 09:10:40,988 INFO [uvicorn.access] [-] [IP]:47196 - "POST /api/v1/printers/camera/stream-token HTTP/1.1" 200
2026-05-20 09:14:36,137 INFO [backend.app.main] [-] Recorded 1 AMS sensor history entries
2026-05-20 09:19:36,160 INFO [backend.app.main] [-] Recorded 1 AMS sensor history entries
2026-05-20 09:24:36,166 INFO [backend.app.main] [-] Recorded 1 AMS sensor history entries
2026-05-20 09:29:36,223 INFO [backend.app.main] [-] Recorded 1 AMS sensor history entries
2026-05-20 09:34:36,229 INFO [backend.app.main] [-] Recorded 1 AMS sensor history entries
2026-05-20 09:39:36,234 INFO [backend.app.main] [-] Recorded 1 AMS sensor history entries
2026-05-20 09:44:36,241 INFO [backend.app.main] [-] Recorded 1 AMS sensor history entries
2026-05-20 09:49:36,248 INFO [backend.app.main] [-] Recorded 1 AMS sensor history entries
2026-05-20 09:54:36,252 INFO [backend.app.main] [-] Recorded 1 AMS sensor history entries
2026-05-20 09:59:36,261 INFO [backend.app.main] [-] Recorded 1 AMS sensor history entries
2026-05-20 10:00:41,014 INFO [uvicorn.access] [-] [IP]:53898 - "POST /api/v1/printers/camera/stream-token HTTP/1.1" 200
2026-05-20 10:04:36,266 INFO [backend.app.main] [-] Recorded 1 AMS sensor history entries
2026-05-20 10:09:36,284 INFO [backend.app.main] [-] Recorded 1 AMS sensor history entries
2026-05-20 10:14:36,291 INFO [backend.app.main] [-] Recorded 1 AMS sensor history entries
2026-05-20 10:19:36,310 INFO [backend.app.main] [-] Recorded 1 AMS sensor history entries
2026-05-20 10:24:36,332 INFO [backend.app.main] [-] Recorded 1 AMS sensor history entries
2026-05-20 10:29:36,355 INFO [backend.app.main] [-] Recorded 1 AMS sensor history entries
2026-05-20 10:34:36,376 INFO [backend.app.main] [-] Recorded 1 AMS sensor history entries
2026-05-20 10:39:36,396 INFO [backend.app.main] [-] Recorded 1 AMS sensor history entries
2026-05-20 10:44:36,416 INFO [backend.app.main] [-] Recorded 1 AMS sensor history entries
2026-05-20 10:49:36,436 INFO [backend.app.main] [-] Recorded 1 AMS sensor history entries
2026-05-20 10:50:41,037 INFO [uvicorn.access] [-] [IP]:57148 - "POST /api/v1/printers/camera/stream-token HTTP/1.1" 200
2026-05-20 10:54:36,451 INFO [backend.app.main] [-] Recorded 1 AMS sensor history entries
2026-05-20 10:59:36,471 INFO [backend.app.main] [-] Recorded 1 AMS sensor history entries
2026-05-20 11:04:36,492 INFO [backend.app.main] [-] Recorded 1 AMS sensor history entries
2026-05-20 11:09:36,513 INFO [backend.app.main] [-] Recorded 1 AMS sensor history entries
2026-05-20 11:14:36,531 INFO [backend.app.main] [-] Recorded 1 AMS sensor history entries
2026-05-20 11:19:36,549 INFO [backend.app.main] [-] Recorded 1 AMS sensor history entries
2026-05-20 11:24:36,563 INFO [backend.app.main] [-] Recorded 1 AMS sensor history entries
2026-05-20 11:29:36,583 INFO [backend.app.main] [-] Recorded 1 AMS sensor history entries
2026-05-20 11:34:36,606 INFO [backend.app.main] [-] Recorded 1 AMS sensor history entries
2026-05-20 11:39:36,639 INFO [backend.app.main] [-] Recorded 1 AMS sensor history entries
2026-05-20 11:40:41,268 INFO [uvicorn.access] [-] [IP]:39460 - "POST /api/v1/printers/camera/stream-token HTTP/1.1" 200
2026-05-20 11:44:36,658 INFO [backend.app.main] [-] Recorded 1 AMS sensor history entries
2026-05-20 11:49:11,316 INFO [backend.app.api.routes.cloud] [58c78872] get_filament_info called with 2 IDs: ['GFA01', 'GFL99']
2026-05-20 11:49:11,322 INFO [uvicorn.access] [-] [IP]:56546 - "POST /api/v1/cloud/filament-info HTTP/1.1" 200
2026-05-20 11:49:11,619 INFO [backend.app.services.firmware_check] [f7fd9b00] Got Bambu Lab build ID: DGVvLxp_mb7yePrzlGQYu
2026-05-20 11:49:36,676 INFO [backend.app.main] [-] Recorded 1 AMS sensor history entries
2026-05-20 11:53:04,718 INFO [backend.app.api.routes.support] [62563590] Log level changed to DEBUG
2026-05-20 11:53:04,718 INFO [backend.app.api.routes.bug_report] [62563590] Bug report: enabled debug logging
2026-05-20 11:53:04,719 DEBUG [backend.app.services.bambu_mqtt] [62563590] [[SERIAL]] Requesting status update (pushall)
2026-05-20 11:53:04,720 INFO [uvicorn.access] [-] [IP]:46168 - "POST /api/v1/bug-report/start-logging HTTP/1.1" 200
2026-05-20 11:53:05,577 DEBUG [backend.app.services.bambu_mqtt] [-] [[SERIAL]] Received gcode_state: IDLE, gcode_file: AM4xS_v2_AMS_SLIDING_Stacking_System_A_-_Mid_-_Right.3mf, subtask_name: AM4xS_v2_AMS_SLIDING_Stacking_System_A_-_Mid_-_Right
2026-05-20 11:53:05,578 DEBUG [backend.app.services.bambu_mqtt] [-] [[SERIAL]] AMS dict fields: {'ams_exist_bits': '1', 'tray_exist_bits': '6', 'tray_is_bbl_bits': '6', 'tray_tar': '255', 'tray_now': '2', 'tray_pre': '2', 'tray_read_done_bits': '6', 'tray_reading_bits': '0', 'version': 90, 'insert_flag': True, 'power_on_flag': False}
2026-05-20 11:53:05,579 DEBUG [backend.app.services.bambu_mqtt] [-] [[SERIAL]] tray_now updated: 2
2026-05-20 11:53:05,580 DEBUG [backend.app.services.bambu_mqtt] [-] [[SERIAL]] Merged AMS data: 1 new units, 1 total
2026-05-20 11:53:05,581 DEBUG [backend.app.services.bambu_mqtt] [-] [[SERIAL]] ams_status: 0 (main=0, sub=0)
2026-05-20 11:53:05,582 DEBUG [backend.app.services.bambu_mqtt] [-] [[SERIAL]] Received command response: push_status
2026-05-20 11:53:05,582 DEBUG [backend.app.services.bambu_mqtt] [-] [[SERIAL]] chamber_temper raw value: 5.0
2026-05-20 11:53:05,583 DEBUG [backend.app.services.bambu_mqtt] [-] [[SERIAL]] chamber_temper direct value: 5.0°C (heater OFF)
2026-05-20 11:53:05,584 DEBUG [backend.app.services.bambu_mqtt] [-] [[SERIAL]] Chamber heating calculated: target=0.0, current=5.0, heating=False, respect_local=False
2026-05-20 11:53:05,585 DEBUG [backend.app.services.bambu_mqtt] [-] [[SERIAL]] Chamber temp updated to: 5.0, target: 0.0, heating: False
2026-05-20 11:53:05,586 DEBUG [backend.app.services.bambu_mqtt] [-] [[SERIAL]] HMS data received: []
2026-05-20 11:53:05,587 DEBUG [backend.app.services.bambu_mqtt] [-] [[SERIAL]] print_error: 83935248 (0x0500c010) -> short_code=0500_C010
2026-05-20 11:53:05,588 DEBUG [backend.app.services.bambu_mqtt] [-] [[SERIAL]] ipcam field: {'ipcam_dev': '1', 'ipcam_record': 'enable', 'timelapse': 'disable', 'resolution': '', 'tutk_server': 'disable', 'mode_bits': 3}
2026-05-20 11:53:05,589 DEBUG [backend.app.services.bambu_mqtt] [-] [[SERIAL]] wifi_signal received: -51dBm
2026-05-20 11:53:05,590 DEBUG [backend.app.services.bambu_mqtt] [-] [[SERIAL]] lights_report: [{'node': 'chamber_light', 'mode': 'on'}]
2026-05-20 11:53:05,591 DEBUG [backend.app.services.bambu_mqtt] [-] [[SERIAL]] gcode_state: IDLE -> IDLE, file: AM4xS_v2_AMS_SLIDING_Stacking_System_A_-_Mid_-_Right.3mf, subtask: AM4xS_v2_AMS_SLIDING_Stacking_System_A_-_Mid_-_Right
2026-05-20 11:53:09,247 INFO [backend.app.services.bambu_mqtt] [f7bd29d6] [[SERIAL]] Sent clear HMS errors command
2026-05-20 11:53:09,247 INFO [uvicorn.access] [-] [IP]:46168 - "POST /api/v1/printers/1/hms/clear HTTP/1.1" 200
2026-05-20 11:53:09,261 DEBUG [backend.app.services.bambu_mqtt] [-] [[SERIAL]] Received command response: clean_print_error
2026-05-20 11:53:11,351 DEBUG [backend.app.api.routes.printers] [3b04c59a] API returning ams_mapping: [], ams_extruder_map: {}
2026-05-20 11:53:11,351 DEBUG [backend.app.api.routes.printers] [3b04c59a] Using tray_now directly as global ID: 2
2026-05-20 11:53:11,592 DEBUG [backend.app.services.bambu_mqtt] [-] [[SERIAL]] Received command response: push_status