2026-07-03 18:46:33,134 INFO [backend.app.services.virtual_printer.ssdp_server] [-] Sent SSDP response to [IP] for '[PRINTER]' (Location=[IP], USN=20P90A391800001)
2026-07-03 18:46:34,524 INFO [backend.app.services.camera] [-] Capturing camera frame bytes from [IP] using RTSP (model: X2D)
2026-07-03 18:46:37,379 INFO [backend.app.services.camera] [-] Successfully captured camera frame bytes: 173337 bytes
2026-07-03 18:46:38,272 INFO [backend.app.services.virtual_printer.ssdp_server] [-] Sent SSDP response to [IP] for '[PRINTER]' (Location=[IP], USN=20P90A391800001)
2026-07-03 18:46:43,219 INFO [backend.app.services.virtual_printer.ssdp_server] [-] Sent SSDP response to [IP] for '[PRINTER]' (Location=[IP], USN=20P90A391800001)
2026-07-03 18:46:48,248 INFO [backend.app.services.virtual_printer.ssdp_server] [-] Sent SSDP response to [IP] for '[PRINTER]' (Location=[IP], USN=20P90A391800001)
2026-07-03 18:46:52,793 INFO [backend.app.services.camera] [-] Capturing camera frame bytes from [IP] using RTSP (model: X2D)
2026-07-03 18:46:53,375 INFO [backend.app.services.virtual_printer.ssdp_server] [-] Sent SSDP response to [IP] for '[PRINTER]' (Location=[IP], USN=20P90A391800001)
2026-07-03 18:46:55,534 INFO [backend.app.services.camera] [-] Successfully captured camera frame bytes: 179283 bytes
2026-07-03 18:46:58,423 INFO [backend.app.services.virtual_printer.ssdp_server] [-] Sent SSDP response to [IP] for '[PRINTER]' (Location=[IP], USN=20P90A391800001)
2026-07-03 18:47:02,256 INFO [backend.app.services.virtual_printer.mqtt_server] [-] [[PRINTER]] 1Hz status push: 60 pushes/min to [IP]:48826
2026-07-03 18:47:03,659 INFO [backend.app.services.virtual_printer.ssdp_server] [-] Sent SSDP response to [IP] for '[PRINTER]' (Location=[IP], USN=20P90A391800001)
2026-07-03 18:47:08,685 INFO [backend.app.services.virtual_printer.ssdp_server] [-] Sent SSDP response to [IP] for '[PRINTER]' (Location=[IP], USN=20P90A391800001)
2026-07-03 18:47:10,134 INFO [backend.app.services.camera] [-] Capturing camera frame bytes from [IP] using RTSP (model: X2D)
2026-07-03 18:47:12,942 INFO [backend.app.services.camera] [-] Successfully captured camera frame bytes: 181631 bytes
2026-07-03 18:47:13,819 INFO [backend.app.services.virtual_printer.ssdp_server] [-] Sent SSDP response to [IP] for '[PRINTER]' (Location=[IP], USN=20P90A391800001)
2026-07-03 18:47:19,251 INFO [backend.app.services.virtual_printer.ssdp_server] [-] Sent SSDP response to [IP] for '[PRINTER]' (Location=[IP], USN=20P90A391800001)
2026-07-03 18:47:24,376 INFO [backend.app.services.virtual_printer.ssdp_server] [-] Sent SSDP response to [IP] for '[PRINTER]' (Location=[IP], USN=20P90A391800001)
2026-07-03 18:47:27,752 INFO [backend.app.services.camera] [-] Capturing camera frame bytes from [IP] using RTSP (model: X2D)
2026-07-03 18:47:29,406 INFO [backend.app.services.virtual_printer.ssdp_server] [-] Sent SSDP response to [IP] for '[PRINTER]' (Location=[IP], USN=20P90A391800001)
2026-07-03 18:47:30,587 INFO [backend.app.services.camera] [-] Successfully captured camera frame bytes: 178140 bytes
2026-07-03 18:47:34,742 INFO [backend.app.services.virtual_printer.ssdp_server] [-] Sent SSDP response to [IP] for '[PRINTER]' (Location=[IP], USN=20P90A391800001)
2026-07-03 18:47:39,880 INFO [backend.app.services.virtual_printer.ssdp_server] [-] Sent SSDP response to [IP] for '[PRINTER]' (Location=[IP], USN=20P90A391800001)
2026-07-03 18:47:44,814 INFO [backend.app.services.virtual_printer.ssdp_server] [-] Sent SSDP response to [IP] for '[PRINTER]' (Location=[IP], USN=20P90A391800001)
2026-07-03 18:47:45,152 INFO [backend.app.services.camera] [-] Capturing camera frame bytes from [IP] using RTSP (model: X2D)
2026-07-03 18:47:48,030 INFO [backend.app.services.camera] [-] Successfully captured camera frame bytes: 176121 bytes
2026-07-03 18:47:49,863 INFO [backend.app.services.virtual_printer.ssdp_server] [-] Sent SSDP response to [IP] for '[PRINTER]' (Location=[IP], USN=20P90A391800001)
2026-07-03 18:47:54,888 INFO [backend.app.services.virtual_printer.ssdp_server] [-] Sent SSDP response to [IP] for '[PRINTER]' (Location=[IP], USN=20P90A391800001)
2026-07-03 18:48:00,416 INFO [backend.app.services.virtual_printer.ssdp_server] [-] Sent SSDP response to [IP] for '[PRINTER]' (Location=[IP], USN=20P90A391800001)
2026-07-03 18:48:02,370 INFO [backend.app.services.virtual_printer.mqtt_server] [-] [[PRINTER]] 1Hz status push: 60 pushes/min to [IP]:48826
2026-07-03 18:48:02,519 INFO [backend.app.services.camera] [-] Capturing camera frame bytes from [IP] using RTSP (model: X2D)
2026-07-03 18:48:05,321 INFO [backend.app.services.camera] [-] Successfully captured camera frame bytes: 184522 bytes
2026-07-03 18:48:05,749 INFO [backend.app.services.virtual_printer.ssdp_server] [-] Sent SSDP response to [IP] for '[PRINTER]' (Location=[IP], USN=20P90A391800001)
2026-07-03 18:48:10,679 INFO [backend.app.services.virtual_printer.ssdp_server] [-] Sent SSDP response to [IP] for '[PRINTER]' (Location=[IP], USN=20P90A391800001)
2026-07-03 18:48:15,811 INFO [backend.app.services.virtual_printer.ssdp_server] [-] Sent SSDP response to [IP] for '[PRINTER]' (Location=[IP], USN=20P90A391800001)
2026-07-03 18:48:19,933 INFO [backend.app.services.camera] [-] Capturing camera frame bytes from [IP] using RTSP (model: X2D)
2026-07-03 18:48:21,136 INFO [backend.app.services.virtual_printer.ssdp_server] [-] Sent SSDP response to [IP] for '[PRINTER]' (Location=[IP], USN=20P90A391800001)
2026-07-03 18:48:22,762 INFO [backend.app.services.camera] [-] Successfully captured camera frame bytes: 183374 bytes
2026-07-03 18:48:26,177 INFO [backend.app.services.virtual_printer.ssdp_server] [-] Sent SSDP response to [IP] for '[PRINTER]' (Location=[IP], USN=20P90A391800001)
2026-07-03 18:48:31,207 INFO [backend.app.services.virtual_printer.ssdp_server] [-] Sent SSDP response to [IP] for '[PRINTER]' (Location=[IP], USN=20P90A391800001)
2026-07-03 18:48:36,532 INFO [backend.app.services.virtual_printer.ssdp_server] [-] Sent SSDP response to [IP] for '[PRINTER]' (Location=[IP], USN=20P90A391800001)
2026-07-03 18:48:37,830 INFO [backend.app.services.camera] [-] Capturing camera frame bytes from [IP] using RTSP (model: X2D)
2026-07-03 18:48:40,631 INFO [backend.app.services.camera] [-] Successfully captured camera frame bytes: 179591 bytes
2026-07-03 18:48:41,561 INFO [backend.app.services.virtual_printer.ssdp_server] [-] Sent SSDP response to [IP] for '[PRINTER]' (Location=[IP], USN=20P90A391800001)
2026-07-03 18:48:46,594 INFO [backend.app.services.virtual_printer.ssdp_server] [-] Sent SSDP response to [IP] for '[PRINTER]' (Location=[IP], USN=20P90A391800001)
2026-07-03 18:48:51,726 INFO [backend.app.services.virtual_printer.ssdp_server] [-] Sent SSDP response to [IP] for '[PRINTER]' (Location=[IP], USN=20P90A391800001)
2026-07-03 18:48:55,487 INFO [backend.app.services.camera] [-] Capturing camera frame bytes from [IP] using RTSP (model: X2D)
2026-07-03 18:48:57,157 INFO [backend.app.services.virtual_printer.ssdp_server] [-] Sent SSDP response to [IP] for '[PRINTER]' (Location=[IP], USN=20P90A391800001)
2026-07-03 18:48:58,245 INFO [backend.app.services.camera] [-] Successfully captured camera frame bytes: 187431 bytes
2026-07-03 18:49:02,292 INFO [backend.app.services.virtual_printer.ssdp_server] [-] Sent SSDP response to [IP] for '[PRINTER]' (Location=[IP], USN=20P90A391800001)
2026-07-03 18:49:02,489 INFO [backend.app.services.virtual_printer.mqtt_server] [-] [[PRINTER]] 1Hz status push: 60 pushes/min to [IP]:48826
2026-07-03 18:49:07,522 INFO [backend.app.services.virtual_printer.ssdp_server] [-] Sent SSDP response to [IP] for '[PRINTER]' (Location=[IP], USN=20P90A391800001)
2026-07-03 18:49:12,651 INFO [backend.app.services.virtual_printer.ssdp_server] [-] Sent SSDP response to [IP] for '[PRINTER]' (Location=[IP], USN=20P90A391800001)
2026-07-03 18:49:12,871 INFO [backend.app.services.camera] [-] Capturing camera frame bytes from [IP] using RTSP (model: X2D)
2026-07-03 18:49:15,654 INFO [backend.app.services.camera] [-] Successfully captured camera frame bytes: 188384 bytes
2026-07-03 18:49:17,682 INFO [backend.app.services.virtual_printer.ssdp_server] [-] Sent SSDP response to [IP] for '[PRINTER]' (Location=[IP], USN=20P90A391800001)
2026-07-03 18:49:22,718 INFO [backend.app.services.virtual_printer.ssdp_server] [-] Sent SSDP response to [IP] for '[PRINTER]' (Location=[IP], USN=20P90A391800001)
2026-07-03 18:49:28,144 INFO [backend.app.services.virtual_printer.ssdp_server] [-] Sent SSDP response to [IP] for '[PRINTER]' (Location=[IP], USN=20P90A391800001)
2026-07-03 18:49:30,276 INFO [backend.app.services.camera] [-] Capturing camera frame bytes from [IP] using RTSP (model: X2D)
2026-07-03 18:49:33,144 INFO [backend.app.services.camera] [-] Successfully captured camera frame bytes: 179199 bytes
2026-07-03 18:49:33,592 INFO [backend.app.services.virtual_printer.ssdp_server] [-] Sent SSDP response to [IP] for '[PRINTER]' (Location=[IP], USN=20P90A391800001)
2026-07-03 18:49:38,730 INFO [backend.app.services.virtual_printer.ssdp_server] [-] Sent SSDP response to [IP] for '[PRINTER]' (Location=[IP], USN=20P90A391800001)
2026-07-03 18:49:43,756 INFO [backend.app.services.virtual_printer.ssdp_server] [-] Sent SSDP response to [IP] for '[PRINTER]' (Location=[IP], USN=20P90A391800001)
2026-07-03 18:49:47,856 INFO [backend.app.services.camera] [-] Capturing camera frame bytes from [IP] using RTSP (model: X2D)
2026-07-03 18:49:48,789 INFO [backend.app.services.virtual_printer.ssdp_server] [-] Sent SSDP response to [IP] for '[PRINTER]' (Location=[IP], USN=20P90A391800001)
2026-07-03 18:49:50,708 INFO [backend.app.services.camera] [-] Successfully captured camera frame bytes: 191996 bytes
2026-07-03 18:49:53,829 INFO [backend.app.services.virtual_printer.ssdp_server] [-] Sent SSDP response to [IP] for '[PRINTER]' (Location=[IP], USN=20P90A391800001)
2026-07-03 18:49:55,135 INFO [backend.app.main] [-] Recorded 1 AMS sensor history entries
2026-07-03 18:49:58,755 INFO [backend.app.services.virtual_printer.ssdp_server] [-] Sent SSDP response to [IP] for '[PRINTER]' (Location=[IP], USN=20P90A391800001)
2026-07-03 18:50:02,603 INFO [backend.app.services.virtual_printer.mqtt_server] [-] [[PRINTER]] 1Hz status push: 60 pushes/min to [IP]:48826
2026-07-03 18:50:04,184 INFO [backend.app.services.virtual_printer.ssdp_server] [-] Sent SSDP response to [IP] for '[PRINTER]' (Location=[IP], USN=20P90A391800001)
2026-07-03 18:50:05,366 INFO [backend.app.services.camera] [-] Capturing camera frame bytes from [IP] using RTSP (model: X2D)
2026-07-03 18:50:08,202 INFO [backend.app.services.camera] [-] Successfully captured camera frame bytes: 187432 bytes
2026-07-03 18:50:09,322 INFO [backend.app.services.virtual_printer.ssdp_server] [-] Sent SSDP response to [IP] for '[PRINTER]' (Location=[IP], USN=20P90A391800001)
2026-07-03 18:50:14,359 INFO [backend.app.services.virtual_printer.ssdp_server] [-] Sent SSDP response to [IP] for '[PRINTER]' (Location=[IP], USN=20P90A391800001)
2026-07-03 18:50:19,386 INFO [backend.app.services.virtual_printer.ssdp_server] [-] Sent SSDP response to [IP] for '[PRINTER]' (Location=[IP], USN=20P90A391800001)
2026-07-03 18:50:23,026 INFO [backend.app.services.camera] [-] Capturing camera frame bytes from [IP] using RTSP (model: X2D)
2026-07-03 18:50:24,411 INFO [backend.app.services.virtual_printer.ssdp_server] [-] Sent SSDP response to [IP] for '[PRINTER]' (Location=[IP], USN=20P90A391800001)
2026-07-03 18:50:25,893 INFO [backend.app.services.camera] [-] Successfully captured camera frame bytes: 185015 bytes
2026-07-03 18:50:29,448 INFO [backend.app.services.virtual_printer.ssdp_server] [-] Sent SSDP response to [IP] for '[PRINTER]' (Location=[IP], USN=20P90A391800001)
2026-07-03 18:50:34,778 INFO [backend.app.services.virtual_printer.ssdp_server] [-] Sent SSDP response to [IP] for '[PRINTER]' (Location=[IP], USN=20P90A391800001)
2026-07-03 18:50:39,802 INFO [backend.app.services.virtual_printer.ssdp_server] [-] Sent SSDP response to [IP] for '[PRINTER]' (Location=[IP], USN=20P90A391800001)
2026-07-03 18:50:40,577 INFO [backend.app.services.camera] [-] Capturing camera frame bytes from [IP] using RTSP (model: X2D)
2026-07-03 18:50:43,340 INFO [backend.app.services.camera] [-] Successfully captured camera frame bytes: 190878 bytes
2026-07-03 18:50:44,833 INFO [backend.app.services.virtual_printer.ssdp_server] [-] Sent SSDP response to [IP] for '[PRINTER]' (Location=[IP], USN=20P90A391800001)
2026-07-03 18:50:49,874 INFO [backend.app.services.virtual_printer.ssdp_server] [-] Sent SSDP response to [IP] for '[PRINTER]' (Location=[IP], USN=20P90A391800001)
2026-07-03 18:50:55,007 INFO [backend.app.services.virtual_printer.ssdp_server] [-] Sent SSDP response to [IP] for '[PRINTER]' (Location=[IP], USN=20P90A391800001)
2026-07-03 18:50:58,169 INFO [backend.app.services.camera] [-] Capturing camera frame bytes from [IP] using RTSP (model: X2D)
2026-07-03 18:51:00,032 INFO [backend.app.services.virtual_printer.ssdp_server] [-] Sent SSDP response to [IP] for '[PRINTER]' (Location=[IP], USN=20P90A391800001)
2026-07-03 18:51:00,946 INFO [backend.app.services.camera] [-] Successfully captured camera frame bytes: 181526 bytes
2026-07-03 18:51:02,727 INFO [backend.app.services.virtual_printer.mqtt_server] [-] [[PRINTER]] 1Hz status push: 60 pushes/min to [IP]:48826
2026-07-03 18:51:05,567 INFO [backend.app.services.virtual_printer.ssdp_server] [-] Sent SSDP response to [IP] for '[PRINTER]' (Location=[IP], USN=20P90A391800001)
2026-07-03 18:51:10,590 INFO [backend.app.services.virtual_printer.ssdp_server] [-] Sent SSDP response to [IP] for '[PRINTER]' (Location=[IP], USN=20P90A391800001)
2026-07-03 18:51:13,660 INFO [backend.app.services.virtual_printer.mqtt_server] [-] MQTT publish to device/20P90A391800001/request: {"pushing":{"command":"pushall","push_target":1,"sequence_id":"20042","version":1}}...
2026-07-03 18:51:13,660 INFO [backend.app.services.virtual_printer.mqtt_server] [-] MQTT pushing command: pushall
2026-07-03 18:51:13,660 INFO [backend.app.services.virtual_printer.mqtt_server] [-] Sending status report in response to pushall
2026-07-03 18:51:15,621 INFO [backend.app.services.virtual_printer.ssdp_server] [-] Sent SSDP response to [IP] for '[PRINTER]' (Location=[IP], USN=20P90A391800001)
2026-07-03 18:51:15,716 INFO [backend.app.services.camera] [-] Capturing camera frame bytes from [IP] using RTSP (model: X2D)
2026-07-03 18:51:18,498 INFO [backend.app.services.camera] [-] Successfully captured camera frame bytes: 176551 bytes
2026-07-03 18:51:20,651 INFO [backend.app.services.virtual_printer.ssdp_server] [-] Sent SSDP response to [IP] for '[PRINTER]' (Location=[IP], USN=20P90A391800001)
2026-07-03 18:51:25,549 INFO [backend.app.services.virtual_printer.ssdp_server] [-] Sent SSDP response to [IP] for '[PRINTER]' (Location=[IP], USN=20P90A391800001)
2026-07-03 18:51:30,782 INFO [backend.app.services.virtual_printer.ssdp_server] [-] Sent SSDP response to [IP] for '[PRINTER]' (Location=[IP], USN=20P90A391800001)
2026-07-03 18:51:33,339 INFO [backend.app.services.camera] [-] Capturing camera frame bytes from [IP] using RTSP (model: X2D)
2026-07-03 18:51:36,013 INFO [backend.app.services.virtual_printer.ssdp_server] [-] Sent SSDP response to [IP] for '[PRINTER]' (Location=[IP], USN=20P90A391800001)
2026-07-03 18:51:36,201 INFO [backend.app.services.camera] [-] Successfully captured camera frame bytes: 175944 bytes
2026-07-03 18:51:41,141 INFO [backend.app.services.virtual_printer.ssdp_server] [-] Sent SSDP response to [IP] for '[PRINTER]' (Location=[IP], USN=20P90A391800001)
2026-07-03 18:51:44,003 INFO [backend.app.api.routes.support] [3abf2780] Log level changed to DEBUG
2026-07-03 18:51:44,003 INFO [backend.app.api.routes.bug_report] [3abf2780] Bug report: enabled debug logging
2026-07-03 18:51:44,004 DEBUG [backend.app.services.bambu_mqtt] [3abf2780] [[SERIAL]] Requesting status update (pushall)
2026-07-03 18:51:44,006 INFO [uvicorn.access] [-] [IP]:0 - "POST /api/v1/bug-report/start-logging HTTP/1.1" 200
2026-07-03 18:51:45,128 DEBUG [backend.app.services.bambu_mqtt] [-] [[SERIAL]] Found xcam inside print data: {'allow_skip_parts': False, 'buildplate_marker_detector': True, 'cfg': 8089015, 'first_layer_inspector': True, 'halt_print_sensitivity': 'medium', 'print_halt': True, 'printing_monitor': True, 'spaghetti_detector': True}
2026-07-03 18:51:45,128 DEBUG [backend.app.services.bambu_mqtt] [-] [[SERIAL]] Parsing xcam data - all fields: ['allow_skip_parts', 'buildplate_marker_detector', 'cfg', 'first_layer_inspector', 'halt_print_sensitivity', 'print_halt', 'printing_monitor', 'spaghetti_detector']
2026-07-03 18:51:45,128 DEBUG [backend.app.services.bambu_mqtt] [-] [[SERIAL]] xcam cfg bitmask: 8089015 (binary: 0b11110110110110110110111)
2026-07-03 18:51:45,128 DEBUG [backend.app.services.bambu_mqtt] [-] [[SERIAL]] Received gcode_state: RUNNING, gcode_file: /data/Metadata/plate_1.gcode, subtask_name: Caixa_rugeritzada_v3_(mes_espai_per_lectors_USB)(2)_plate_1
2026-07-03 18:51:45,128 DEBUG [backend.app.services.bambu_mqtt] [-] [[SERIAL]] AMS dict fields: {'ams_exist_bits': '1', 'ams_exist_bits_raw': '1', 'cali_id': 255, 'cali_stat': 0, 'cfs': [2, 5, 7], 'insert_flag': True, 'power_on_flag': False, 'tray_exist_bits': 'f', 'tray_hall_out_bits': '8', 'tray_is_bbl_bits': 'f', 'tray_now': '3', 'tray_pre': '3', 'tray_read_done_bits': 'f', 'tray_reading_bits': '0', 'tray_tar': '3', 'unbind_ams_stat': 0, 'version': 132}
2026-07-03 18:51:45,128 DEBUG [backend.app.services.bambu_mqtt] [-] [[SERIAL]] tray_now updated: 3
2026-07-03 18:51:45,128 DEBUG [backend.app.services.bambu_mqtt] [-] [[SERIAL]] Merged AMS data: 1 new units, 1 total
2026-07-03 18:51:45,128 DEBUG [backend.app.services.bambu_mqtt] [-] [[SERIAL]] AMS 0 info=0x11001103 -> extruder 1
2026-07-03 18:51:45,128 DEBUG [backend.app.services.bambu_mqtt] [-] [[SERIAL]] ams_extruder_map: {'0': 1}
2026-07-03 18:51:45,129 DEBUG [backend.app.services.bambu_mqtt] [-] [[SERIAL]] ams_status: 768 (main=3, sub=0)
2026-07-03 18:51:45,129 DEBUG [backend.app.services.bambu_mqtt] [-] [[SERIAL]] Received command response: push_status
2026-07-03 18:51:45,129 DEBUG [backend.app.services.bambu_mqtt] [-] [[SERIAL]] device.extruder.state=33042 (switch_state bits 12-14: 0)
2026-07-03 18:51:45,129 DEBUG [backend.app.services.bambu_mqtt] [-] [[SERIAL]] info.temp direct: 39°C (heater OFF)
2026-07-03 18:51:45,129 DEBUG [backend.app.services.bambu_mqtt] [-] [[SERIAL]] ctc_info keys: ['temp']
2026-07-03 18:51:45,129 DEBUG [backend.app.services.bambu_mqtt] [-] [[SERIAL]] Chamber heating calculated: target=0.0, current=39.0, heating=False, respect_local=False
2026-07-03 18:51:45,129 DEBUG [backend.app.services.bambu_mqtt] [-] [[SERIAL]] Chamber temp updated to: 39.0, target: 0.0, heating: False
2026-07-03 18:51:45,129 DEBUG [backend.app.services.bambu_mqtt] [-] [[SERIAL]] HMS data received: [{'attr': 83887616, 'code': 131184, 'ts_boot': 28636, 'ts_unix': '20260528075947'}]
2026-07-03 18:51:45,129 DEBUG [backend.app.services.bambu_mqtt] [-] [[SERIAL]] ipcam field: {'agora_service': 'disable', 'brtc_service': 'enable', 'bs_state': 0, 'cap_pic_enable': 'invalid', 'ipcam_dev': '1', 'ipcam_record': 'enable', 'laser_preview_res': 7, 'liveview_preview': True, 'mode_bits': 2, 'resolution': '1080p', 'rtsp_url': 'rtsps://[IP]:322/streaming/live/1', 'timelapse': 'disable', 'tl_external_free_kb': 1873600, 'tl_external_total_kb': 15631424, 'tl_internal_free_kb': 935728, 'tl_internal_total_kb': 962560, 'tl_store_hpd_type': 2, 'tl_store_path_type': 2, 'tutk_server': 'disable'}
2026-07-03 18:51:45,129 DEBUG [backend.app.services.bambu_mqtt] [-] [[SERIAL]] wifi_signal received: -50dBm
2026-07-03 18:51:45,130 DEBUG [backend.app.services.bambu_mqtt] [-] [[SERIAL]] lights_report: [{'mode': 'on', 'node': 'chamber_light'}, {'mode': 'flashing', 'node': 'work_light'}]
2026-07-03 18:51:45,130 DEBUG [backend.app.services.bambu_mqtt] [-] [[SERIAL]] MQTT mapping field: [65535, 65535, 65535, 3]
2026-07-03 18:51:45,130 DEBUG [backend.app.services.bambu_mqtt] [-] [[SERIAL]] gcode_state: RUNNING -> RUNNING, file: /data/Metadata/plate_1.gcode, subtask: Caixa_rugeritzada_v3_(mes_espai_per_lectors_USB)(2)_plate_1
2026-07-03 18:51:46,158 DEBUG [backend.app.services.bambu_mqtt] [-] [[SERIAL]] Found xcam inside print data: {'allow_skip_parts': False, 'buildplate_marker_detector': True, 'cfg': 8089015, 'first_layer_inspector': True, 'halt_print_sensitivity': 'medium', 'print_halt': True, 'printing_monitor': True, 'spaghetti_detector': True}
2026-07-03 18:51:46,158 DEBUG [backend.app.services.bambu_mqtt] [-] [[SERIAL]] Parsing xcam data - all fields: ['allow_skip_parts', 'buildplate_marker_detector', 'cfg', 'first_layer_inspector', 'halt_print_sensitivity', 'print_halt', 'printing_monitor', 'spaghetti_detector']
2026-07-03 18:51:46,158 DEBUG [backend.app.services.bambu_mqtt] [-] [[SERIAL]] xcam cfg bitmask: 8089015 (binary: 0b11110110110110110110111)
2026-07-03 18:51:46,159 DEBUG [backend.app.services.bambu_mqtt] [-] [[SERIAL]] Received gcode_state: RUNNING, gcode_file: /data/Metadata/plate_1.gcode, subtask_name: Caixa_rugeritzada_v3_(mes_espai_per_lectors_USB)(2)_plate_1
2026-07-03 18:51:46,159 DEBUG [backend.app.services.bambu_mqtt] [-] [[SERIAL]] AMS dict fields: {'ams_exist_bits': '1', 'ams_exist_bits_raw': '1', 'cali_id': 255, 'cali_stat': 0, 'cfs': [2, 5, 7], 'insert_flag': True, 'power_on_flag': False, 'tray_exist_bits': 'f', 'tray_hall_out_bits': '8', 'tray_is_bbl_bits': 'f', 'tray_now': '3', 'tray_pre': '3', 'tray_read_done_bits': 'f', 'tray_reading_bits': '0', 'tray_tar': '3', 'unbind_ams_stat': 0, 'version': 132}
2026-07-03 18:51:46,159 DEBUG [backend.app.services.bambu_mqtt] [-] [[SERIAL]] tray_now updated: 3
2026-07-03 18:51:46,159 DEBUG [backend.app.services.bambu_mqtt] [-] [[SERIAL]] Merged AMS data: 1 new units, 1 total
2026-07-03 18:51:46,159 DEBUG [backend.app.services.bambu_mqtt] [-] [[SERIAL]] AMS 0 info=0x11001103 -> extruder 1
2026-07-03 18:51:46,159 DEBUG [backend.app.services.bambu_mqtt] [-] [[SERIAL]] ams_extruder_map: {'0': 1}
2026-07-03 18:51:46,159 DEBUG [backend.app.services.bambu_mqtt] [-] [[SERIAL]] ams_status: 768 (main=3, sub=0)
2026-07-03 18:51:46,159 DEBUG [backend.app.services.bambu_mqtt] [-] [[SERIAL]] Received command response: push_status
2026-07-03 18:51:46,159 DEBUG [backend.app.services.bambu_mqtt] [-] [[SERIAL]] device.extruder.state=33042 (switch_state bits 12-14: 0)
2026-07-03 18:51:46,159 DEBUG [backend.app.services.bambu_mqtt] [-] [[SERIAL]] info.temp direct: 39°C (heater OFF)
2026-07-03 18:51:46,159 DEBUG [backend.app.services.bambu_mqtt] [-] [[SERIAL]] ctc_info keys: ['temp']
2026-07-03 18:51:46,160 DEBUG [backend.app.services.bambu_mqtt] [-] [[SERIAL]] Chamber heating calculated: target=0.0, current=39.0, heating=False, respect_local=False
2026-07-03 18:51:46,160 DEBUG [backend.app.services.bambu_mqtt] [-] [[SERIAL]] Chamber temp updated to: 39.0, target: 0.0, heating: False
2026-07-03 18:51:46,160 DEBUG [backend.app.services.bambu_mqtt] [-] [[SERIAL]] HMS data received: [{'attr': 83887616, 'code': 131184, 'ts_boot': 28636, 'ts_unix': '20260528075947'}]
2026-07-03 18:51:46,160 DEBUG [backend.app.services.bambu_mqtt] [-] [[SERIAL]] ipcam field: {'agora_service': 'disable', 'brtc_service': 'enable', 'bs_state': 0, 'cap_pic_enable': 'invalid', 'ipcam_dev': '1', 'ipcam_record': 'enable', 'laser_preview_res': 7, 'liveview_preview': True, 'mode_bits': 2, 'resolution': '1080p', 'rtsp_url': 'rtsps://[IP]:322/streaming/live/1', 'timelapse': 'disable', 'tl_external_free_kb': 1873600, 'tl_external_total_kb': 15631424, 'tl_internal_free_kb': 935728, 'tl_internal_total_kb': 962560, 'tl_store_hpd_type': 2, 'tl_store_path_type': 2, 'tutk_server': 'disable'}
2026-07-03 18:51:46,160 DEBUG [backend.app.services.bambu_mqtt] [-] [[SERIAL]] wifi_signal received: -50dBm
2026-07-03 18:51:46,160 DEBUG [backend.app.services.bambu_mqtt] [-] [[SERIAL]] lights_report: [{'mode': 'on', 'node': 'chamber_light'}, {'mode': 'flashing', 'node': 'work_light'}]
2026-07-03 18:51:46,161 DEBUG [backend.app.services.bambu_mqtt] [-] [[SERIAL]] MQTT mapping field: [65535, 65535, 65535, 3]
2026-07-03 18:51:46,161 DEBUG [backend.app.services.bambu_mqtt] [-] [[SERIAL]] gcode_state: RUNNING -> RUNNING, file: /data/Metadata/plate_1.gcode, subtask: Caixa_rugeritzada_v3_(mes_espai_per_lectors_USB)(2)_plate_1
2026-07-03 18:51:46,176 DEBUG [backend.app.services.virtual_printer.ssdp_server] [-] Received M-SEARCH from [IP]
2026-07-03 18:51:46,176 INFO [backend.app.services.virtual_printer.ssdp_server] [-] Sent SSDP response to [IP] for '[PRINTER]' (Location=[IP], USN=20P90A391800001)
2026-07-03 18:51:47,212 DEBUG [backend.app.services.bambu_mqtt] [-] [[SERIAL]] Found xcam inside print data: {'allow_skip_parts': False, 'buildplate_marker_detector': True, 'cfg': 8089015, 'first_layer_inspector': True, 'halt_print_sensitivity': 'medium', 'print_halt': True, 'printing_monitor': True, 'spaghetti_detector': True}
2026-07-03 18:51:47,212 DEBUG [backend.app.services.bambu_mqtt] [-] [[SERIAL]] Parsing xcam data - all fields: ['allow_skip_parts', 'buildplate_marker_detector', 'cfg', 'first_layer_inspector', 'halt_print_sensitivity', 'print_halt', 'printing_monitor', 'spaghetti_detector']
2026-07-03 18:51:47,212 DEBUG [backend.app.services.bambu_mqtt] [-] [[SERIAL]] xcam cfg bitmask: 8089015 (binary: 0b11110110110110110110111)
2026-07-03 18:51:47,212 DEBUG [backend.app.services.bambu_mqtt] [-] [[SERIAL]] Received gcode_state: RUNNING, gcode_file: /data/Metadata/plate_1.gcode, subtask_name: Caixa_rugeritzada_v3_(mes_espai_per_lectors_USB)(2)_plate_1
2026-07-03 18:51:47,213 DEBUG [backend.app.services.bambu_mqtt] [-] [[SERIAL]] AMS dict fields: {'ams_exist_bits': '1', 'ams_exist_bits_raw': '1', 'cali_id': 255, 'cali_stat': 0, 'cfs': [2, 5, 7], 'insert_flag': True, 'power_on_flag': False, 'tray_exist_bits': 'f', 'tray_hall_out_bits': '8', 'tray_is_bbl_bits': 'f', 'tray_now': '3', 'tray_pre': '3', 'tray_read_done_bits': 'f', 'tray_reading_bits': '0', 'tray_tar': '3', 'unbind_ams_stat': 0, 'version': 132}
2026-07-03 18:51:47,213 DEBUG [backend.app.services.bambu_mqtt] [-] [[SERIAL]] tray_now updated: 3
2026-07-03 18:51:47,213 DEBUG [backend.app.services.bambu_mqtt] [-] [[SERIAL]] Merged AMS data: 1 new units, 1 total
2026-07-03 18:51:47,213 DEBUG [backend.app.services.bambu_mqtt] [-] [[SERIAL]] AMS 0 info=0x11001103 -> extruder 1
2026-07-03 18:51:47,213 DEBUG [backend.app.services.bambu_mqtt] [-] [[SERIAL]] ams_extruder_map: {'0': 1}
2026-07-03 18:51:47,213 DEBUG [backend.app.services.bambu_mqtt] [-] [[SERIAL]] ams_status: 768 (main=3, sub=0)
2026-07-03 18:51:47,213 DEBUG [backend.app.services.bambu_mqtt] [-] [[SERIAL]] Received command response: push_status
2026-07-03 18:51:47,213 DEBUG [backend.app.services.bambu_mqtt] [-] [[SERIAL]] device.extruder.state=33042 (switch_state bits 12-14: 0)
2026-07-03 18:51:47,213 DEBUG [backend.app.services.bambu_mqtt] [-] [[SERIAL]] info.temp direct: 39°C (heater OFF)
2026-07-03 18:51:47,213 DEBUG [backend.app.services.bambu_mqtt] [-] [[SERIAL]] ctc_info keys: ['temp']
2026-07-03 18:51:47,213 DEBUG [backend.app.services.bambu_mqtt] [-] [[SERIAL]] Chamber heating calculated: target=0.0, current=39.0, heating=False, respect_local=False
2026-07-03 18:51:47,214 DEBUG [backend.app.services.bambu_mqtt] [-] [[SERIAL]] Chamber temp updated to: 39.0, target: 0.0, heating: False
2026-07-03 18:51:47,214 DEBUG [backend.app.services.bambu_mqtt] [-] [[SERIAL]] HMS data received: [{'attr': 83887616, 'code': 131184, 'ts_boot': 28636, 'ts_unix': '20260528075947'}]
2026-07-03 18:51:47,214 DEBUG [backend.app.services.bambu_mqtt] [-] [[SERIAL]] ipcam field: {'agora_service': 'disable', 'brtc_service': 'enable', 'bs_state': 0, 'cap_pic_enable': 'invalid', 'ipcam_dev': '1', 'ipcam_record': 'enable', 'laser_preview_res': 7, 'liveview_preview': True, 'mode_bits': 2, 'resolution': '1080p', 'rtsp_url': 'rtsps://[IP]:322/streaming/live/1', 'timelapse': 'disable', 'tl_external_free_kb': 1872576, 'tl_external_total_kb': 15631424, 'tl_internal_free_kb': 935728, 'tl_internal_total_kb': 962560, 'tl_store_hpd_type': 2, 'tl_store_path_type': 2, 'tutk_server': 'disable'}
2026-07-03 18:51:47,214 DEBUG [backend.app.services.bambu_mqtt] [-] [[SERIAL]] wifi_signal received: -50dBm
2026-07-03 18:51:47,214 DEBUG [backend.app.services.bambu_mqtt] [-] [[SERIAL]] lights_report: [{'mode': 'on', 'node': 'chamber_light'}, {'mode': 'flashing', 'node': 'work_light'}]
2026-07-03 18:51:47,214 DEBUG [backend.app.services.bambu_mqtt] [-] [[SERIAL]] MQTT mapping field: [65535, 65535, 65535, 3]
2026-07-03 18:51:47,214 DEBUG [backend.app.services.bambu_mqtt] [-] [[SERIAL]] gcode_state: RUNNING -> RUNNING, file: /data/Metadata/plate_1.gcode, subtask: Caixa_rugeritzada_v3_(mes_espai_per_lectors_USB)(2)_plate_1
2026-07-03 18:51:48,548 DEBUG [backend.app.services.bambu_mqtt] [-] [[SERIAL]] Found xcam inside print data: {'allow_skip_parts': False, 'buildplate_marker_detector': True, 'cfg': 8089015, 'first_layer_inspector': True, 'halt_print_sensitivity': 'medium', 'print_halt': True, 'printing_monitor': True, 'spaghetti_detector': True}
2026-07-03 18:51:48,548 DEBUG [backend.app.services.bambu_mqtt] [-] [[SERIAL]] Parsing xcam data - all fields: ['allow_skip_parts', 'buildplate_marker_detector', 'cfg', 'first_layer_inspector', 'halt_print_sensitivity', 'print_halt', 'printing_monitor', 'spaghetti_detector']
2026-07-03 18:51:48,548 DEBUG [backend.app.services.bambu_mqtt] [-] [[SERIAL]] xcam cfg bitmask: 8089015 (binary: 0b11110110110110110110111)
2026-07-03 18:51:48,548 DEBUG [backend.app.services.bambu_mqtt] [-] [[SERIAL]] Received gcode_state: RUNNING, gcode_file: /data/Metadata/plate_1.gcode, subtask_name: Caixa_rugeritzada_v3_(mes_espai_per_lectors_USB)(2)_plate_1
2026-07-03 18:51:48,548 DEBUG [backend.app.services.bambu_mqtt] [-] [[SERIAL]] AMS dict fields: {'ams_exist_bits': '1', 'ams_exist_bits_raw': '1', 'cali_id': 255, 'cali_stat': 0, 'cfs': [2, 5, 7], 'insert_flag': True, 'power_on_flag': False, 'tray_exist_bits': 'f', 'tray_hall_out_bits': '8', 'tray_is_bbl_bits': 'f', 'tray_now': '3', 'tray_pre': '3', 'tray_read_done_bits': 'f', 'tray_reading_bits': '0', 'tray_tar': '3', 'unbind_ams_stat': 0, 'version': 132}
2026-07-03 18:51:48,548 DEBUG [backend.app.services.bambu_mqtt] [-] [[SERIAL]] tray_now updated: 3
2026-07-03 18:51:48,548 DEBUG [backend.app.services.bambu_mqtt] [-] [[SERIAL]] Merged AMS data: 1 new units, 1 total
2026-07-03 18:51:48,548 DEBUG [backend.app.services.bambu_mqtt] [-] [[SERIAL]] AMS 0 info=0x11001103 -> extruder 1
2026-07-03 18:51:48,548 DEBUG [backend.app.services.bambu_mqtt] [-] [[SERIAL]] ams_extruder_map: {'0': 1}
2026-07-03 18:51:48,549 DEBUG [backend.app.services.bambu_mqtt] [-] [[SERIAL]] ams_status: 768 (main=3, sub=0)
2026-07-03 18:51:48,549 DEBUG [backend.app.services.bambu_mqtt] [-] [[SERIAL]] Received command response: push_status
2026-07-03 18:51:48,549 DEBUG [backend.app.services.bambu_mqtt] [-] [[SERIAL]] device.extruder.state=33042 (switch_state bits 12-14: 0)
2026-07-03 18:51:48,549 DEBUG [backend.app.services.bambu_mqtt] [-] [[SERIAL]] info.temp direct: 39°C (heater OFF)
2026-07-03 18:51:48,549 DEBUG [backend.app.services.bambu_mqtt] [-] [[SERIAL]] ctc_info keys: ['temp']
2026-07-03 18:51:48,549 DEBUG [backend.app.services.bambu_mqtt] [-] [[SERIAL]] Chamber heating calculated: target=0.0, current=39.0, heating=False, respect_local=False
2026-07-03 18:51:48,549 DEBUG [backend.app.services.bambu_mqtt] [-] [[SERIAL]] Chamber temp updated to: 39.0, target: 0.0, heating: False
2026-07-03 18:51:48,549 DEBUG [backend.app.services.bambu_mqtt] [-] [[SERIAL]] HMS data received: [{'attr': 83887616, 'code': 131184, 'ts_boot': 28636, 'ts_unix': '20260528075947'}]
2026-07-03 18:51:48,549 DEBUG [backend.app.services.bambu_mqtt] [-] [[SERIAL]] ipcam field: {'agora_service': 'disable', 'brtc_service': 'enable', 'bs_state': 0, 'cap_pic_enable': 'invalid', 'ipcam_dev': '1', 'ipcam_record': 'enable', 'laser_preview_res': 7, 'liveview_preview': True, 'mode_bits': 2, 'resolution': '1080p', 'rtsp_url': 'rtsps://[IP]:322/streaming/live/1', 'timelapse': 'disable', 'tl_external_free_kb': 1872576, 'tl_external_total_kb': 15631424, 'tl_internal_free_kb': 935728, 'tl_internal_total_kb': 962560, 'tl_store_hpd_type': 2, 'tl_store_path_type': 2, 'tutk_server': 'disable'}
2026-07-03 18:51:48,550 DEBUG [backend.app.services.bambu_mqtt] [-] [[SERIAL]] wifi_signal received: -50dBm
2026-07-03 18:51:48,550 DEBUG [backend.app.services.bambu_mqtt] [-] [[SERIAL]] lights_report: [{'mode': 'on', 'node': 'chamber_light'}, {'mode': 'flashing', 'node': 'work_light'}]
2026-07-03 18:51:48,550 DEBUG [backend.app.services.bambu_mqtt] [-] [[SERIAL]] MQTT mapping field: [65535, 65535, 65535, 3]
2026-07-03 18:51:48,550 DEBUG [backend.app.services.bambu_mqtt] [-] [[SERIAL]] gcode_state: RUNNING -> RUNNING, file: /data/Metadata/plate_1.gcode, subtask: Caixa_rugeritzada_v3_(mes_espai_per_lectors_USB)(2)_plate_1