2026-05-11 08:07:35,797 INFO [root] [-] Logging to file: /app/logs/bambuddy.log
2026-05-11 08:07:35,798 INFO [root] [-] Bambuddy starting - debug=False, log_level=INFO
2026-05-11 08:07:39,833 INFO [backend.app.core.encryption] [-] Generated new MFA encryption key and saved to /app/data/.mfa_encryption_key
2026-05-11 08:07:40,024 INFO [backend.app.core.database] [-] Created default group: Administrators
2026-05-11 08:07:40,025 INFO [backend.app.core.database] [-] Created default group: Operators
2026-05-11 08:07:40,026 INFO [backend.app.core.database] [-] Created default group: Viewers
2026-05-11 08:07:40,142 INFO [backend.app.core.database] [-] Seeded 91 default spool catalog entries
2026-05-11 08:07:40,489 INFO [backend.app.core.database] [-] Seeded 638 default color catalog entries
2026-05-11 08:07:40,582 INFO [backend.app.services.mqtt_relay] [-] MQTT relay disabled
2026-05-11 08:07:40,591 INFO [backend.app.services.background_dispatch] [-] Background dispatch dispatcher started
2026-05-11 08:07:40,591 INFO [backend.app.services.smart_plug_manager] [-] Smart plug scheduler started
2026-05-11 08:07:40,592 INFO [backend.app.services.smart_plug_manager] [-] Smart plug energy snapshot loop started
2026-05-11 08:07:40,600 INFO [backend.app.services.print_scheduler] [-] Print scheduler started
2026-05-11 08:07:40,606 INFO [backend.app.services.notification_service] [-] Notification digest scheduler started
2026-05-11 08:07:40,606 INFO [backend.app.services.github_backup] [-] Starting GitHub backup scheduler
2026-05-11 08:07:40,606 INFO [backend.app.services.local_backup] [-] Starting local backup scheduler
2026-05-11 08:07:40,612 INFO [backend.app.services.obico_detection] [-] Starting Obico detection service
2026-05-11 08:07:40,612 INFO [backend.app.services.library_trash] [-] Starting library trash sweeper
2026-05-11 08:07:40,612 INFO [backend.app.services.archive_purge] [-] Starting archive auto-purge sweeper
2026-05-11 08:07:40,613 INFO [backend.app.main] [-] AMS history recording started
2026-05-11 08:07:40,613 INFO [backend.app.main] [-] Printer runtime tracking started
2026-05-11 08:07:40,614 INFO [backend.app.main] [-] SpoolBuddy watchdog started
2026-05-11 08:07:40,614 INFO [backend.app.main] [-] Camera stream cleanup started
2026-05-11 08:07:40,614 INFO [backend.app.main] [-] Expected prints cleanup started
2026-05-11 08:07:40,614 INFO [backend.app.main] [-] Auth periodic cleanup started
2026-05-11 08:07:40,625 INFO [root] [-] Virtual printer manager synced from database
2026-05-11 08:08:02,983 INFO [uvicorn.access] [-] [IP]:54619 - "POST /api/v1/printers/camera/stream-token HTTP/1.1" 200
2026-05-11 08:08:03,236 INFO [uvicorn.access] [-] [IP]:54621 - "POST /api/v1/printers/camera/stream-token HTTP/1.1" 200
2026-05-11 08:08:04,937 INFO [backend.app.api.routes.auth] [de55a2e7] Setup completed: auth_enabled=False, admin_created=False
2026-05-11 08:08:04,938 INFO [uvicorn.access] [-] [IP]:54619 - "POST /api/v1/auth/setup HTTP/1.1" 200
2026-05-11 08:08:05,030 INFO [backend.app.api.routes.websocket] [-] WebSocket client connecting...
2026-05-11 08:08:05,030 INFO [backend.app.api.routes.websocket] [-] WebSocket client connected
2026-05-11 08:08:05,031 INFO [backend.app.api.routes.websocket] [-] Sent initial status for 0 printers
2026-05-11 08:08:10,519 INFO [backend.app.services.camera] [23e72ecf] Found ffmpeg at: /usr/bin/ffmpeg
2026-05-11 08:08:11,233 INFO [backend.app.services.mqtt_relay] [7266fe9b] MQTT relay disabled
2026-05-11 08:08:11,241 INFO [uvicorn.access] [-] [IP]:54624 - "PUT /api/v1/settings/ HTTP/1.1" 200
2026-05-11 08:09:35,425 INFO [uvicorn.access] [-] [IP]:54682 - "POST /api/v1/inventory/spools HTTP/1.1" 200
2026-05-11 08:09:35,460 INFO [uvicorn.access] [-] [IP]:54682 - "PUT /api/v1/inventory/spools/1/k-profiles HTTP/1.1" 200
2026-05-11 08:09:38,028 INFO [backend.app.api.routes.websocket] [-] WebSocket client disconnected normally
2026-05-11 08:09:38,301 INFO [uvicorn.access] [-] [IP]:54708 - "POST /api/v1/printers/camera/stream-token HTTP/1.1" 200
2026-05-11 08:09:38,312 INFO [backend.app.api.routes.websocket] [-] WebSocket client connecting...
2026-05-11 08:09:38,312 INFO [backend.app.api.routes.websocket] [-] WebSocket client connected
2026-05-11 08:09:38,313 INFO [backend.app.api.routes.websocket] [-] Sent initial status for 0 printers
2026-05-11 08:10:15,869 INFO [uvicorn.access] [-] [IP]:54743 - "PATCH /api/v1/inventory/spools/1 HTTP/1.1" 200
2026-05-11 08:10:15,885 INFO [uvicorn.access] [-] [IP]:54743 - "PUT /api/v1/inventory/spools/1/k-profiles HTTP/1.1" 200
2026-05-11 08:10:47,831 INFO [backend.app.api.routes.websocket] [-] WebSocket client disconnected normally
2026-05-11 08:10:51,462 INFO [uvicorn.access] [-] [IP]:54773 - "POST /api/v1/printers/camera/stream-token HTTP/1.1" 200
2026-05-11 08:10:51,489 INFO [backend.app.api.routes.websocket] [-] WebSocket client connecting...
2026-05-11 08:10:51,489 INFO [backend.app.api.routes.websocket] [-] WebSocket client connected
2026-05-11 08:10:51,489 INFO [backend.app.api.routes.websocket] [-] Sent initial status for 0 printers
2026-05-11 08:11:39,467 INFO [backend.app.api.routes.support] [2d0703f9] Log level changed to DEBUG
2026-05-11 08:11:39,468 INFO [backend.app.api.routes.bug_report] [2d0703f9] Bug report: enabled debug logging
2026-05-11 08:11:39,468 INFO [uvicorn.access] [-] [IP]:54830 - "POST /api/v1/bug-report/start-logging HTTP/1.1" 200
2026-05-11 08:11:53,549 INFO [uvicorn.access] [-] [IP]:54834 - "PATCH /api/v1/inventory/spools/1 HTTP/1.1" 200
2026-05-11 08:11:53,566 INFO [uvicorn.access] [-] [IP]:54834 - "PUT /api/v1/inventory/spools/1/k-profiles HTTP/1.1" 200