2026-05-13 08:16:10,833 DEBUG [backend.app.services.bambu_mqtt] [-] [[SERIAL]] wifi_signal received: -63dBm
2026-05-13 08:16:10,833 DEBUG [backend.app.services.bambu_mqtt] [-] [[SERIAL]] lights_report: [{'mode': 'on', 'node': 'chamber_light'}, {'mode': 'flashing', 'node': 'work_light'}]
2026-05-13 08:16:10,833 DEBUG [backend.app.services.bambu_mqtt] [-] [[SERIAL]] MQTT mapping field: [1]
2026-05-13 08:16:10,833 DEBUG [backend.app.services.bambu_mqtt] [-] [[SERIAL]] gcode_state: RUNNING -> RUNNING, file: /data/Metadata/plate_1.gcode, subtask: W89213_mdz_2.stl + W89213_mdz_2.stl + W89213_mdz_2.stl + W89213_mdz_2.stl + W89213_mdz_2.stl + W8...
2026-05-13 08:16:12,059 DEBUG [backend.app.services.bambu_mqtt] [-] [[SERIAL]] Found xcam inside print data: {'allow_skip_parts': False, 'buildplate_marker_detector': True, 'cfg': 8089015, 'first_layer_inspector': True, 'halt_print_sensitivity': 'medium', 'print_halt': True, 'printing_monitor': True, 'spaghetti_detector': True}
2026-05-13 08:16:12,059 DEBUG [backend.app.services.bambu_mqtt] [-] [[SERIAL]] Parsing xcam data - all fields: ['allow_skip_parts', 'buildplate_marker_detector', 'cfg', 'first_layer_inspector', 'halt_print_sensitivity', 'print_halt', 'printing_monitor', 'spaghetti_detector']
2026-05-13 08:16:12,059 DEBUG [backend.app.services.bambu_mqtt] [-] [[SERIAL]] xcam cfg bitmask: 8089015 (binary: 0b11110110110110110110111)
2026-05-13 08:16:12,059 DEBUG [backend.app.services.bambu_mqtt] [-] [[SERIAL]] Received gcode_state: RUNNING, gcode_file: /data/Metadata/plate_1.gcode, subtask_name: W89213_mdz_2.stl + W89213_mdz_2.stl + W89213_mdz_2.stl + W89213_mdz_2.stl + W89213_mdz_2.stl + W8...
2026-05-13 08:16:12,059 DEBUG [backend.app.services.bambu_mqtt] [-] [[SERIAL]] AMS dict fields: {'ams_exist_bits': '1', 'ams_exist_bits_raw': '1', 'cali_id': 255, 'cali_stat': 0, 'cfs': [], 'insert_flag': True, 'power_on_flag': False, 'tray_exist_bits': 'e', 'tray_hall_out_bits': '2', 'tray_is_bbl_bits': 'e', 'tray_now': '1', 'tray_pre': '1', 'tray_read_done_bits': 'e', 'tray_reading_bits': '0', 'tray_tar': '1', 'unbind_ams_stat': 0, 'version': 2123}
2026-05-13 08:16:12,059 DEBUG [backend.app.services.bambu_mqtt] [-] [[SERIAL]] tray_now updated: 1
2026-05-13 08:16:12,059 DEBUG [backend.app.services.bambu_mqtt] [-] [[SERIAL]] Merged AMS data: 1 new units, 1 total
2026-05-13 08:16:12,059 DEBUG [backend.app.services.bambu_mqtt] [-] [[SERIAL]] AMS 0 info=0x10001003 -> extruder 0
2026-05-13 08:16:12,059 DEBUG [backend.app.services.bambu_mqtt] [-] [[SERIAL]] ams_extruder_map: {'0': 0}
2026-05-13 08:16:12,059 DEBUG [backend.app.services.bambu_mqtt] [-] [[SERIAL]] ams_status: 768 (main=3, sub=0)
2026-05-13 08:16:12,059 DEBUG [backend.app.services.bambu_mqtt] [-] [[SERIAL]] Received command response: push_status
2026-05-13 08:16:12,060 DEBUG [backend.app.services.bambu_mqtt] [-] [[SERIAL]] device.extruder.state=1 (switch_state bits 12-14: 0)
2026-05-13 08:16:12,060 DEBUG [backend.app.services.bambu_mqtt] [-] [[SERIAL]] info.temp direct: 42°C (heater OFF)
2026-05-13 08:16:12,060 DEBUG [backend.app.services.bambu_mqtt] [-] [[SERIAL]] ctc_info keys: ['temp']
2026-05-13 08:16:12,060 DEBUG [backend.app.services.bambu_mqtt] [-] [[SERIAL]] Chamber heating calculated: target=0.0, current=42.0, heating=False, respect_local=False
2026-05-13 08:16:12,060 DEBUG [backend.app.services.bambu_mqtt] [-] [[SERIAL]] Chamber temp updated to: 42.0, target: 0.0, heating: False
2026-05-13 08:16:12,060 DEBUG [backend.app.services.bambu_mqtt] [-] [[SERIAL]] HMS data received: [{'attr': 83887616, 'code': 131184, 'ts_boot': 175445, 'ts_unix': '20260512160138'}]
2026-05-13 08:16:12,060 DEBUG [backend.app.services.bambu_mqtt] [-] [[SERIAL]] ipcam field: {'agora_service': 'disable', 'brtc_service': 'enable', 'bs_state': 0, 'cap_pic_enable': 'invalid', 'ipcam_dev': '1', 'ipcam_record': 'disable', 'laser_preview_res': 7, 'liveview_preview': True, 'mode_bits': 2, 'resolution': '1080p', 'rtsp_url': 'rtsps://[IP]:322/streaming/live/1', 'timelapse': 'enable', 'tl_external_free_kb': 52572096, 'tl_external_total_kb': 61022912, 'tl_internal_free_kb': 935349, 'tl_internal_total_kb': 962560, 'tl_store_hpd_type': 2, 'tl_store_path_type': 2, 'tutk_server': 'disable'}
2026-05-13 08:16:12,060 DEBUG [backend.app.services.bambu_mqtt] [-] [[SERIAL]] Timelapse detected during print (from ipcam)
2026-05-13 08:16:12,060 DEBUG [backend.app.services.bambu_mqtt] [-] [[SERIAL]] wifi_signal received: -63dBm
2026-05-13 08:16:12,060 DEBUG [backend.app.services.bambu_mqtt] [-] [[SERIAL]] lights_report: [{'mode': 'on', 'node': 'chamber_light'}, {'mode': 'flashing', 'node': 'work_light'}]
2026-05-13 08:16:12,061 DEBUG [backend.app.services.bambu_mqtt] [-] [[SERIAL]] MQTT mapping field: [1]
2026-05-13 08:16:12,061 DEBUG [backend.app.services.bambu_mqtt] [-] [[SERIAL]] gcode_state: RUNNING -> RUNNING, file: /data/Metadata/plate_1.gcode, subtask: W89213_mdz_2.stl + W89213_mdz_2.stl + W89213_mdz_2.stl + W89213_mdz_2.stl + W89213_mdz_2.stl + W8...
2026-05-13 08:16:12,793 DEBUG [backend.app.main] [-] [[PRINTER]] Runtime tracking: added 30s, total=30s (0.01h)
2026-05-13 08:16:12,796 DEBUG [backend.app.main] [-] Updated runtime for 1 printer(s)
2026-05-13 08:16:13,175 DEBUG [backend.app.services.bambu_mqtt] [-] [[SERIAL]] Found xcam inside print data: {'allow_skip_parts': False, 'buildplate_marker_detector': True, 'cfg': 8089015, 'first_layer_inspector': True, 'halt_print_sensitivity': 'medium', 'print_halt': True, 'printing_monitor': True, 'spaghetti_detector': True}
2026-05-13 08:16:13,175 DEBUG [backend.app.services.bambu_mqtt] [-] [[SERIAL]] Parsing xcam data - all fields: ['allow_skip_parts', 'buildplate_marker_detector', 'cfg', 'first_layer_inspector', 'halt_print_sensitivity', 'print_halt', 'printing_monitor', 'spaghetti_detector']
2026-05-13 08:16:13,175 DEBUG [backend.app.services.bambu_mqtt] [-] [[SERIAL]] xcam cfg bitmask: 8089015 (binary: 0b11110110110110110110111)
2026-05-13 08:16:13,175 DEBUG [backend.app.services.bambu_mqtt] [-] [[SERIAL]] Received gcode_state: RUNNING, gcode_file: /data/Metadata/plate_1.gcode, subtask_name: W89213_mdz_2.stl + W89213_mdz_2.stl + W89213_mdz_2.stl + W89213_mdz_2.stl + W89213_mdz_2.stl + W8...
2026-05-13 08:16:13,175 DEBUG [backend.app.services.bambu_mqtt] [-] [[SERIAL]] AMS dict fields: {'ams_exist_bits': '1', 'ams_exist_bits_raw': '1', 'cali_id': 255, 'cali_stat': 0, 'cfs': [], 'insert_flag': True, 'power_on_flag': False, 'tray_exist_bits': 'e', 'tray_hall_out_bits': '2', 'tray_is_bbl_bits': 'e', 'tray_now': '1', 'tray_pre': '1', 'tray_read_done_bits': 'e', 'tray_reading_bits': '0', 'tray_tar': '1', 'unbind_ams_stat': 0, 'version': 2123}
2026-05-13 08:16:13,175 DEBUG [backend.app.services.bambu_mqtt] [-] [[SERIAL]] tray_now updated: 1
2026-05-13 08:16:13,175 DEBUG [backend.app.services.bambu_mqtt] [-] [[SERIAL]] Merged AMS data: 1 new units, 1 total
2026-05-13 08:16:13,175 DEBUG [backend.app.services.bambu_mqtt] [-] [[SERIAL]] AMS 0 info=0x10001003 -> extruder 0
2026-05-13 08:16:13,175 DEBUG [backend.app.services.bambu_mqtt] [-] [[SERIAL]] ams_extruder_map: {'0': 0}
2026-05-13 08:16:13,175 DEBUG [backend.app.services.bambu_mqtt] [-] [[SERIAL]] ams_status: 768 (main=3, sub=0)
2026-05-13 08:16:13,175 DEBUG [backend.app.services.bambu_mqtt] [-] [[SERIAL]] Received command response: push_status
2026-05-13 08:16:13,176 DEBUG [backend.app.services.bambu_mqtt] [-] [[SERIAL]] device.extruder.state=1 (switch_state bits 12-14: 0)
2026-05-13 08:16:13,176 DEBUG [backend.app.services.bambu_mqtt] [-] [[SERIAL]] info.temp direct: 42°C (heater OFF)
2026-05-13 08:16:13,176 DEBUG [backend.app.services.bambu_mqtt] [-] [[SERIAL]] ctc_info keys: ['temp']
2026-05-13 08:16:13,176 DEBUG [backend.app.services.bambu_mqtt] [-] [[SERIAL]] Chamber heating calculated: target=0.0, current=42.0, heating=False, respect_local=False
2026-05-13 08:16:13,176 DEBUG [backend.app.services.bambu_mqtt] [-] [[SERIAL]] Chamber temp updated to: 42.0, target: 0.0, heating: False
2026-05-13 08:16:13,176 DEBUG [backend.app.services.bambu_mqtt] [-] [[SERIAL]] HMS data received: [{'attr': 83887616, 'code': 131184, 'ts_boot': 175445, 'ts_unix': '20260512160138'}]
2026-05-13 08:16:13,176 DEBUG [backend.app.services.bambu_mqtt] [-] [[SERIAL]] ipcam field: {'agora_service': 'disable', 'brtc_service': 'enable', 'bs_state': 0, 'cap_pic_enable': 'invalid', 'ipcam_dev': '1', 'ipcam_record': 'disable', 'laser_preview_res': 7, 'liveview_preview': True, 'mode_bits': 2, 'resolution': '1080p', 'rtsp_url': 'rtsps://[IP]:322/streaming/live/1', 'timelapse': 'enable', 'tl_external_free_kb': 52572096, 'tl_external_total_kb': 61022912, 'tl_internal_free_kb': 935349, 'tl_internal_total_kb': 962560, 'tl_store_hpd_type': 2, 'tl_store_path_type': 2, 'tutk_server': 'disable'}
2026-05-13 08:16:13,176 DEBUG [backend.app.services.bambu_mqtt] [-] [[SERIAL]] Timelapse detected during print (from ipcam)
2026-05-13 08:16:13,176 DEBUG [backend.app.services.bambu_mqtt] [-] [[SERIAL]] wifi_signal received: -63dBm
2026-05-13 08:16:13,176 DEBUG [backend.app.services.bambu_mqtt] [-] [[SERIAL]] lights_report: [{'mode': 'on', 'node': 'chamber_light'}, {'mode': 'flashing', 'node': 'work_light'}]
2026-05-13 08:16:13,177 DEBUG [backend.app.services.bambu_mqtt] [-] [[SERIAL]] MQTT mapping field: [1]
2026-05-13 08:16:13,177 DEBUG [backend.app.services.bambu_mqtt] [-] [[SERIAL]] gcode_state: RUNNING -> RUNNING, file: /data/Metadata/plate_1.gcode, subtask: W89213_mdz_2.stl + W89213_mdz_2.stl + W89213_mdz_2.stl + W89213_mdz_2.stl + W89213_mdz_2.stl + W8...
2026-05-13 08:16:14,361 DEBUG [backend.app.services.bambu_mqtt] [-] [[SERIAL]] Found xcam inside print data: {'allow_skip_parts': False, 'buildplate_marker_detector': True, 'cfg': 8089015, 'first_layer_inspector': True, 'halt_print_sensitivity': 'medium', 'print_halt': True, 'printing_monitor': True, 'spaghetti_detector': True}
2026-05-13 08:16:14,361 DEBUG [backend.app.services.bambu_mqtt] [-] [[SERIAL]] Parsing xcam data - all fields: ['allow_skip_parts', 'buildplate_marker_detector', 'cfg', 'first_layer_inspector', 'halt_print_sensitivity', 'print_halt', 'printing_monitor', 'spaghetti_detector']
2026-05-13 08:16:14,361 DEBUG [backend.app.services.bambu_mqtt] [-] [[SERIAL]] xcam cfg bitmask: 8089015 (binary: 0b11110110110110110110111)
2026-05-13 08:16:14,361 DEBUG [backend.app.services.bambu_mqtt] [-] [[SERIAL]] Received gcode_state: RUNNING, gcode_file: /data/Metadata/plate_1.gcode, subtask_name: W89213_mdz_2.stl + W89213_mdz_2.stl + W89213_mdz_2.stl + W89213_mdz_2.stl + W89213_mdz_2.stl + W8...
2026-05-13 08:16:14,362 DEBUG [backend.app.services.bambu_mqtt] [-] [[SERIAL]] AMS dict fields: {'ams_exist_bits': '1', 'ams_exist_bits_raw': '1', 'cali_id': 255, 'cali_stat': 0, 'cfs': [], 'insert_flag': True, 'power_on_flag': False, 'tray_exist_bits': 'e', 'tray_hall_out_bits': '2', 'tray_is_bbl_bits': 'e', 'tray_now': '1', 'tray_pre': '1', 'tray_read_done_bits': 'e', 'tray_reading_bits': '0', 'tray_tar': '1', 'unbind_ams_stat': 0, 'version': 2123}
2026-05-13 08:16:14,362 DEBUG [backend.app.services.bambu_mqtt] [-] [[SERIAL]] tray_now updated: 1
2026-05-13 08:16:14,362 DEBUG [backend.app.services.bambu_mqtt] [-] [[SERIAL]] Merged AMS data: 1 new units, 1 total
2026-05-13 08:16:14,362 DEBUG [backend.app.services.bambu_mqtt] [-] [[SERIAL]] AMS 0 info=0x10001003 -> extruder 0
2026-05-13 08:16:14,362 DEBUG [backend.app.services.bambu_mqtt] [-] [[SERIAL]] ams_extruder_map: {'0': 0}
2026-05-13 08:16:14,362 DEBUG [backend.app.services.bambu_mqtt] [-] [[SERIAL]] ams_status: 768 (main=3, sub=0)
2026-05-13 08:16:14,362 DEBUG [backend.app.services.bambu_mqtt] [-] [[SERIAL]] Received command response: push_status
2026-05-13 08:16:14,362 DEBUG [backend.app.services.bambu_mqtt] [-] [[SERIAL]] device.extruder.state=1 (switch_state bits 12-14: 0)
2026-05-13 08:16:14,362 DEBUG [backend.app.services.bambu_mqtt] [-] [[SERIAL]] info.temp direct: 41°C (heater OFF)
2026-05-13 08:16:14,362 DEBUG [backend.app.services.bambu_mqtt] [-] [[SERIAL]] ctc_info keys: ['temp']
2026-05-13 08:16:14,362 DEBUG [backend.app.services.bambu_mqtt] [-] [[SERIAL]] Chamber heating calculated: target=0.0, current=41.0, heating=False, respect_local=False
2026-05-13 08:16:14,363 DEBUG [backend.app.services.bambu_mqtt] [-] [[SERIAL]] Chamber temp updated to: 41.0, target: 0.0, heating: False
2026-05-13 08:16:14,363 DEBUG [backend.app.services.bambu_mqtt] [-] [[SERIAL]] HMS data received: [{'attr': 83887616, 'code': 131184, 'ts_boot': 175445, 'ts_unix': '20260512160138'}]
2026-05-13 08:16:14,363 DEBUG [backend.app.services.bambu_mqtt] [-] [[SERIAL]] ipcam field: {'agora_service': 'disable', 'brtc_service': 'enable', 'bs_state': 0, 'cap_pic_enable': 'invalid', 'ipcam_dev': '1', 'ipcam_record': 'disable', 'laser_preview_res': 7, 'liveview_preview': True, 'mode_bits': 2, 'resolution': '1080p', 'rtsp_url': 'rtsps://[IP]:322/streaming/live/1', 'timelapse': 'enable', 'tl_external_free_kb': 52572096, 'tl_external_total_kb': 61022912, 'tl_internal_free_kb': 935349, 'tl_internal_total_kb': 962560, 'tl_store_hpd_type': 2, 'tl_store_path_type': 2, 'tutk_server': 'disable'}
2026-05-13 08:16:14,363 DEBUG [backend.app.services.bambu_mqtt] [-] [[SERIAL]] Timelapse detected during print (from ipcam)
2026-05-13 08:16:14,363 DEBUG [backend.app.services.bambu_mqtt] [-] [[SERIAL]] wifi_signal received: -63dBm
2026-05-13 08:16:14,363 DEBUG [backend.app.services.bambu_mqtt] [-] [[SERIAL]] lights_report: [{'mode': 'on', 'node': 'chamber_light'}, {'mode': 'flashing', 'node': 'work_light'}]
2026-05-13 08:16:14,363 DEBUG [backend.app.services.bambu_mqtt] [-] [[SERIAL]] MQTT mapping field: [1]
2026-05-13 08:16:14,363 DEBUG [backend.app.services.bambu_mqtt] [-] [[SERIAL]] gcode_state: RUNNING -> RUNNING, file: /data/Metadata/plate_1.gcode, subtask: W89213_mdz_2.stl + W89213_mdz_2.stl + W89213_mdz_2.stl + W89213_mdz_2.stl + W89213_mdz_2.stl + W8...
2026-05-13 08:16:14,428 DEBUG [backend.app.services.bambu_mqtt] [-] [[SERIAL]] Requesting firmware version info
2026-05-13 08:16:14,428 DEBUG [backend.app.services.bambu_mqtt] [-] [[SERIAL]] Sending K-profile priming request
2026-05-13 08:16:14,438 WARNING [backend.app.services.bambu_mqtt] [-] [[SERIAL]] MQTT disconnected: rc=Unspecified error, flags=DisconnectFlags(is_disconnect_packet_from_server=False)
2026-05-13 08:16:14,438 WARNING [backend.app.services.bambu_mqtt] [-] [[SERIAL]] Disconnected shortly after request topic subscription. Disabling request topic for this printer.
2026-05-13 08:16:14,509 INFO [uvicorn.access] [-] [IP]:0 - "POST /api/v1/printers/ HTTP/1.1" 200
2026-05-13 08:16:14,575 INFO [uvicorn.access] [-] [IP]:0 - "POST /api/v1/discovery/stop HTTP/1.1" 200
2026-05-13 08:16:14,576 INFO [uvicorn.access] [-] [IP]:0 - "POST /api/v1/discovery/scan/stop HTTP/1.1" 200
2026-05-13 08:16:15,469 DEBUG [backend.app.services.bambu_mqtt] [-] [[SERIAL]] Found xcam inside print data: {'allow_skip_parts': False, 'buildplate_marker_detector': True, 'cfg': 8089015, 'first_layer_inspector': True, 'halt_print_sensitivity': 'medium', 'print_halt': True, 'printing_monitor': True, 'spaghetti_detector': True}
2026-05-13 08:16:15,469 DEBUG [backend.app.services.bambu_mqtt] [-] [[SERIAL]] Parsing xcam data - all fields: ['allow_skip_parts', 'buildplate_marker_detector', 'cfg', 'first_layer_inspector', 'halt_print_sensitivity', 'print_halt', 'printing_monitor', 'spaghetti_detector']
2026-05-13 08:16:15,469 DEBUG [backend.app.services.bambu_mqtt] [-] [[SERIAL]] xcam cfg bitmask: 8089015 (binary: 0b11110110110110110110111)
2026-05-13 08:16:15,469 DEBUG [backend.app.services.bambu_mqtt] [-] [[SERIAL]] Received gcode_state: RUNNING, gcode_file: /data/Metadata/plate_1.gcode, subtask_name: W89213_mdz_2.stl + W89213_mdz_2.stl + W89213_mdz_2.stl + W89213_mdz_2.stl + W89213_mdz_2.stl + W8...
2026-05-13 08:16:15,469 DEBUG [backend.app.services.bambu_mqtt] [-] [[SERIAL]] AMS dict fields: {'ams_exist_bits': '1', 'ams_exist_bits_raw': '1', 'cali_id': 255, 'cali_stat': 0, 'cfs': [], 'insert_flag': True, 'power_on_flag': False, 'tray_exist_bits': 'e', 'tray_hall_out_bits': '2', 'tray_is_bbl_bits': 'e', 'tray_now': '1', 'tray_pre': '1', 'tray_read_done_bits': 'e', 'tray_reading_bits': '0', 'tray_tar': '1', 'unbind_ams_stat': 0, 'version': 2123}
2026-05-13 08:16:15,469 DEBUG [backend.app.services.bambu_mqtt] [-] [[SERIAL]] tray_now updated: 1
2026-05-13 08:16:15,469 DEBUG [backend.app.services.bambu_mqtt] [-] [[SERIAL]] Merged AMS data: 1 new units, 1 total
2026-05-13 08:16:15,469 DEBUG [backend.app.services.bambu_mqtt] [-] [[SERIAL]] AMS 0 info=0x10001003 -> extruder 0
2026-05-13 08:16:15,469 DEBUG [backend.app.services.bambu_mqtt] [-] [[SERIAL]] ams_extruder_map: {'0': 0}
2026-05-13 08:16:15,469 DEBUG [backend.app.services.bambu_mqtt] [-] [[SERIAL]] ams_status: 768 (main=3, sub=0)
2026-05-13 08:16:15,470 DEBUG [backend.app.services.bambu_mqtt] [-] [[SERIAL]] Received command response: push_status
2026-05-13 08:16:15,470 DEBUG [backend.app.services.bambu_mqtt] [-] [[SERIAL]] device.extruder.state=1 (switch_state bits 12-14: 0)
2026-05-13 08:16:15,470 DEBUG [backend.app.services.bambu_mqtt] [-] [[SERIAL]] info.temp direct: 41°C (heater OFF)
2026-05-13 08:16:15,470 DEBUG [backend.app.services.bambu_mqtt] [-] [[SERIAL]] ctc_info keys: ['temp']
2026-05-13 08:16:15,470 DEBUG [backend.app.services.bambu_mqtt] [-] [[SERIAL]] Chamber heating calculated: target=0.0, current=41.0, heating=False, respect_local=False
2026-05-13 08:16:15,470 DEBUG [backend.app.services.bambu_mqtt] [-] [[SERIAL]] Chamber temp updated to: 41.0, target: 0.0, heating: False
2026-05-13 08:16:15,470 DEBUG [backend.app.services.bambu_mqtt] [-] [[SERIAL]] HMS data received: [{'attr': 83887616, 'code': 131184, 'ts_boot': 175445, 'ts_unix': '20260512160138'}]
2026-05-13 08:16:15,470 DEBUG [backend.app.services.bambu_mqtt] [-] [[SERIAL]] ipcam field: {'agora_service': 'disable', 'brtc_service': 'enable', 'bs_state': 0, 'cap_pic_enable': 'invalid', 'ipcam_dev': '1', 'ipcam_record': 'disable', 'laser_preview_res': 7, 'liveview_preview': True, 'mode_bits': 2, 'resolution': '1080p', 'rtsp_url': 'rtsps://[IP]:322/streaming/live/1', 'timelapse': 'enable', 'tl_external_free_kb': 52572096, 'tl_external_total_kb': 61022912, 'tl_internal_free_kb': 935349, 'tl_internal_total_kb': 962560, 'tl_store_hpd_type': 2, 'tl_store_path_type': 2, 'tutk_server': 'disable'}
2026-05-13 08:16:15,470 DEBUG [backend.app.services.bambu_mqtt] [-] [[SERIAL]] Timelapse detected during print (from ipcam)
2026-05-13 08:16:15,470 DEBUG [backend.app.services.bambu_mqtt] [-] [[SERIAL]] wifi_signal received: -63dBm
2026-05-13 08:16:15,470 DEBUG [backend.app.services.bambu_mqtt] [-] [[SERIAL]] lights_report: [{'mode': 'on', 'node': 'chamber_light'}, {'mode': 'flashing', 'node': 'work_light'}]
2026-05-13 08:16:15,471 DEBUG [backend.app.services.bambu_mqtt] [-] [[SERIAL]] MQTT mapping field: [1]
2026-05-13 08:16:15,471 DEBUG [backend.app.services.bambu_mqtt] [-] [[SERIAL]] gcode_state: RUNNING -> RUNNING, file: /data/Metadata/plate_1.gcode, subtask: W89213_mdz_2.stl + W89213_mdz_2.stl + W89213_mdz_2.stl + W89213_mdz_2.stl + W89213_mdz_2.stl + W8...
2026-05-13 08:16:16,202 DEBUG [backend.app.services.bambu_mqtt] [-] [[SERIAL]] Requesting firmware version info
2026-05-13 08:16:16,202 DEBUG [backend.app.services.bambu_mqtt] [-] [[SERIAL]] Sending K-profile priming request
2026-05-13 08:16:16,247 INFO [backend.app.services.bambu_mqtt] [-] [[SERIAL]] Firmware version: 01.08.00.00
2026-05-13 08:16:16,280 DEBUG [backend.app.services.bambu_mqtt] [-] [[SERIAL]] Received command response: extrusion_cali_get
2026-05-13 08:16:16,281 DEBUG [backend.app.services.bambu_mqtt] [-] [[SERIAL]] Nozzle/hardware fields in MQTT data: {'nozzle_diameter': '0.4'}
2026-05-13 08:16:16,327 DEBUG [backend.app.services.bambu_mqtt] [-] [[SERIAL]] Received command response: extrusion_cali_get
2026-05-13 08:16:16,672 DEBUG [backend.app.services.bambu_mqtt] [-] [[SERIAL]] Found xcam inside print data: {'allow_skip_parts': False, 'buildplate_marker_detector': True, 'cfg': 8089015, 'first_layer_inspector': True, 'halt_print_sensitivity': 'medium', 'print_halt': True, 'printing_monitor': True, 'spaghetti_detector': True}
2026-05-13 08:16:16,672 DEBUG [backend.app.services.bambu_mqtt] [-] [[SERIAL]] Parsing xcam data - all fields: ['allow_skip_parts', 'buildplate_marker_detector', 'cfg', 'first_layer_inspector', 'halt_print_sensitivity', 'print_halt', 'printing_monitor', 'spaghetti_detector']
2026-05-13 08:16:16,672 DEBUG [backend.app.services.bambu_mqtt] [-] [[SERIAL]] xcam cfg bitmask: 8089015 (binary: 0b11110110110110110110111)
2026-05-13 08:16:16,672 DEBUG [backend.app.services.bambu_mqtt] [-] [[SERIAL]] Received gcode_state: RUNNING, gcode_file: /data/Metadata/plate_1.gcode, subtask_name: W89213_mdz_2.stl + W89213_mdz_2.stl + W89213_mdz_2.stl + W89213_mdz_2.stl + W89213_mdz_2.stl + W8...
2026-05-13 08:16:16,672 DEBUG [backend.app.services.bambu_mqtt] [-] [[SERIAL]] AMS dict fields: {'ams_exist_bits': '1', 'ams_exist_bits_raw': '1', 'cali_id': 255, 'cali_stat': 0, 'cfs': [], 'insert_flag': True, 'power_on_flag': False, 'tray_exist_bits': 'e', 'tray_hall_out_bits': '2', 'tray_is_bbl_bits': 'e', 'tray_now': '1', 'tray_pre': '1', 'tray_read_done_bits': 'e', 'tray_reading_bits': '0', 'tray_tar': '1', 'unbind_ams_stat': 0, 'version': 2123}
2026-05-13 08:16:16,672 DEBUG [backend.app.services.bambu_mqtt] [-] [[SERIAL]] tray_now updated: 1
2026-05-13 08:16:16,673 DEBUG [backend.app.services.bambu_mqtt] [-] [[SERIAL]] Merged AMS data: 1 new units, 1 total
2026-05-13 08:16:16,673 DEBUG [backend.app.services.bambu_mqtt] [-] [[SERIAL]] AMS 0 info=0x10001003 -> extruder 0
2026-05-13 08:16:16,673 DEBUG [backend.app.services.bambu_mqtt] [-] [[SERIAL]] ams_extruder_map: {'0': 0}
2026-05-13 08:16:16,673 DEBUG [backend.app.services.bambu_mqtt] [-] [[SERIAL]] ams_status: 768 (main=3, sub=0)
2026-05-13 08:16:16,673 DEBUG [backend.app.services.bambu_mqtt] [-] [[SERIAL]] Received command response: push_status
2026-05-13 08:16:16,673 DEBUG [backend.app.services.bambu_mqtt] [-] [[SERIAL]] device.extruder.state=1 (switch_state bits 12-14: 0)
2026-05-13 08:16:16,673 DEBUG [backend.app.services.bambu_mqtt] [-] [[SERIAL]] info.temp direct: 42°C (heater OFF)
2026-05-13 08:16:16,673 DEBUG [backend.app.services.bambu_mqtt] [-] [[SERIAL]] ctc_info keys: ['temp']
2026-05-13 08:16:16,673 DEBUG [backend.app.services.bambu_mqtt] [-] [[SERIAL]] Chamber heating calculated: target=0.0, current=42.0, heating=False, respect_local=False
2026-05-13 08:16:16,673 DEBUG [backend.app.services.bambu_mqtt] [-] [[SERIAL]] Chamber temp updated to: 42.0, target: 0.0, heating: False
2026-05-13 08:16:16,673 DEBUG [backend.app.services.bambu_mqtt] [-] [[SERIAL]] HMS data received: [{'attr': 83887616, 'code': 131184, 'ts_boot': 175445, 'ts_unix': '20260512160138'}]
2026-05-13 08:16:16,673 DEBUG [backend.app.services.bambu_mqtt] [-] [[SERIAL]] ipcam field: {'agora_service': 'disable', 'brtc_service': 'enable', 'bs_state': 0, 'cap_pic_enable': 'invalid', 'ipcam_dev': '1', 'ipcam_record': 'disable', 'laser_preview_res': 7, 'liveview_preview': True, 'mode_bits': 2, 'resolution': '1080p', 'rtsp_url': 'rtsps://[IP]:322/streaming/live/1', 'timelapse': 'enable', 'tl_external_free_kb': 52572096, 'tl_external_total_kb': 61022912, 'tl_internal_free_kb': 935349, 'tl_internal_total_kb': 962560, 'tl_store_hpd_type': 2, 'tl_store_path_type': 2, 'tutk_server': 'disable'}
2026-05-13 08:16:16,674 DEBUG [backend.app.services.bambu_mqtt] [-] [[SERIAL]] Timelapse detected during print (from ipcam)
2026-05-13 08:16:16,674 DEBUG [backend.app.services.bambu_mqtt] [-] [[SERIAL]] wifi_signal received: -63dBm
2026-05-13 08:16:16,674 DEBUG [backend.app.services.bambu_mqtt] [-] [[SERIAL]] lights_report: [{'mode': 'on', 'node': 'chamber_light'}, {'mode': 'flashing', 'node': 'work_light'}]
2026-05-13 08:16:16,674 DEBUG [backend.app.services.bambu_mqtt] [-] [[SERIAL]] MQTT mapping field: [1]
2026-05-13 08:16:16,674 DEBUG [backend.app.services.bambu_mqtt] [-] [[SERIAL]] gcode_state: RUNNING -> RUNNING, file: /data/Metadata/plate_1.gcode, subtask: W89213_mdz_2.stl + W89213_mdz_2.stl + W89213_mdz_2.stl + W89213_mdz_2.stl + W89213_mdz_2.stl + W8...
2026-05-13 08:16:16,891 DEBUG [backend.app.services.bambu_mqtt] [-] [[SERIAL]] Found xcam inside print data: {'buildplate_marker_detector': True}
2026-05-13 08:16:16,891 DEBUG [backend.app.services.bambu_mqtt] [-] [[SERIAL]] Parsing xcam data - all fields: ['buildplate_marker_detector']
2026-05-13 08:16:16,891 DEBUG [backend.app.services.bambu_mqtt] [-] [[SERIAL]] Received gcode_state: RUNNING, gcode_file: DA_Wing1v2_Generic_A1M(3)_Stanok.gcode.3mf, subtask_name: DA_Wing1v2_Generic_A1M(3)_Stanok.gcode.3mf
2026-05-13 08:16:16,892 DEBUG [backend.app.services.bambu_mqtt] [-] [[SERIAL]] AMS dict fields: {'ams_exist_bits': '0', 'tray_exist_bits': '0', 'tray_is_bbl_bits': '0', 'tray_tar': '254', 'tray_now': '254', 'tray_pre': '254', 'tray_read_done_bits': '0', 'tray_reading_bits': '0', 'version': 2, 'insert_flag': True, 'power_on_flag': False}
2026-05-13 08:16:16,892 DEBUG [backend.app.services.bambu_mqtt] [-] [[SERIAL]] tray_now updated: 254
2026-05-13 08:16:16,892 DEBUG [backend.app.services.bambu_mqtt] [-] [[SERIAL]] Merged AMS data: 0 new units, 0 total
2026-05-13 08:16:16,892 DEBUG [backend.app.services.bambu_mqtt] [-] [[SERIAL]] AMS data changed, triggering sync callback
2026-05-13 08:16:16,892 DEBUG [backend.app.services.bambu_mqtt] [-] [[SERIAL]] ams_status: 768 (main=3, sub=0)
2026-05-13 08:16:16,892 DEBUG [backend.app.services.bambu_mqtt] [-] [[SERIAL]] Received command response: push_status
2026-05-13 08:16:16,892 DEBUG [backend.app.services.bambu_mqtt] [-] [[SERIAL]] Fan fields in MQTT data: {'heatbreak_fan_speed': '9', 'cooling_fan_speed': '7', 'big_fan1_speed': '7', 'big_fan2_speed': '7', 'fan_gear': 130}
2026-05-13 08:16:16,892 DEBUG [backend.app.services.bambu_mqtt] [-] [[SERIAL]] stg_cur changed: -1 -> 0 (Printing)
2026-05-13 08:16:16,892 DEBUG [backend.app.services.bambu_mqtt] [-] [[SERIAL]] Temperature-related fields: {'nozzle_temper': 248.6875, 'nozzle_target_temper': 250, 'bed_temper': 79.21875, 'bed_target_temper': 80, 'chamber_temper': 5}
2026-05-13 08:16:16,892 INFO [backend.app.main] [-] [Printer 2] Broadcasting AMS change via WebSocket
2026-05-13 08:16:16,893 DEBUG [backend.app.services.bambu_mqtt] [-] [[SERIAL]] ALL print data keys (64): ['ams', 'ams_rfid_status', 'ams_status', 'bed_target_temper', 'bed_temper', 'big_fan1_speed', 'big_fan2_speed', 'cali_version', 'chamber_temper', 'command', 'cooling_fan_speed', 'fan_gear', 'filam_bak', 'flag3', 'force_upgrade', 'gcode_file', 'gcode_file_prepare_percent', 'gcode_state', 'heatbreak_fan_speed', 'hms', 'home_flag', 'hw_switch_state', 'ipcam', 'k', 'layer_num', 'lifecycle', 'lights_report', 'mc_percent', 'mc_print_line_number', 'mc_print_stage', 'mc_print_sub_stage', 'mc_remaining_time', 'mess_production_state', 'msg', 'net', 'nozzle_diameter', 'nozzle_target_temper', 'nozzle_temper', 'nozzle_type', 'online', 'print_error', 'print_type', 'profile_id', 'project_id', 'queue_est', 'queue_number', 'queue_sts', 'queue_total', 's_obj', 'sdcard', 'sequence_id', 'spd_lvl', 'spd_mag', 'stg', 'stg_cur', 'subtask_id', 'subtask_name', 'task_id', 'total_layer_num', 'upgrade_state', 'upload', 'vt_tray', 'wifi_signal', 'xcam']
2026-05-13 08:16:16,893 DEBUG [backend.app.services.bambu_mqtt] [-] [[SERIAL]] chamber_temper raw value: 5.0
2026-05-13 08:16:16,893 DEBUG [backend.app.services.bambu_mqtt] [-] [[SERIAL]] chamber_temper direct value: 5.0°C (heater OFF)
2026-05-13 08:16:16,894 DEBUG [backend.app.services.bambu_mqtt] [-] [[SERIAL]] Chamber heating calculated: target=0.0, current=5.0, heating=False, respect_local=False
2026-05-13 08:16:16,895 DEBUG [backend.app.services.bambu_mqtt] [-] [[SERIAL]] Chamber temp updated to: 5.0, target: 0.0, heating: False
2026-05-13 08:16:16,895 DEBUG [backend.app.services.bambu_mqtt] [-] [[SERIAL]] HMS data received: []
2026-05-13 08:16:16,895 DEBUG [backend.app.services.bambu_mqtt] [-] [[SERIAL]] ipcam field: {'ipcam_dev': '1', 'ipcam_record': 'disable', 'timelapse': 'disable', 'resolution': '1080p', 'tutk_server': 'disable', 'mode_bits': 3}
2026-05-13 08:16:16,895 DEBUG [backend.app.services.bambu_mqtt] [-] [[SERIAL]] wifi_signal received: -56dBm
2026-05-13 08:16:16,896 DEBUG [backend.app.services.bambu_mqtt] [-] [[SERIAL]] lights_report: [{'node': 'chamber_light', 'mode': 'on'}]
2026-05-13 08:16:16,897 DEBUG [backend.app.services.bambu_mqtt] [-] [[SERIAL]] chamber_light changed: False -> True
2026-05-13 08:16:16,897 DEBUG [backend.app.services.bambu_mqtt] [-] [[SERIAL]] Deferring developer mode probe (0.7s since connect, need 5s)
2026-05-13 08:16:16,898 DEBUG [backend.app.services.bambu_mqtt] [-] [[SERIAL]] gcode_state: unknown -> RUNNING, file: DA_Wing1v2_Generic_A1M(3)_Stanok.gcode.3mf, subtask: DA_Wing1v2_Generic_A1M(3)_Stanok.gcode.3mf
2026-05-13 08:16:16,898 DEBUG [backend.app.services.bambu_mqtt] [-] [[SERIAL]] Now tracking RUNNING state for DA_Wing1v2_Generic_A1M(3)_Stanok.gcode.3mf
2026-05-13 08:16:16,898 INFO [backend.app.services.bambu_mqtt] [-] [[SERIAL]] PRINT START detected - file: DA_Wing1v2_Generic_A1M(3)_Stanok.gcode.3mf, subtask: DA_Wing1v2_Generic_A1M(3)_Stanok.gcode.3mf, is_new: True, is_file_change: False
2026-05-13 08:16:16,898 INFO [backend.app.main] [-] [CALLBACK] on_print_start called for printer 2, data keys: ['filename', 'subtask_name', 'remaining_time', 'raw_data', 'ams_mapping']
2026-05-13 08:16:16,900 INFO [backend.app.main] [-] [SNAPSHOT] Capturing fresh frame for printer 2
2026-05-13 08:16:16,900 INFO [backend.app.services.camera] [-] Capturing camera frame bytes from [IP] using chamber image protocol (model: A1 Mini)
2026-05-13 08:16:16,901 INFO [backend.app.services.usage_tracker] [-] [UsageTracker] PRINT START printer 2: mapping=None, tray_now=254, last_loaded_tray=254
2026-05-13 08:16:16,902 INFO [backend.app.services.usage_tracker] [-] [UsageTracker] Captured start remain% for printer 2 (1 trays): {'255-0': 0}
2026-05-13 08:16:16,905 INFO [backend.app.main] [-] [PLATE CHECK] printer_id=2, plate_detection_enabled=False
2026-05-13 08:16:16,905 INFO [backend.app.main] [-] [CALLBACK] Print start detected - filename: DA_Wing1v2_Generic_A1M(3)_Stanok.gcode.3mf, subtask: DA_Wing1v2_Generic_A1M(3)_Stanok.gcode.3mf
2026-05-13 08:16:16,906 INFO [backend.app.main] [-] Trying filenames: ['DA_Wing1v2_Generic_A1M(3)_Stanok.gcode.3mf.gcode.3mf', 'DA_Wing1v2_Generic_A1M(3)_Stanok.gcode.3mf.3mf', 'DA_Wing1v2_Generic_A1M(3)_Stanok.gcode.3mf']
2026-05-13 08:16:16,909 DEBUG [backend.app.main] [-] Trying FTP download: /DA_Wing1v2_Generic_A1M(3)_Stanok.gcode.3mf.gcode.3mf
2026-05-13 08:16:16,909 DEBUG [backend.app.services.bambu_ftp] [-] FTP connecting to [IP]:990 (timeout=30.0s, model=A1 Mini, prot_c=False)
2026-05-13 08:16:16,936 DEBUG [backend.app.api.routes.printers] [65161a75] API returning ams_mapping: [], ams_extruder_map: {}
2026-05-13 08:16:16,936 DEBUG [backend.app.api.routes.printers] [65161a75] Using tray_now directly as global ID: 254
2026-05-13 08:16:16,992 INFO [backend.app.api.routes.printers] [1019485e] Trying to download cover for 'DA_Wing1v2_Generic_A1M(3)_Stanok.gcode.3mf' from [IP] (trying 4 paths)
2026-05-13 08:16:16,993 DEBUG [backend.app.services.bambu_ftp] [-] FTP connecting to [IP]:990 (timeout=30s, model=A1 Mini, prot_c=False)
2026-05-13 08:16:17,017 INFO [backend.app.api.routes.cloud] [f9814f06] get_filament_info called with 1 IDs: ['P87eaf8b']
2026-05-13 08:16:17,018 INFO [uvicorn.access] [-] [IP]:0 - "POST /api/v1/cloud/filament-info HTTP/1.1" 200
2026-05-13 08:16:17,888 DEBUG [backend.app.services.bambu_mqtt] [-] [[SERIAL]] Found xcam inside print data: {'allow_skip_parts': False, 'buildplate_marker_detector': True, 'cfg': 8089015, 'first_layer_inspector': True, 'halt_print_sensitivity': 'medium', 'print_halt': True, 'printing_monitor': True, 'spaghetti_detector': True}
2026-05-13 08:16:17,888 DEBUG [backend.app.services.bambu_mqtt] [-] [[SERIAL]] Parsing xcam data - all fields: ['allow_skip_parts', 'buildplate_marker_detector', 'cfg', 'first_layer_inspector', 'halt_print_sensitivity', 'print_halt', 'printing_monitor', 'spaghetti_detector']
2026-05-13 08:16:17,888 DEBUG [backend.app.services.bambu_mqtt] [-] [[SERIAL]] xcam cfg bitmask: 8089015 (binary: 0b11110110110110110110111)
2026-05-13 08:16:17,888 DEBUG [backend.app.services.bambu_mqtt] [-] [[SERIAL]] Received gcode_state: RUNNING, gcode_file: /data/Metadata/plate_1.gcode, subtask_name: W89213_mdz_2.stl + W89213_mdz_2.stl + W89213_mdz_2.stl + W89213_mdz_2.stl + W89213_mdz_2.stl + W8...
2026-05-13 08:16:17,888 DEBUG [backend.app.services.bambu_mqtt] [-] [[SERIAL]] AMS dict fields: {'ams_exist_bits': '1', 'ams_exist_bits_raw': '1', 'cali_id': 255, 'cali_stat': 0, 'cfs': [], 'insert_flag': True, 'power_on_flag': False, 'tray_exist_bits': 'e', 'tray_hall_out_bits': '2', 'tray_is_bbl_bits': 'e', 'tray_now': '1', 'tray_pre': '1', 'tray_read_done_bits': 'e', 'tray_reading_bits': '0', 'tray_tar': '1', 'unbind_ams_stat': 0, 'version': 2123}
2026-05-13 08:16:17,888 DEBUG [backend.app.services.bambu_mqtt] [-] [[SERIAL]] tray_now updated: 1
2026-05-13 08:16:17,889 DEBUG [backend.app.services.bambu_mqtt] [-] [[SERIAL]] Merged AMS data: 1 new units, 1 total
2026-05-13 08:16:17,889 DEBUG [backend.app.services.bambu_mqtt] [-] [[SERIAL]] AMS 0 info=0x10001003 -> extruder 0
2026-05-13 08:16:17,889 DEBUG [backend.app.services.bambu_mqtt] [-] [[SERIAL]] ams_extruder_map: {'0': 0}
2026-05-13 08:16:17,889 DEBUG [backend.app.services.bambu_mqtt] [-] [[SERIAL]] ams_status: 768 (main=3, sub=0)
2026-05-13 08:16:17,889 DEBUG [backend.app.services.bambu_mqtt] [-] [[SERIAL]] Received command response: push_status
2026-05-13 08:16:17,889 DEBUG [backend.app.services.bambu_mqtt] [-] [[SERIAL]] device.extruder.state=1 (switch_state bits 12-14: 0)
2026-05-13 08:16:17,889 DEBUG [backend.app.services.bambu_mqtt] [-] [[SERIAL]] info.temp direct: 42°C (heater OFF)
2026-05-13 08:16:17,889 DEBUG [backend.app.services.bambu_mqtt] [-] [[SERIAL]] ctc_info keys: ['temp']
2026-05-13 08:16:17,889 DEBUG [backend.app.services.bambu_mqtt] [-] [[SERIAL]] Chamber heating calculated: target=0.0, current=42.0, heating=False, respect_local=False
2026-05-13 08:16:17,889 DEBUG [backend.app.services.bambu_mqtt] [-] [[SERIAL]] Chamber temp updated to: 42.0, target: 0.0, heating: False
2026-05-13 08:16:17,890 DEBUG [backend.app.services.bambu_mqtt] [-] [[SERIAL]] HMS data received: [{'attr': 83887616, 'code': 131184, 'ts_boot': 175445, 'ts_unix': '20260512160138'}]
2026-05-13 08:16:17,890 DEBUG [backend.app.services.bambu_mqtt] [-] [[SERIAL]] ipcam field: {'agora_service': 'disable', 'brtc_service': 'enable', 'bs_state': 0, 'cap_pic_enable': 'invalid', 'ipcam_dev': '1', 'ipcam_record': 'disable', 'laser_preview_res': 7, 'liveview_preview': True, 'mode_bits': 2, 'resolution': '1080p', 'rtsp_url': 'rtsps://[IP]:322/streaming/live/1', 'timelapse': 'enable', 'tl_external_free_kb': 52572096, 'tl_external_total_kb': 61022912, 'tl_internal_free_kb': 935349, 'tl_internal_total_kb': 962560, 'tl_store_hpd_type': 2, 'tl_store_path_type': 2, 'tutk_server': 'disable'}
2026-05-13 08:16:17,890 DEBUG [backend.app.services.bambu_mqtt] [-] [[SERIAL]] Timelapse detected during print (from ipcam)
2026-05-13 08:16:17,890 DEBUG [backend.app.services.bambu_mqtt] [-] [[SERIAL]] wifi_signal received: -63dBm
2026-05-13 08:16:17,890 DEBUG [backend.app.services.bambu_mqtt] [-] [[SERIAL]] lights_report: [{'mode': 'on', 'node': 'chamber_light'}, {'mode': 'flashing', 'node': 'work_light'}]
2026-05-13 08:16:17,890 DEBUG [backend.app.services.bambu_mqtt] [-] [[SERIAL]] MQTT mapping field: [1]
2026-05-13 08:16:17,890 DEBUG [backend.app.services.bambu_mqtt] [-] [[SERIAL]] gcode_state: RUNNING -> RUNNING, file: /data/Metadata/plate_1.gcode, subtask: W89213_mdz_2.stl + W89213_mdz_2.stl + W89213_mdz_2.stl + W89213_mdz_2.stl + W89213_mdz_2.stl + W8...