2026-06-27 10:53:22,430 DEBUG [backend.app.services.bambu_mqtt] [-] [[SERIAL]] MQTT mapping field: [2, 0]
2026-06-27 10:53:22,431 DEBUG [backend.app.services.bambu_mqtt] [-] [[SERIAL]] gcode_state: FINISH -> FINISH, file: /data/Metadata/plate_1.gcode, subtask: 15xT01-2.4_PLA_3h6m
2026-06-27 10:53:23,425 DEBUG [backend.app.services.bambu_mqtt] [-] [[SERIAL]] Received command response: push_status
2026-06-27 10:53:23,426 DEBUG [backend.app.services.bambu_mqtt] [-] [[SERIAL]] wifi_signal received: -82dBm
2026-06-27 10:53:23,432 DEBUG [backend.app.services.bambu_mqtt] [-] [[SERIAL]] Received command response: push_status
2026-06-27 10:53:23,511 DEBUG [backend.app.services.bambu_mqtt] [-] [[SERIAL]] Found xcam inside print data: {'allow_skip_parts': False, 'buildplate_marker_detector': False, 'first_layer_inspector': False, 'halt_print_sensitivity': 'medium', 'print_halt': True, 'printing_monitor': False, 'spaghetti_detector': False}
2026-06-27 10:53:23,512 DEBUG [backend.app.services.bambu_mqtt] [-] [[SERIAL]] Parsing xcam data - all fields: ['allow_skip_parts', 'buildplate_marker_detector', 'first_layer_inspector', 'halt_print_sensitivity', 'print_halt', 'printing_monitor', 'spaghetti_detector']
2026-06-27 10:53:23,513 DEBUG [backend.app.services.bambu_mqtt] [-] [[SERIAL]] Received gcode_state: FINISH, gcode_file: /data/Metadata/plate_1.gcode, subtask_name: 15xT01-2.4_PLA_3h6m
2026-06-27 10:53:23,513 DEBUG [backend.app.services.bambu_mqtt] [-] [[SERIAL]] AMS dict fields: {'ams_exist_bits': '1', 'ams_exist_bits_raw': '1', 'cali_id': 0, 'cali_stat': 0, 'insert_flag': True, 'power_on_flag': False, 'tray_exist_bits': 'f', 'tray_is_bbl_bits': 'f', 'tray_now': '255', 'tray_pre': '255', 'tray_read_done_bits': 'f', 'tray_reading_bits': '0', 'tray_tar': '255', 'unbind_ams_stat': 0, 'version': 5991}
2026-06-27 10:53:23,513 DEBUG [backend.app.services.bambu_mqtt] [-] [[SERIAL]] tray_now updated: 255
2026-06-27 10:53:23,514 DEBUG [backend.app.services.bambu_mqtt] [-] [[SERIAL]] Merged AMS data: 1 new units, 1 total
2026-06-27 10:53:23,515 DEBUG [backend.app.services.bambu_mqtt] [-] [[SERIAL]] AMS 0 info=0x1001 -> extruder 0
2026-06-27 10:53:23,515 DEBUG [backend.app.services.bambu_mqtt] [-] [[SERIAL]] ams_extruder_map: {'0': 0}
2026-06-27 10:53:23,516 DEBUG [backend.app.services.bambu_mqtt] [-] [[SERIAL]] ams_status: 0 (main=0, sub=0)
2026-06-27 10:53:23,516 DEBUG [backend.app.services.bambu_mqtt] [-] [[SERIAL]] Received command response: push_status
2026-06-27 10:53:23,517 DEBUG [backend.app.services.bambu_mqtt] [-] [[SERIAL]] device.extruder.state=1 (switch_state bits 12-14: 0)
2026-06-27 10:53:23,517 DEBUG [backend.app.services.bambu_mqtt] [-] [[SERIAL]] info.temp direct: 30°C (heater OFF)
2026-06-27 10:53:23,518 DEBUG [backend.app.services.bambu_mqtt] [-] [[SERIAL]] ctc_info keys: ['temp']
2026-06-27 10:53:23,518 DEBUG [backend.app.services.bambu_mqtt] [-] [[SERIAL]] Chamber heating calculated: target=0.0, current=30.0, heating=False, respect_local=False
2026-06-27 10:53:23,519 DEBUG [backend.app.services.bambu_mqtt] [-] [[SERIAL]] Chamber temp updated to: 30.0, target: 0.0, heating: False
2026-06-27 10:53:23,519 DEBUG [backend.app.services.bambu_mqtt] [-] [[SERIAL]] HMS data received: []
2026-06-27 10:53:23,520 DEBUG [backend.app.services.bambu_mqtt] [-] [[SERIAL]] ipcam field: {'agora_service': 'disable', 'brtc_service': 'enable', 'bs_state': 0, 'ipcam_dev': '1', 'ipcam_record': 'disable', 'laser_preview_res': 7, 'mode_bits': 2, 'resolution': '1080p', 'rtsp_url': 'rtsps://[IP]:322/streaming/live/1', 'timelapse': 'disable', 'tl_store_hpd_type': 2, 'tl_store_path_type': 2, 'tutk_server': 'disable'}
2026-06-27 10:53:23,521 DEBUG [backend.app.services.bambu_mqtt] [-] [[SERIAL]] wifi_signal received: -62dBm
2026-06-27 10:53:23,521 DEBUG [backend.app.services.bambu_mqtt] [-] [[SERIAL]] lights_report: [{'mode': 'on', 'node': 'chamber_light'}, {'mode': 'flashing', 'node': 'work_light'}]
2026-06-27 10:53:23,522 DEBUG [backend.app.services.bambu_mqtt] [-] [[SERIAL]] MQTT mapping field: [2, 0]
2026-06-27 10:53:23,522 DEBUG [backend.app.services.bambu_mqtt] [-] [[SERIAL]] gcode_state: FINISH -> FINISH, file: /data/Metadata/plate_1.gcode, subtask: 15xT01-2.4_PLA_3h6m
2026-06-27 10:53:24,674 DEBUG [backend.app.services.bambu_mqtt] [-] [[SERIAL]] Found xcam inside print data: {'allow_skip_parts': False, 'buildplate_marker_detector': False, 'first_layer_inspector': False, 'halt_print_sensitivity': 'medium', 'print_halt': True, 'printing_monitor': False, 'spaghetti_detector': False}
2026-06-27 10:53:24,674 DEBUG [backend.app.services.bambu_mqtt] [-] [[SERIAL]] Parsing xcam data - all fields: ['allow_skip_parts', 'buildplate_marker_detector', 'first_layer_inspector', 'halt_print_sensitivity', 'print_halt', 'printing_monitor', 'spaghetti_detector']
2026-06-27 10:53:24,675 DEBUG [backend.app.services.bambu_mqtt] [-] [[SERIAL]] Received gcode_state: FINISH, gcode_file: /data/Metadata/plate_1.gcode, subtask_name: 15xT01-2.4_PLA_3h6m
2026-06-27 10:53:24,675 DEBUG [backend.app.services.bambu_mqtt] [-] [[SERIAL]] AMS dict fields: {'ams_exist_bits': '1', 'ams_exist_bits_raw': '1', 'cali_id': 0, 'cali_stat': 0, 'insert_flag': True, 'power_on_flag': False, 'tray_exist_bits': 'f', 'tray_is_bbl_bits': 'f', 'tray_now': '255', 'tray_pre': '255', 'tray_read_done_bits': 'f', 'tray_reading_bits': '0', 'tray_tar': '255', 'unbind_ams_stat': 0, 'version': 5991}
2026-06-27 10:53:24,676 DEBUG [backend.app.services.bambu_mqtt] [-] [[SERIAL]] tray_now updated: 255
2026-06-27 10:53:24,677 DEBUG [backend.app.services.bambu_mqtt] [-] [[SERIAL]] Merged AMS data: 1 new units, 1 total
2026-06-27 10:53:24,677 DEBUG [backend.app.services.bambu_mqtt] [-] [[SERIAL]] AMS 0 info=0x1001 -> extruder 0
2026-06-27 10:53:24,678 DEBUG [backend.app.services.bambu_mqtt] [-] [[SERIAL]] ams_extruder_map: {'0': 0}
2026-06-27 10:53:24,678 DEBUG [backend.app.services.bambu_mqtt] [-] [[SERIAL]] ams_status: 0 (main=0, sub=0)
2026-06-27 10:53:24,679 DEBUG [backend.app.services.bambu_mqtt] [-] [[SERIAL]] Received command response: push_status
2026-06-27 10:53:24,679 DEBUG [backend.app.services.bambu_mqtt] [-] [[SERIAL]] device.extruder.state=1 (switch_state bits 12-14: 0)
2026-06-27 10:53:24,680 DEBUG [backend.app.services.bambu_mqtt] [-] [[SERIAL]] info.temp direct: 30°C (heater OFF)
2026-06-27 10:53:24,680 DEBUG [backend.app.services.bambu_mqtt] [-] [[SERIAL]] ctc_info keys: ['temp']
2026-06-27 10:53:24,681 DEBUG [backend.app.services.bambu_mqtt] [-] [[SERIAL]] Chamber heating calculated: target=0.0, current=30.0, heating=False, respect_local=False
2026-06-27 10:53:24,682 DEBUG [backend.app.services.bambu_mqtt] [-] [[SERIAL]] Chamber temp updated to: 30.0, target: 0.0, heating: False
2026-06-27 10:53:24,682 DEBUG [backend.app.services.bambu_mqtt] [-] [[SERIAL]] HMS data received: []
2026-06-27 10:53:24,682 DEBUG [backend.app.services.bambu_mqtt] [-] [[SERIAL]] ipcam field: {'agora_service': 'disable', 'brtc_service': 'enable', 'bs_state': 0, 'ipcam_dev': '1', 'ipcam_record': 'disable', 'laser_preview_res': 7, 'mode_bits': 2, 'resolution': '1080p', 'rtsp_url': 'rtsps://[IP]:322/streaming/live/1', 'timelapse': 'disable', 'tl_store_hpd_type': 2, 'tl_store_path_type': 2, 'tutk_server': 'disable'}
2026-06-27 10:53:24,683 DEBUG [backend.app.services.bambu_mqtt] [-] [[SERIAL]] wifi_signal received: -62dBm
2026-06-27 10:53:24,683 DEBUG [backend.app.services.bambu_mqtt] [-] [[SERIAL]] lights_report: [{'mode': 'on', 'node': 'chamber_light'}, {'mode': 'flashing', 'node': 'work_light'}]
2026-06-27 10:53:24,684 DEBUG [backend.app.services.bambu_mqtt] [-] [[SERIAL]] MQTT mapping field: [2, 0]
2026-06-27 10:53:24,685 DEBUG [backend.app.services.bambu_mqtt] [-] [[SERIAL]] gcode_state: FINISH -> FINISH, file: /data/Metadata/plate_1.gcode, subtask: 15xT01-2.4_PLA_3h6m
2026-06-27 10:53:25,445 DEBUG [backend.app.services.bambu_mqtt] [-] [[SERIAL]] Received command response: push_status
2026-06-27 10:53:25,446 DEBUG [backend.app.services.bambu_mqtt] [-] [[SERIAL]] wifi_signal received: -81dBm
2026-06-27 10:53:25,450 DEBUG [backend.app.services.bambu_mqtt] [-] [[SERIAL]] Received command response: push_status
2026-06-27 10:53:25,451 DEBUG [backend.app.services.bambu_mqtt] [-] [[SERIAL]] wifi_signal received: -63dBm
2026-06-27 10:53:25,858 DEBUG [backend.app.services.bambu_mqtt] [-] [[SERIAL]] Found xcam inside print data: {'allow_skip_parts': False, 'buildplate_marker_detector': False, 'first_layer_inspector': False, 'halt_print_sensitivity': 'medium', 'print_halt': True, 'printing_monitor': False, 'spaghetti_detector': False}
2026-06-27 10:53:25,858 DEBUG [backend.app.services.bambu_mqtt] [-] [[SERIAL]] Parsing xcam data - all fields: ['allow_skip_parts', 'buildplate_marker_detector', 'first_layer_inspector', 'halt_print_sensitivity', 'print_halt', 'printing_monitor', 'spaghetti_detector']
2026-06-27 10:53:25,859 DEBUG [backend.app.services.bambu_mqtt] [-] [[SERIAL]] Received gcode_state: FINISH, gcode_file: /data/Metadata/plate_1.gcode, subtask_name: 15xT01-2.4_PLA_3h6m
2026-06-27 10:53:25,859 DEBUG [backend.app.services.bambu_mqtt] [-] [[SERIAL]] AMS dict fields: {'ams_exist_bits': '1', 'ams_exist_bits_raw': '1', 'cali_id': 0, 'cali_stat': 0, 'insert_flag': True, 'power_on_flag': False, 'tray_exist_bits': 'f', 'tray_is_bbl_bits': 'f', 'tray_now': '255', 'tray_pre': '255', 'tray_read_done_bits': 'f', 'tray_reading_bits': '0', 'tray_tar': '255', 'unbind_ams_stat': 0, 'version': 5991}
2026-06-27 10:53:25,860 DEBUG [backend.app.services.bambu_mqtt] [-] [[SERIAL]] tray_now updated: 255
2026-06-27 10:53:25,861 DEBUG [backend.app.services.bambu_mqtt] [-] [[SERIAL]] Merged AMS data: 1 new units, 1 total
2026-06-27 10:53:25,861 DEBUG [backend.app.services.bambu_mqtt] [-] [[SERIAL]] AMS 0 info=0x1001 -> extruder 0
2026-06-27 10:53:25,862 DEBUG [backend.app.services.bambu_mqtt] [-] [[SERIAL]] ams_extruder_map: {'0': 0}
2026-06-27 10:53:25,862 DEBUG [backend.app.services.bambu_mqtt] [-] [[SERIAL]] ams_status: 0 (main=0, sub=0)
2026-06-27 10:53:25,863 DEBUG [backend.app.services.bambu_mqtt] [-] [[SERIAL]] Received command response: push_status
2026-06-27 10:53:25,864 DEBUG [backend.app.services.bambu_mqtt] [-] [[SERIAL]] device.extruder.state=1 (switch_state bits 12-14: 0)
2026-06-27 10:53:25,864 DEBUG [backend.app.services.bambu_mqtt] [-] [[SERIAL]] info.temp direct: 30°C (heater OFF)
2026-06-27 10:53:25,865 DEBUG [backend.app.services.bambu_mqtt] [-] [[SERIAL]] ctc_info keys: ['temp']
2026-06-27 10:53:25,865 DEBUG [backend.app.services.bambu_mqtt] [-] [[SERIAL]] Chamber heating calculated: target=0.0, current=30.0, heating=False, respect_local=False
2026-06-27 10:53:25,866 DEBUG [backend.app.services.bambu_mqtt] [-] [[SERIAL]] Chamber temp updated to: 30.0, target: 0.0, heating: False
2026-06-27 10:53:25,867 DEBUG [backend.app.services.bambu_mqtt] [-] [[SERIAL]] HMS data received: []
2026-06-27 10:53:25,868 DEBUG [backend.app.services.bambu_mqtt] [-] [[SERIAL]] ipcam field: {'agora_service': 'disable', 'brtc_service': 'enable', 'bs_state': 0, 'ipcam_dev': '1', 'ipcam_record': 'disable', 'laser_preview_res': 7, 'mode_bits': 2, 'resolution': '1080p', 'rtsp_url': 'rtsps://[IP]:322/streaming/live/1', 'timelapse': 'disable', 'tl_store_hpd_type': 2, 'tl_store_path_type': 2, 'tutk_server': 'disable'}
2026-06-27 10:53:25,868 DEBUG [backend.app.services.bambu_mqtt] [-] [[SERIAL]] wifi_signal received: -62dBm
2026-06-27 10:53:25,869 DEBUG [backend.app.services.bambu_mqtt] [-] [[SERIAL]] lights_report: [{'mode': 'on', 'node': 'chamber_light'}, {'mode': 'flashing', 'node': 'work_light'}]
2026-06-27 10:53:25,870 DEBUG [backend.app.services.bambu_mqtt] [-] [[SERIAL]] MQTT mapping field: [2, 0]
2026-06-27 10:53:25,870 DEBUG [backend.app.services.bambu_mqtt] [-] [[SERIAL]] gcode_state: FINISH -> FINISH, file: /data/Metadata/plate_1.gcode, subtask: 15xT01-2.4_PLA_3h6m
2026-06-27 10:53:26,073 DEBUG [backend.app.services.bambu_mqtt] [-] [[SERIAL]] Merged AMS data: 1 new units, 1 total
2026-06-27 10:53:26,073 DEBUG [backend.app.services.bambu_mqtt] [-] [[SERIAL]] AMS 0 info=0x1001 -> extruder 0
2026-06-27 10:53:26,074 DEBUG [backend.app.services.bambu_mqtt] [-] [[SERIAL]] ams_extruder_map: {'0': 0}
2026-06-27 10:53:26,074 DEBUG [backend.app.services.bambu_mqtt] [-] [[SERIAL]] Received command response: push_status
2026-06-27 10:53:26,075 DEBUG [backend.app.services.bambu_mqtt] [-] [[SERIAL]] wifi_signal received: -55dBm
2026-06-27 10:53:26,355 DEBUG [backend.app.services.bambu_mqtt] [-] [[SERIAL]] Received command response: push_status
2026-06-27 10:53:26,356 DEBUG [backend.app.services.bambu_mqtt] [-] [[SERIAL]] wifi_signal received: -62dBm
2026-06-27 10:53:26,981 DEBUG [backend.app.services.bambu_mqtt] [-] [[SERIAL]] Found xcam inside print data: {'allow_skip_parts': False, 'buildplate_marker_detector': False, 'first_layer_inspector': False, 'halt_print_sensitivity': 'medium', 'print_halt': True, 'printing_monitor': False, 'spaghetti_detector': False}
2026-06-27 10:53:26,982 DEBUG [backend.app.services.bambu_mqtt] [-] [[SERIAL]] Parsing xcam data - all fields: ['allow_skip_parts', 'buildplate_marker_detector', 'first_layer_inspector', 'halt_print_sensitivity', 'print_halt', 'printing_monitor', 'spaghetti_detector']
2026-06-27 10:53:26,983 DEBUG [backend.app.services.bambu_mqtt] [-] [[SERIAL]] Received gcode_state: FINISH, gcode_file: /data/Metadata/plate_1.gcode, subtask_name: 15xT01-2.4_PLA_3h6m
2026-06-27 10:53:26,983 DEBUG [backend.app.services.bambu_mqtt] [-] [[SERIAL]] AMS dict fields: {'ams_exist_bits': '1', 'ams_exist_bits_raw': '1', 'cali_id': 0, 'cali_stat': 0, 'insert_flag': True, 'power_on_flag': False, 'tray_exist_bits': 'f', 'tray_is_bbl_bits': 'f', 'tray_now': '255', 'tray_pre': '255', 'tray_read_done_bits': 'f', 'tray_reading_bits': '0', 'tray_tar': '255', 'unbind_ams_stat': 0, 'version': 5991}
2026-06-27 10:53:26,984 DEBUG [backend.app.services.bambu_mqtt] [-] [[SERIAL]] tray_now updated: 255
2026-06-27 10:53:26,985 DEBUG [backend.app.services.bambu_mqtt] [-] [[SERIAL]] Merged AMS data: 1 new units, 1 total
2026-06-27 10:53:26,985 DEBUG [backend.app.services.bambu_mqtt] [-] [[SERIAL]] AMS 0 info=0x1001 -> extruder 0
2026-06-27 10:53:26,986 DEBUG [backend.app.services.bambu_mqtt] [-] [[SERIAL]] ams_extruder_map: {'0': 0}
2026-06-27 10:53:26,986 DEBUG [backend.app.services.bambu_mqtt] [-] [[SERIAL]] ams_status: 0 (main=0, sub=0)
2026-06-27 10:53:26,986 DEBUG [backend.app.services.bambu_mqtt] [-] [[SERIAL]] Received command response: push_status
2026-06-27 10:53:26,987 DEBUG [backend.app.services.bambu_mqtt] [-] [[SERIAL]] device.extruder.state=1 (switch_state bits 12-14: 0)
2026-06-27 10:53:26,987 DEBUG [backend.app.services.bambu_mqtt] [-] [[SERIAL]] info.temp direct: 30°C (heater OFF)
2026-06-27 10:53:26,988 DEBUG [backend.app.services.bambu_mqtt] [-] [[SERIAL]] ctc_info keys: ['temp']
2026-06-27 10:53:26,988 DEBUG [backend.app.services.bambu_mqtt] [-] [[SERIAL]] Chamber heating calculated: target=0.0, current=30.0, heating=False, respect_local=False
2026-06-27 10:53:26,989 DEBUG [backend.app.services.bambu_mqtt] [-] [[SERIAL]] Chamber temp updated to: 30.0, target: 0.0, heating: False
2026-06-27 10:53:26,990 DEBUG [backend.app.services.bambu_mqtt] [-] [[SERIAL]] HMS data received: []
2026-06-27 10:53:26,990 DEBUG [backend.app.services.bambu_mqtt] [-] [[SERIAL]] ipcam field: {'agora_service': 'disable', 'brtc_service': 'enable', 'bs_state': 0, 'ipcam_dev': '1', 'ipcam_record': 'disable', 'laser_preview_res': 7, 'mode_bits': 2, 'resolution': '1080p', 'rtsp_url': 'rtsps://[IP]:322/streaming/live/1', 'timelapse': 'disable', 'tl_store_hpd_type': 2, 'tl_store_path_type': 2, 'tutk_server': 'disable'}
2026-06-27 10:53:26,991 DEBUG [backend.app.services.bambu_mqtt] [-] [[SERIAL]] wifi_signal received: -62dBm
2026-06-27 10:53:26,991 DEBUG [backend.app.services.bambu_mqtt] [-] [[SERIAL]] lights_report: [{'mode': 'on', 'node': 'chamber_light'}, {'mode': 'flashing', 'node': 'work_light'}]
2026-06-27 10:53:26,992 DEBUG [backend.app.services.bambu_mqtt] [-] [[SERIAL]] MQTT mapping field: [2, 0]
2026-06-27 10:53:26,992 DEBUG [backend.app.services.bambu_mqtt] [-] [[SERIAL]] gcode_state: FINISH -> FINISH, file: /data/Metadata/plate_1.gcode, subtask: 15xT01-2.4_PLA_3h6m
2026-06-27 10:53:27,470 DEBUG [backend.app.services.bambu_mqtt] [-] [[SERIAL]] Received command response: push_status
2026-06-27 10:53:27,471 DEBUG [backend.app.services.bambu_mqtt] [-] [[SERIAL]] wifi_signal received: -82dBm
2026-06-27 10:53:27,473 DEBUG [backend.app.services.bambu_mqtt] [-] [[SERIAL]] Received command response: push_status
2026-06-27 10:53:27,478 DEBUG [backend.app.services.bambu_mqtt] [-] [[SERIAL]] wifi_signal received: -62dBm
2026-06-27 10:53:28,098 DEBUG [backend.app.services.bambu_mqtt] [-] [[SERIAL]] Merged AMS data: 1 new units, 1 total
2026-06-27 10:53:28,099 DEBUG [backend.app.services.bambu_mqtt] [-] [[SERIAL]] AMS 0 info=0x1001 -> extruder 0
2026-06-27 10:53:28,099 DEBUG [backend.app.services.bambu_mqtt] [-] [[SERIAL]] ams_extruder_map: {'0': 0}
2026-06-27 10:53:28,100 DEBUG [backend.app.services.bambu_mqtt] [-] [[SERIAL]] Received command response: push_status
2026-06-27 10:53:28,101 DEBUG [backend.app.services.bambu_mqtt] [-] [[SERIAL]] wifi_signal received: -56dBm
2026-06-27 10:53:28,117 DEBUG [backend.app.services.bambu_mqtt] [-] [[SERIAL]] Found xcam inside print data: {'allow_skip_parts': False, 'buildplate_marker_detector': False, 'first_layer_inspector': False, 'halt_print_sensitivity': 'medium', 'print_halt': True, 'printing_monitor': False, 'spaghetti_detector': False}
2026-06-27 10:53:28,118 DEBUG [backend.app.services.bambu_mqtt] [-] [[SERIAL]] Parsing xcam data - all fields: ['allow_skip_parts', 'buildplate_marker_detector', 'first_layer_inspector', 'halt_print_sensitivity', 'print_halt', 'printing_monitor', 'spaghetti_detector']
2026-06-27 10:53:28,118 DEBUG [backend.app.services.bambu_mqtt] [-] [[SERIAL]] Received gcode_state: FINISH, gcode_file: /data/Metadata/plate_1.gcode, subtask_name: 15xT01-2.4_PLA_3h6m
2026-06-27 10:53:28,119 DEBUG [backend.app.services.bambu_mqtt] [-] [[SERIAL]] AMS dict fields: {'ams_exist_bits': '1', 'ams_exist_bits_raw': '1', 'cali_id': 0, 'cali_stat': 0, 'insert_flag': True, 'power_on_flag': False, 'tray_exist_bits': 'f', 'tray_is_bbl_bits': 'f', 'tray_now': '255', 'tray_pre': '255', 'tray_read_done_bits': 'f', 'tray_reading_bits': '0', 'tray_tar': '255', 'unbind_ams_stat': 0, 'version': 5991}
2026-06-27 10:53:28,119 DEBUG [backend.app.services.bambu_mqtt] [-] [[SERIAL]] tray_now updated: 255
2026-06-27 10:53:28,120 DEBUG [backend.app.services.bambu_mqtt] [-] [[SERIAL]] Merged AMS data: 1 new units, 1 total
2026-06-27 10:53:28,121 DEBUG [backend.app.services.bambu_mqtt] [-] [[SERIAL]] AMS 0 info=0x1001 -> extruder 0
2026-06-27 10:53:28,121 DEBUG [backend.app.services.bambu_mqtt] [-] [[SERIAL]] ams_extruder_map: {'0': 0}
2026-06-27 10:53:28,122 DEBUG [backend.app.services.bambu_mqtt] [-] [[SERIAL]] ams_status: 0 (main=0, sub=0)
2026-06-27 10:53:28,122 DEBUG [backend.app.services.bambu_mqtt] [-] [[SERIAL]] Received command response: push_status
2026-06-27 10:53:28,123 DEBUG [backend.app.services.bambu_mqtt] [-] [[SERIAL]] device.extruder.state=1 (switch_state bits 12-14: 0)
2026-06-27 10:53:28,123 DEBUG [backend.app.services.bambu_mqtt] [-] [[SERIAL]] info.temp direct: 30°C (heater OFF)
2026-06-27 10:53:28,124 DEBUG [backend.app.services.bambu_mqtt] [-] [[SERIAL]] ctc_info keys: ['temp']
2026-06-27 10:53:28,125 DEBUG [backend.app.services.bambu_mqtt] [-] [[SERIAL]] Chamber heating calculated: target=0.0, current=30.0, heating=False, respect_local=False
2026-06-27 10:53:28,125 DEBUG [backend.app.services.bambu_mqtt] [-] [[SERIAL]] Chamber temp updated to: 30.0, target: 0.0, heating: False
2026-06-27 10:53:28,126 DEBUG [backend.app.services.bambu_mqtt] [-] [[SERIAL]] HMS data received: []
2026-06-27 10:53:28,127 DEBUG [backend.app.services.bambu_mqtt] [-] [[SERIAL]] ipcam field: {'agora_service': 'disable', 'brtc_service': 'enable', 'bs_state': 0, 'ipcam_dev': '1', 'ipcam_record': 'disable', 'laser_preview_res': 7, 'mode_bits': 2, 'resolution': '1080p', 'rtsp_url': 'rtsps://[IP]:322/streaming/live/1', 'timelapse': 'disable', 'tl_store_hpd_type': 2, 'tl_store_path_type': 2, 'tutk_server': 'disable'}
2026-06-27 10:53:28,128 DEBUG [backend.app.services.bambu_mqtt] [-] [[SERIAL]] wifi_signal received: -62dBm
2026-06-27 10:53:28,128 DEBUG [backend.app.services.bambu_mqtt] [-] [[SERIAL]] lights_report: [{'mode': 'on', 'node': 'chamber_light'}, {'mode': 'flashing', 'node': 'work_light'}]
2026-06-27 10:53:28,129 DEBUG [backend.app.services.bambu_mqtt] [-] [[SERIAL]] MQTT mapping field: [2, 0]
2026-06-27 10:53:28,130 DEBUG [backend.app.services.bambu_mqtt] [-] [[SERIAL]] gcode_state: FINISH -> FINISH, file: /data/Metadata/plate_1.gcode, subtask: 15xT01-2.4_PLA_3h6m
2026-06-27 10:53:28,376 DEBUG [backend.app.services.bambu_mqtt] [-] [[SERIAL]] Received command response: push_status
2026-06-27 10:53:28,377 DEBUG [backend.app.services.bambu_mqtt] [-] [[SERIAL]] wifi_signal received: -64dBm
2026-06-27 10:53:29,258 DEBUG [backend.app.services.bambu_mqtt] [-] [[SERIAL]] Found xcam inside print data: {'allow_skip_parts': False, 'buildplate_marker_detector': False, 'first_layer_inspector': False, 'halt_print_sensitivity': 'medium', 'print_halt': True, 'printing_monitor': False, 'spaghetti_detector': False}
2026-06-27 10:53:29,259 DEBUG [backend.app.services.bambu_mqtt] [-] [[SERIAL]] Parsing xcam data - all fields: ['allow_skip_parts', 'buildplate_marker_detector', 'first_layer_inspector', 'halt_print_sensitivity', 'print_halt', 'printing_monitor', 'spaghetti_detector']
2026-06-27 10:53:29,259 DEBUG [backend.app.services.bambu_mqtt] [-] [[SERIAL]] Received gcode_state: FINISH, gcode_file: /data/Metadata/plate_1.gcode, subtask_name: 15xT01-2.4_PLA_3h6m
2026-06-27 10:53:29,260 DEBUG [backend.app.services.bambu_mqtt] [-] [[SERIAL]] AMS dict fields: {'ams_exist_bits': '1', 'ams_exist_bits_raw': '1', 'cali_id': 0, 'cali_stat': 0, 'insert_flag': True, 'power_on_flag': False, 'tray_exist_bits': 'f', 'tray_is_bbl_bits': 'f', 'tray_now': '255', 'tray_pre': '255', 'tray_read_done_bits': 'f', 'tray_reading_bits': '0', 'tray_tar': '255', 'unbind_ams_stat': 0, 'version': 5991}
2026-06-27 10:53:29,260 DEBUG [backend.app.services.bambu_mqtt] [-] [[SERIAL]] tray_now updated: 255
2026-06-27 10:53:29,261 DEBUG [backend.app.services.bambu_mqtt] [-] [[SERIAL]] Merged AMS data: 1 new units, 1 total
2026-06-27 10:53:29,262 DEBUG [backend.app.services.bambu_mqtt] [-] [[SERIAL]] AMS 0 info=0x1001 -> extruder 0
2026-06-27 10:53:29,262 DEBUG [backend.app.services.bambu_mqtt] [-] [[SERIAL]] ams_extruder_map: {'0': 0}
2026-06-27 10:53:29,263 DEBUG [backend.app.services.bambu_mqtt] [-] [[SERIAL]] ams_status: 0 (main=0, sub=0)
2026-06-27 10:53:29,263 DEBUG [backend.app.services.bambu_mqtt] [-] [[SERIAL]] Received command response: push_status
2026-06-27 10:53:29,264 DEBUG [backend.app.services.bambu_mqtt] [-] [[SERIAL]] device.extruder.state=1 (switch_state bits 12-14: 0)
2026-06-27 10:53:29,265 DEBUG [backend.app.services.bambu_mqtt] [-] [[SERIAL]] info.temp direct: 30°C (heater OFF)
2026-06-27 10:53:29,265 DEBUG [backend.app.services.bambu_mqtt] [-] [[SERIAL]] ctc_info keys: ['temp']
2026-06-27 10:53:29,266 DEBUG [backend.app.services.bambu_mqtt] [-] [[SERIAL]] Chamber heating calculated: target=0.0, current=30.0, heating=False, respect_local=False
2026-06-27 10:53:29,266 DEBUG [backend.app.services.bambu_mqtt] [-] [[SERIAL]] Chamber temp updated to: 30.0, target: 0.0, heating: False
2026-06-27 10:53:29,267 DEBUG [backend.app.services.bambu_mqtt] [-] [[SERIAL]] HMS data received: []
2026-06-27 10:53:29,268 DEBUG [backend.app.services.bambu_mqtt] [-] [[SERIAL]] ipcam field: {'agora_service': 'disable', 'brtc_service': 'enable', 'bs_state': 0, 'ipcam_dev': '1', 'ipcam_record': 'disable', 'laser_preview_res': 7, 'mode_bits': 2, 'resolution': '1080p', 'rtsp_url': 'rtsps://[IP]:322/streaming/live/1', 'timelapse': 'disable', 'tl_store_hpd_type': 2, 'tl_store_path_type': 2, 'tutk_server': 'disable'}
2026-06-27 10:53:29,269 DEBUG [backend.app.services.bambu_mqtt] [-] [[SERIAL]] wifi_signal received: -62dBm
2026-06-27 10:53:29,269 DEBUG [backend.app.services.bambu_mqtt] [-] [[SERIAL]] lights_report: [{'mode': 'on', 'node': 'chamber_light'}, {'mode': 'flashing', 'node': 'work_light'}]
2026-06-27 10:53:29,270 DEBUG [backend.app.services.bambu_mqtt] [-] [[SERIAL]] MQTT mapping field: [2, 0]
2026-06-27 10:53:29,271 DEBUG [backend.app.services.bambu_mqtt] [-] [[SERIAL]] gcode_state: FINISH -> FINISH, file: /data/Metadata/plate_1.gcode, subtask: 15xT01-2.4_PLA_3h6m
2026-06-27 10:53:29,493 DEBUG [backend.app.services.bambu_mqtt] [-] [[SERIAL]] Received command response: push_status
2026-06-27 10:53:29,494 DEBUG [backend.app.services.bambu_mqtt] [-] [[SERIAL]] wifi_signal received: -61dBm
2026-06-27 10:53:30,121 DEBUG [backend.app.services.bambu_mqtt] [-] [[SERIAL]] Received command response: push_status
2026-06-27 10:53:30,122 DEBUG [backend.app.services.bambu_mqtt] [-] [[SERIAL]] wifi_signal received: -57dBm
2026-06-27 10:53:30,351 DEBUG [backend.app.services.bambu_mqtt] [-] [[SERIAL]] Found xcam inside print data: {'allow_skip_parts': False, 'buildplate_marker_detector': False, 'first_layer_inspector': False, 'halt_print_sensitivity': 'medium', 'print_halt': True, 'printing_monitor': False, 'spaghetti_detector': False}
2026-06-27 10:53:30,352 DEBUG [backend.app.services.bambu_mqtt] [-] [[SERIAL]] Parsing xcam data - all fields: ['allow_skip_parts', 'buildplate_marker_detector', 'first_layer_inspector', 'halt_print_sensitivity', 'print_halt', 'printing_monitor', 'spaghetti_detector']
2026-06-27 10:53:30,352 DEBUG [backend.app.services.bambu_mqtt] [-] [[SERIAL]] Received gcode_state: FINISH, gcode_file: /data/Metadata/plate_1.gcode, subtask_name: 15xT01-2.4_PLA_3h6m
2026-06-27 10:53:30,353 DEBUG [backend.app.services.bambu_mqtt] [-] [[SERIAL]] AMS dict fields: {'ams_exist_bits': '1', 'ams_exist_bits_raw': '1', 'cali_id': 0, 'cali_stat': 0, 'insert_flag': True, 'power_on_flag': False, 'tray_exist_bits': 'f', 'tray_is_bbl_bits': 'f', 'tray_now': '255', 'tray_pre': '255', 'tray_read_done_bits': 'f', 'tray_reading_bits': '0', 'tray_tar': '255', 'unbind_ams_stat': 0, 'version': 5991}
2026-06-27 10:53:30,354 DEBUG [backend.app.services.bambu_mqtt] [-] [[SERIAL]] tray_now updated: 255
2026-06-27 10:53:30,354 DEBUG [backend.app.services.bambu_mqtt] [-] [[SERIAL]] Merged AMS data: 1 new units, 1 total
2026-06-27 10:53:30,355 DEBUG [backend.app.services.bambu_mqtt] [-] [[SERIAL]] AMS 0 info=0x1001 -> extruder 0
2026-06-27 10:53:30,355 DEBUG [backend.app.services.bambu_mqtt] [-] [[SERIAL]] ams_extruder_map: {'0': 0}
2026-06-27 10:53:30,356 DEBUG [backend.app.services.bambu_mqtt] [-] [[SERIAL]] ams_status: 0 (main=0, sub=0)
2026-06-27 10:53:30,356 DEBUG [backend.app.services.bambu_mqtt] [-] [[SERIAL]] Received command response: push_status
2026-06-27 10:53:30,357 DEBUG [backend.app.services.bambu_mqtt] [-] [[SERIAL]] device.extruder.state=1 (switch_state bits 12-14: 0)
2026-06-27 10:53:30,358 DEBUG [backend.app.services.bambu_mqtt] [-] [[SERIAL]] info.temp direct: 30°C (heater OFF)
2026-06-27 10:53:30,358 DEBUG [backend.app.services.bambu_mqtt] [-] [[SERIAL]] ctc_info keys: ['temp']
2026-06-27 10:53:30,359 DEBUG [backend.app.services.bambu_mqtt] [-] [[SERIAL]] Chamber heating calculated: target=0.0, current=30.0, heating=False, respect_local=False
2026-06-27 10:53:30,360 DEBUG [backend.app.services.bambu_mqtt] [-] [[SERIAL]] Chamber temp updated to: 30.0, target: 0.0, heating: False
2026-06-27 10:53:30,360 DEBUG [backend.app.services.bambu_mqtt] [-] [[SERIAL]] HMS data received: []
2026-06-27 10:53:30,361 DEBUG [backend.app.services.bambu_mqtt] [-] [[SERIAL]] ipcam field: {'agora_service': 'disable', 'brtc_service': 'enable', 'bs_state': 0, 'ipcam_dev': '1', 'ipcam_record': 'disable', 'laser_preview_res': 7, 'mode_bits': 2, 'resolution': '1080p', 'rtsp_url': 'rtsps://[IP]:322/streaming/live/1', 'timelapse': 'disable', 'tl_store_hpd_type': 2, 'tl_store_path_type': 2, 'tutk_server': 'disable'}
2026-06-27 10:53:30,362 DEBUG [backend.app.services.bambu_mqtt] [-] [[SERIAL]] wifi_signal received: -62dBm
2026-06-27 10:53:30,362 DEBUG [backend.app.services.bambu_mqtt] [-] [[SERIAL]] lights_report: [{'mode': 'on', 'node': 'chamber_light'}, {'mode': 'flashing', 'node': 'work_light'}]
2026-06-27 10:53:30,363 DEBUG [backend.app.services.bambu_mqtt] [-] [[SERIAL]] MQTT mapping field: [2, 0]
2026-06-27 10:53:30,364 DEBUG [backend.app.services.bambu_mqtt] [-] [[SERIAL]] gcode_state: FINISH -> FINISH, file: /data/Metadata/plate_1.gcode, subtask: 15xT01-2.4_PLA_3h6m
2026-06-27 10:53:31,491 DEBUG [backend.app.services.bambu_mqtt] [-] [[SERIAL]] Found xcam inside print data: {'allow_skip_parts': False, 'buildplate_marker_detector': False, 'first_layer_inspector': False, 'halt_print_sensitivity': 'medium', 'print_halt': True, 'printing_monitor': False, 'spaghetti_detector': False}
2026-06-27 10:53:31,492 DEBUG [backend.app.services.bambu_mqtt] [-] [[SERIAL]] Parsing xcam data - all fields: ['allow_skip_parts', 'buildplate_marker_detector', 'first_layer_inspector', 'halt_print_sensitivity', 'print_halt', 'printing_monitor', 'spaghetti_detector']
2026-06-27 10:53:31,492 DEBUG [backend.app.services.bambu_mqtt] [-] [[SERIAL]] Received gcode_state: FINISH, gcode_file: /data/Metadata/plate_1.gcode, subtask_name: 15xT01-2.4_PLA_3h6m
2026-06-27 10:53:31,492 DEBUG [backend.app.services.bambu_mqtt] [-] [[SERIAL]] AMS dict fields: {'ams_exist_bits': '1', 'ams_exist_bits_raw': '1', 'cali_id': 0, 'cali_stat': 0, 'insert_flag': True, 'power_on_flag': False, 'tray_exist_bits': 'f', 'tray_is_bbl_bits': 'f', 'tray_now': '255', 'tray_pre': '255', 'tray_read_done_bits': 'f', 'tray_reading_bits': '0', 'tray_tar': '255', 'unbind_ams_stat': 0, 'version': 5991}
2026-06-27 10:53:31,492 DEBUG [backend.app.services.bambu_mqtt] [-] [[SERIAL]] tray_now updated: 255
2026-06-27 10:53:31,493 DEBUG [backend.app.services.bambu_mqtt] [-] [[SERIAL]] Merged AMS data: 1 new units, 1 total
2026-06-27 10:53:31,493 DEBUG [backend.app.services.bambu_mqtt] [-] [[SERIAL]] AMS 0 info=0x1001 -> extruder 0
2026-06-27 10:53:31,493 DEBUG [backend.app.services.bambu_mqtt] [-] [[SERIAL]] ams_extruder_map: {'0': 0}
2026-06-27 10:53:31,493 DEBUG [backend.app.services.bambu_mqtt] [-] [[SERIAL]] ams_status: 0 (main=0, sub=0)
2026-06-27 10:53:31,493 DEBUG [backend.app.services.bambu_mqtt] [-] [[SERIAL]] Received command response: push_status
2026-06-27 10:53:31,494 DEBUG [backend.app.services.bambu_mqtt] [-] [[SERIAL]] device.extruder.state=1 (switch_state bits 12-14: 0)
2026-06-27 10:53:31,494 DEBUG [backend.app.services.bambu_mqtt] [-] [[SERIAL]] info.temp direct: 30°C (heater OFF)
2026-06-27 10:53:31,494 DEBUG [backend.app.services.bambu_mqtt] [-] [[SERIAL]] ctc_info keys: ['temp']
2026-06-27 10:53:31,494 DEBUG [backend.app.services.bambu_mqtt] [-] [[SERIAL]] Chamber heating calculated: target=0.0, current=30.0, heating=False, respect_local=False
2026-06-27 10:53:31,495 DEBUG [backend.app.services.bambu_mqtt] [-] [[SERIAL]] Chamber temp updated to: 30.0, target: 0.0, heating: False
2026-06-27 10:53:31,495 DEBUG [backend.app.services.bambu_mqtt] [-] [[SERIAL]] HMS data received: []
2026-06-27 10:53:31,495 DEBUG [backend.app.services.bambu_mqtt] [-] [[SERIAL]] ipcam field: {'agora_service': 'disable', 'brtc_service': 'enable', 'bs_state': 0, 'ipcam_dev': '1', 'ipcam_record': 'disable', 'laser_preview_res': 7, 'mode_bits': 2, 'resolution': '1080p', 'rtsp_url': 'rtsps://[IP]:322/streaming/live/1', 'timelapse': 'disable', 'tl_store_hpd_type': 2, 'tl_store_path_type': 2, 'tutk_server': 'disable'}
2026-06-27 10:53:31,496 DEBUG [backend.app.services.bambu_mqtt] [-] [[SERIAL]] wifi_signal received: -62dBm
2026-06-27 10:53:31,496 DEBUG [backend.app.services.bambu_mqtt] [-] [[SERIAL]] Received command response: push_status
2026-06-27 10:53:31,497 DEBUG [backend.app.services.bambu_mqtt] [-] [[SERIAL]] lights_report: [{'mode': 'on', 'node': 'chamber_light'}, {'mode': 'flashing', 'node': 'work_light'}]
2026-06-27 10:53:31,498 DEBUG [backend.app.services.bambu_mqtt] [-] [[SERIAL]] MQTT mapping field: [2, 0]
2026-06-27 10:53:31,498 DEBUG [backend.app.services.bambu_mqtt] [-] [[SERIAL]] gcode_state: FINISH -> FINISH, file: /data/Metadata/plate_1.gcode, subtask: 15xT01-2.4_PLA_3h6m