2026-06-21 20:47:16,257 INFO [uvicorn.access] [-] [IP]:56151 - "POST /api/v1/auth/ws-token HTTP/1.1" 401
2026-06-21 20:47:16,288 INFO [backend.app.api.routes.websocket] [-] WebSocket connect refused: no token (auth enabled)
2026-06-21 20:47:16,708 INFO [uvicorn.access] [-] [IP]:58066 - "POST /api/v1/auth/ws-token HTTP/1.1" 401
2026-06-21 20:47:16,781 INFO [backend.app.api.routes.websocket] [-] WebSocket connect refused: no token (auth enabled)
2026-06-21 20:47:20,257 INFO [uvicorn.access] [-] [IP]:56151 - "POST /api/v1/auth/ws-token HTTP/1.1" 401
2026-06-21 20:47:20,304 INFO [backend.app.api.routes.websocket] [-] WebSocket connect refused: no token (auth enabled)
2026-06-21 20:47:21,551 INFO [backend.app.services.virtual_printer.mqtt_server] [-] MQTT publish to device/[SERIAL]/request: {"pushing":{"command":"pushall","push_target":1,"sequence_id":"20163","version":1}}...
2026-06-21 20:47:21,553 INFO [backend.app.services.virtual_printer.mqtt_server] [-] MQTT pushing command: pushall
2026-06-21 20:47:21,553 INFO [backend.app.services.virtual_printer.mqtt_server] [-] Sending status report in response to pushall
2026-06-21 20:47:21,555 INFO [uvicorn.access] [-] [IP]:58066 - "POST /api/v1/auth/ws-token HTTP/1.1" 401
2026-06-21 20:47:21,608 INFO [backend.app.api.routes.websocket] [-] WebSocket connect refused: no token (auth enabled)
2026-06-21 20:47:24,257 INFO [uvicorn.access] [-] [IP]:56151 - "POST /api/v1/auth/ws-token HTTP/1.1" 401
2026-06-21 20:47:24,317 INFO [backend.app.api.routes.websocket] [-] WebSocket connect refused: no token (auth enabled)
2026-06-21 20:47:27,158 INFO [backend.app.services.camera] [-] Capturing camera frame bytes from [IP] using chamber image protocol (model: P1S)
2026-06-21 20:47:28,256 INFO [uvicorn.access] [-] [IP]:56151 - "POST /api/v1/auth/ws-token HTTP/1.1" 401
2026-06-21 20:47:28,414 INFO [backend.app.api.routes.websocket] [-] WebSocket connect refused: no token (auth enabled)
2026-06-21 20:47:31,729 INFO [uvicorn.access] [-] [IP]:58145 - "POST /api/v1/auth/ws-token HTTP/1.1" 401
2026-06-21 20:47:31,760 INFO [backend.app.api.routes.websocket] [-] WebSocket connect refused: no token (auth enabled)
2026-06-21 20:47:32,257 INFO [uvicorn.access] [-] [IP]:56151 - "POST /api/v1/auth/ws-token HTTP/1.1" 401
2026-06-21 20:47:32,475 INFO [backend.app.api.routes.websocket] [-] WebSocket connect refused: no token (auth enabled)
2026-06-21 20:47:36,257 INFO [uvicorn.access] [-] [IP]:56151 - "POST /api/v1/auth/ws-token HTTP/1.1" 401
2026-06-21 20:47:36,576 INFO [uvicorn.access] [-] [IP]:58145 - "POST /api/v1/auth/ws-token HTTP/1.1" 401
2026-06-21 20:47:36,604 INFO [backend.app.api.routes.websocket] [-] WebSocket connect refused: no token (auth enabled)
2026-06-21 20:47:36,824 INFO [backend.app.api.routes.websocket] [-] WebSocket connect refused: no token (auth enabled)
2026-06-21 20:47:40,257 INFO [uvicorn.access] [-] [IP]:56151 - "POST /api/v1/auth/ws-token HTTP/1.1" 401
2026-06-21 20:47:41,051 INFO [backend.app.api.routes.websocket] [-] WebSocket connect refused: no token (auth enabled)
2026-06-21 20:47:42,093 INFO [backend.app.services.virtual_printer.mqtt_server] [-] [Virtual Workshop P1S] 1Hz status push: 60 pushes/min to [IP]:55293
2026-06-21 20:47:44,257 INFO [uvicorn.access] [-] [IP]:56151 - "POST /api/v1/auth/ws-token HTTP/1.1" 401
2026-06-21 20:47:45,311 INFO [backend.app.services.camera] [-] Capturing camera frame bytes from [IP] using chamber image protocol (model: P1S)
2026-06-21 20:47:46,243 INFO [backend.app.api.routes.websocket] [-] WebSocket connect refused: no token (auth enabled)
2026-06-21 20:47:46,705 INFO [uvicorn.access] [-] [IP]:58225 - "POST /api/v1/auth/ws-token HTTP/1.1" 401
2026-06-21 20:47:46,773 INFO [backend.app.api.routes.websocket] [-] WebSocket connect refused: no token (auth enabled)
2026-06-21 20:47:48,166 INFO [uvicorn.access] [-] [IP]:56168 - "POST /api/v1/auth/login HTTP/1.1" 200
2026-06-21 20:47:48,265 INFO [uvicorn.access] [-] [IP]:56168 - "POST /api/v1/printers/camera/stream-token HTTP/1.1" 200
2026-06-21 20:47:48,858 INFO [uvicorn.access] [-] [IP]:56151 - "POST /api/v1/auth/ws-token HTTP/1.1" 200
2026-06-21 20:47:49,115 INFO [backend.app.api.routes.cloud] [ee2c477d] get_filament_info called with 1 IDs: ['GFG99']
2026-06-21 20:47:49,131 INFO [uvicorn.access] [-] [IP]:56173 - "POST /api/v1/cloud/filament-info HTTP/1.1" 200
2026-06-21 20:47:49,200 INFO [backend.app.api.routes.printers] [3e377f98] Cover: resolved plate 7 before download (subtask=1048684_plate_7)
2026-06-21 20:47:49,277 INFO [uvicorn.access] [-] [IP]:56172 - "POST /api/v1/auth/ws-token HTTP/1.1" 200
2026-06-21 20:47:50,432 INFO [backend.app.api.routes.websocket] [-] WebSocket client connecting (principal=[USER])
2026-06-21 20:47:50,460 INFO [backend.app.api.routes.websocket] [-] WebSocket client connected
2026-06-21 20:47:50,464 INFO [backend.app.api.routes.websocket] [-] Sent initial status for 1 printers
2026-06-21 20:47:50,828 INFO [uvicorn.access] [-] [IP]:58225 - "POST /api/v1/auth/ws-token HTTP/1.1" 401
2026-06-21 20:47:50,981 INFO [backend.app.api.routes.websocket] [-] WebSocket connect refused: no token (auth enabled)
2026-06-21 20:47:52,310 INFO [backend.app.api.routes.websocket] [-] WebSocket client connecting (principal=[USER])
2026-06-21 20:47:52,311 INFO [backend.app.api.routes.websocket] [-] WebSocket client connected
2026-06-21 20:47:52,312 INFO [backend.app.api.routes.websocket] [-] Sent initial status for 1 printers
2026-06-21 20:48:03,884 INFO [backend.app.services.camera] [-] Capturing camera frame bytes from [IP] using chamber image protocol (model: P1S)
2026-06-21 20:48:04,823 INFO [uvicorn.access] [-] [IP]:58321 - "POST /api/v1/auth/ws-token HTTP/1.1" 401
2026-06-21 20:48:04,927 INFO [backend.app.api.routes.websocket] [-] WebSocket connect refused: no token (auth enabled)
2026-06-21 20:48:17,850 INFO [uvicorn.access] [-] [IP]:56179 - "DELETE /api/v1/archives/92 HTTP/1.1" 200
2026-06-21 20:48:18,836 INFO [uvicorn.access] [-] [IP]:58393 - "POST /api/v1/auth/ws-token HTTP/1.1" 401
2026-06-21 20:48:18,908 INFO [backend.app.api.routes.websocket] [-] WebSocket connect refused: no token (auth enabled)
2026-06-21 20:48:22,546 INFO [backend.app.services.camera] [-] Capturing camera frame bytes from [IP] using chamber image protocol (model: P1S)
2026-06-21 20:48:22,814 INFO [uvicorn.access] [-] [IP]:58393 - "POST /api/v1/auth/ws-token HTTP/1.1" 401
2026-06-21 20:48:22,843 INFO [uvicorn.access] [-] [IP]:56195 - "DELETE /api/v1/archives/89 HTTP/1.1" 200
2026-06-21 20:48:22,920 INFO [backend.app.api.routes.websocket] [-] WebSocket connect refused: no token (auth enabled)
2026-06-21 20:48:25,898 INFO [uvicorn.access] [-] [IP]:56196 - "DELETE /api/v1/archives/91 HTTP/1.1" 200
2026-06-21 20:48:26,815 INFO [uvicorn.access] [-] [IP]:58393 - "POST /api/v1/auth/ws-token HTTP/1.1" 401
2026-06-21 20:48:27,010 INFO [backend.app.api.routes.websocket] [-] WebSocket connect refused: no token (auth enabled)
2026-06-21 20:48:31,131 INFO [uvicorn.access] [-] [IP]:56204 - "DELETE /api/v1/archives/85 HTTP/1.1" 200
2026-06-21 20:48:33,495 INFO [uvicorn.access] [-] [IP]:56200 - "DELETE /api/v1/archives/86 HTTP/1.1" 200
2026-06-21 20:48:35,919 INFO [uvicorn.access] [-] [IP]:58483 - "POST /api/v1/auth/ws-token HTTP/1.1" 401
2026-06-21 20:48:36,445 INFO [backend.app.api.routes.websocket] [-] WebSocket connect refused: no token (auth enabled)
2026-06-21 20:48:40,926 INFO [backend.app.services.camera] [-] Capturing camera frame bytes from [IP] using chamber image protocol (model: P1S)
2026-06-21 20:48:42,205 INFO [backend.app.services.virtual_printer.mqtt_server] [-] [Virtual Workshop P1S] 1Hz status push: 60 pushes/min to [IP]:55293
2026-06-21 20:48:42,300 INFO [uvicorn.access] [-] [IP]:56208 - "DELETE /api/v1/archives/90 HTTP/1.1" 200
2026-06-21 20:48:44,494 INFO [uvicorn.access] [-] [IP]:56212 - "DELETE /api/v1/archives/87 HTTP/1.1" 200
2026-06-21 20:48:46,286 ERROR [backend.app.services.archive] [e62def6c] SECURITY: Refusing to delete files for archive 83 - file_path is empty or invalid: ''
2026-06-21 20:48:46,292 INFO [uvicorn.access] [-] [IP]:56218 - "DELETE /api/v1/archives/83 HTTP/1.1" 200
2026-06-21 20:48:48,116 INFO [uvicorn.access] [-] [IP]:56224 - "DELETE /api/v1/archives/84 HTTP/1.1" 200
2026-06-21 20:48:49,829 INFO [uvicorn.access] [-] [IP]:58554 - "POST /api/v1/auth/ws-token HTTP/1.1" 401
2026-06-21 20:48:50,045 INFO [uvicorn.access] [-] [IP]:56227 - "DELETE /api/v1/archives/82 HTTP/1.1" 200
2026-06-21 20:48:50,449 INFO [backend.app.api.routes.websocket] [-] WebSocket connect refused: no token (auth enabled)
2026-06-21 20:48:53,798 INFO [uvicorn.access] [-] [IP]:58554 - "POST /api/v1/auth/ws-token HTTP/1.1" 401
2026-06-21 20:48:53,905 INFO [uvicorn.access] [-] [IP]:56232 - "DELETE /api/v1/archives/81 HTTP/1.1" 200
2026-06-21 20:48:54,930 INFO [backend.app.api.routes.websocket] [-] WebSocket connect refused: no token (auth enabled)
2026-06-21 20:48:59,149 INFO [backend.app.services.camera] [-] Capturing camera frame bytes from [IP] using chamber image protocol (model: P1S)
2026-06-21 20:49:04,671 INFO [uvicorn.access] [-] [IP]:58632 - "POST /api/v1/auth/ws-token HTTP/1.1" 401
2026-06-21 20:49:04,712 INFO [backend.app.api.routes.websocket] [-] WebSocket connect refused: no token (auth enabled)
2026-06-21 20:49:09,408 INFO [uvicorn.access] [-] [IP]:58632 - "POST /api/v1/auth/ws-token HTTP/1.1" 401
2026-06-21 20:49:09,461 INFO [backend.app.api.routes.websocket] [-] WebSocket connect refused: no token (auth enabled)
2026-06-21 20:49:17,003 INFO [backend.app.services.camera] [-] Capturing camera frame bytes from [IP] using chamber image protocol (model: P1S)
2026-06-21 20:49:19,648 INFO [uvicorn.access] [-] [IP]:58710 - "POST /api/v1/auth/ws-token HTTP/1.1" 401
2026-06-21 20:49:19,675 INFO [backend.app.api.routes.websocket] [-] WebSocket connect refused: no token (auth enabled)
2026-06-21 20:49:32,192 INFO [uvicorn.access] [-] [IP]:56253 - "POST /api/v1/archives/upload-bulk HTTP/1.1" 200
2026-06-21 20:49:32,818 INFO [uvicorn.access] [-] [IP]:58779 - "POST /api/v1/auth/ws-token HTTP/1.1" 401
2026-06-21 20:49:32,874 INFO [backend.app.api.routes.websocket] [-] WebSocket connect refused: no token (auth enabled)
2026-06-21 20:49:35,095 INFO [backend.app.services.camera] [-] Capturing camera frame bytes from [IP] using chamber image protocol (model: P1S)
2026-06-21 20:49:37,322 INFO [backend.app.api.routes.printers] [30f3d773] Cover: resolved plate 7 before download (subtask=1048684_plate_7)
2026-06-21 20:49:41,368 INFO [uvicorn.access] [-] [IP]:58826 - "POST /api/v1/auth/ws-token HTTP/1.1" 401
2026-06-21 20:49:41,409 INFO [backend.app.api.routes.websocket] [-] WebSocket connect refused: no token (auth enabled)
2026-06-21 20:49:42,362 INFO [backend.app.services.virtual_printer.mqtt_server] [-] [Virtual Workshop P1S] 1Hz status push: 60 pushes/min to [IP]:55293
2026-06-21 20:49:44,801 INFO [uvicorn.access] [-] [IP]:58826 - "POST /api/v1/auth/ws-token HTTP/1.1" 401
2026-06-21 20:49:44,861 INFO [backend.app.api.routes.websocket] [-] WebSocket connect refused: no token (auth enabled)
2026-06-21 20:49:48,798 INFO [uvicorn.access] [-] [IP]:58826 - "POST /api/v1/auth/ws-token HTTP/1.1" 401
2026-06-21 20:49:48,862 INFO [backend.app.api.routes.websocket] [-] WebSocket connect refused: no token (auth enabled)
2026-06-21 20:49:52,800 INFO [uvicorn.access] [-] [IP]:58826 - "POST /api/v1/auth/ws-token HTTP/1.1" 401
2026-06-21 20:49:52,867 INFO [backend.app.api.routes.websocket] [-] WebSocket connect refused: no token (auth enabled)
2026-06-21 20:49:53,221 INFO [backend.app.services.camera] [-] Capturing camera frame bytes from [IP] using chamber image protocol (model: P1S)
2026-06-21 20:50:02,457 INFO [uvicorn.access] [-] [IP]:58957 - "POST /api/v1/auth/ws-token HTTP/1.1" 401
2026-06-21 20:50:02,555 INFO [backend.app.api.routes.websocket] [-] WebSocket connect refused: no token (auth enabled)
2026-06-21 20:50:03,455 INFO [backend.app.main] [-] Recorded 1 AMS sensor history entries
2026-06-21 20:50:05,827 INFO [uvicorn.access] [-] [IP]:58957 - "POST /api/v1/auth/ws-token HTTP/1.1" 401
2026-06-21 20:50:05,899 INFO [backend.app.api.routes.websocket] [-] WebSocket connect refused: no token (auth enabled)
2026-06-21 20:50:09,818 INFO [uvicorn.access] [-] [IP]:58957 - "POST /api/v1/auth/ws-token HTTP/1.1" 401
2026-06-21 20:50:09,939 INFO [backend.app.api.routes.websocket] [-] WebSocket connect refused: no token (auth enabled)
2026-06-21 20:50:11,029 INFO [backend.app.services.camera] [-] Capturing camera frame bytes from [IP] using chamber image protocol (model: P1S)
2026-06-21 20:50:13,816 INFO [uvicorn.access] [-] [IP]:58957 - "POST /api/v1/auth/ws-token HTTP/1.1" 401
2026-06-21 20:50:14,207 INFO [backend.app.api.routes.websocket] [-] WebSocket connect refused: no token (auth enabled)
2026-06-21 20:50:19,606 INFO [uvicorn.access] [-] [IP]:59047 - "POST /api/v1/auth/ws-token HTTP/1.1" 401
2026-06-21 20:50:19,871 INFO [backend.app.api.routes.websocket] [-] WebSocket connect refused: no token (auth enabled)
2026-06-21 20:50:23,800 INFO [uvicorn.access] [-] [IP]:59047 - "POST /api/v1/auth/ws-token HTTP/1.1" 401
2026-06-21 20:50:24,225 INFO [backend.app.api.routes.websocket] [-] WebSocket connect refused: no token (auth enabled)
2026-06-21 20:50:27,795 INFO [uvicorn.access] [-] [IP]:59047 - "POST /api/v1/auth/ws-token HTTP/1.1" 401
2026-06-21 20:50:29,025 INFO [backend.app.services.camera] [-] Capturing camera frame bytes from [IP] using chamber image protocol (model: P1S)
2026-06-21 20:50:29,546 INFO [backend.app.api.routes.websocket] [-] WebSocket connect refused: no token (auth enabled)
2026-06-21 20:50:32,798 INFO [uvicorn.access] [-] [IP]:59047 - "POST /api/v1/auth/ws-token HTTP/1.1" 401
2026-06-21 20:50:36,369 INFO [backend.app.api.routes.websocket] [-] WebSocket connect refused: no token (auth enabled)
2026-06-21 20:50:42,463 INFO [backend.app.services.virtual_printer.mqtt_server] [-] [Virtual Workshop P1S] 1Hz status push: 60 pushes/min to [IP]:55293
2026-06-21 20:50:45,016 INFO [uvicorn.access] [-] [IP]:59182 - "POST /api/v1/auth/ws-token HTTP/1.1" 401
2026-06-21 20:50:46,906 INFO [backend.app.services.camera] [-] Capturing camera frame bytes from [IP] using chamber image protocol (model: P1S)
2026-06-21 20:50:47,164 INFO [backend.app.api.routes.websocket] [-] WebSocket connect refused: no token (auth enabled)
2026-06-21 20:50:47,548 INFO [uvicorn.access] [-] [IP]:59182 - "POST /api/v1/auth/login HTTP/1.1" 200
2026-06-21 20:50:47,644 INFO [uvicorn.access] [-] [IP]:59182 - "POST /api/v1/printers/camera/stream-token HTTP/1.1" 200
2026-06-21 20:50:47,791 INFO [uvicorn.access] [-] [IP]:59198 - "POST /api/v1/auth/ws-token HTTP/1.1" 200
2026-06-21 20:50:48,215 INFO [backend.app.api.routes.cloud] [30f164c5] get_filament_info called with 1 IDs: ['GFG99']
2026-06-21 20:50:48,220 INFO [uvicorn.access] [-] [IP]:59196 - "POST /api/v1/cloud/filament-info HTTP/1.1" 200
2026-06-21 20:50:48,419 INFO [backend.app.api.routes.camera] [87c6c5e7] Using chamber image protocol for P1S
2026-06-21 20:50:48,419 INFO [backend.app.api.routes.camera] [87c6c5e7] Camera viewer attached to printer-1 (subscribers=1)
2026-06-21 20:50:48,420 INFO [backend.app.api.routes.camera] [87c6c5e7] Starting chamber image stream for [IP] (stream_id=1-fanout, model=P1S)
2026-06-21 20:50:48,458 INFO [backend.app.api.routes.printers] [fc02802f] Cover: resolved plate 7 before download (subtask=1048684_plate_7)
2026-06-21 20:50:49,215 INFO [backend.app.services.camera] [87c6c5e7] Chamber image: connected to [IP]:6000
2026-06-21 20:50:50,201 INFO [uvicorn.access] [-] [IP]:59198 - "POST /api/v1/auth/ws-token HTTP/1.1" 200
2026-06-21 20:50:52,225 INFO [backend.app.api.routes.websocket] [-] WebSocket client connecting (principal=[USER])
2026-06-21 20:50:52,226 INFO [backend.app.api.routes.websocket] [-] WebSocket client connected
2026-06-21 20:50:52,227 INFO [backend.app.api.routes.websocket] [-] Sent initial status for 1 printers
2026-06-21 20:50:52,943 INFO [backend.app.api.routes.websocket] [-] WebSocket client connecting (principal=[USER])
2026-06-21 20:50:52,943 INFO [backend.app.api.routes.websocket] [-] WebSocket client connected
2026-06-21 20:50:53,139 INFO [backend.app.api.routes.websocket] [-] Sent initial status for 1 printers
2026-06-21 20:51:02,246 INFO [backend.app.api.routes.camera] [87c6c5e7] Camera viewer detached from printer-1 (subscribers=0)
2026-06-21 20:51:02,273 INFO [backend.app.api.routes.camera] [87c6c5e7] Chamber image stream cancelled (stream_id=1-fanout)
2026-06-21 20:51:02,292 INFO [backend.app.api.routes.camera] [87c6c5e7] Chamber image stream stopped for [IP] (stream_id=1-fanout)
2026-06-21 20:51:02,293 INFO [backend.app.api.routes.camera] [c2158c3e] Shut down camera fan-out broadcaster for printer 1
2026-06-21 20:51:02,293 INFO [backend.app.api.routes.camera] [c2158c3e] Stopped 0 camera stream(s) for printer 1
2026-06-21 20:51:02,299 INFO [uvicorn.access] [-] [IP]:59183 - "POST /api/v1/printers/1/camera/stop HTTP/1.1" 200
2026-06-21 20:51:04,978 INFO [backend.app.services.camera] [-] Capturing camera frame bytes from [IP] using chamber image protocol (model: P1S)
2026-06-21 20:51:23,043 INFO [backend.app.services.camera] [-] Capturing camera frame bytes from [IP] using chamber image protocol (model: P1S)
2026-06-21 20:51:40,958 INFO [backend.app.services.camera] [-] Capturing camera frame bytes from [IP] using chamber image protocol (model: P1S)
2026-06-21 20:51:42,563 INFO [backend.app.services.virtual_printer.mqtt_server] [-] [Virtual Workshop P1S] 1Hz status push: 60 pushes/min to [IP]:55293
2026-06-21 20:51:59,248 INFO [backend.app.services.camera] [-] Capturing camera frame bytes from [IP] using chamber image protocol (model: P1S)
2026-06-21 20:52:17,233 INFO [backend.app.services.camera] [-] Capturing camera frame bytes from [IP] using chamber image protocol (model: P1S)
2026-06-21 20:52:22,216 INFO [backend.app.services.virtual_printer.mqtt_server] [-] MQTT publish to device/[SERIAL]/request: {"pushing":{"command":"pushall","push_target":1,"sequence_id":"20164","version":1}}...
2026-06-21 20:52:22,217 INFO [backend.app.services.virtual_printer.mqtt_server] [-] MQTT pushing command: pushall
2026-06-21 20:52:22,217 INFO [backend.app.services.virtual_printer.mqtt_server] [-] Sending status report in response to pushall
2026-06-21 20:52:35,446 INFO [backend.app.services.camera] [-] Capturing camera frame bytes from [IP] using chamber image protocol (model: P1S)
2026-06-21 20:52:42,657 INFO [backend.app.services.virtual_printer.mqtt_server] [-] [Virtual Workshop P1S] 1Hz status push: 60 pushes/min to [IP]:55293
2026-06-21 20:52:53,530 INFO [backend.app.services.camera] [-] Capturing camera frame bytes from [IP] using chamber image protocol (model: P1S)
2026-06-21 20:53:11,293 INFO [backend.app.services.camera] [-] Capturing camera frame bytes from [IP] using chamber image protocol (model: P1S)
2026-06-21 20:53:14,727 INFO [uvicorn.access] [-] [IP]:59552 - "PUT /api/v1/settings/ HTTP/1.1" 200
2026-06-21 20:53:16,836 INFO [uvicorn.access] [-] [IP]:59559 - "PUT /api/v1/settings/ HTTP/1.1" 200
2026-06-21 20:53:29,397 INFO [backend.app.services.camera] [-] Capturing camera frame bytes from [IP] using chamber image protocol (model: P1S)
2026-06-21 20:53:42,756 INFO [backend.app.services.virtual_printer.mqtt_server] [-] [Virtual Workshop P1S] 1Hz status push: 60 pushes/min to [IP]:55293
2026-06-21 20:53:47,278 INFO [backend.app.services.camera] [-] Capturing camera frame bytes from [IP] using chamber image protocol (model: P1S)
2026-06-21 20:54:05,284 INFO [backend.app.services.camera] [-] Capturing camera frame bytes from [IP] using chamber image protocol (model: P1S)
2026-06-21 20:54:23,226 INFO [backend.app.services.camera] [-] Capturing camera frame bytes from [IP] using chamber image protocol (model: P1S)
2026-06-21 20:54:41,171 INFO [backend.app.services.camera] [-] Capturing camera frame bytes from [IP] using chamber image protocol (model: P1S)
2026-06-21 20:54:42,856 INFO [backend.app.services.virtual_printer.mqtt_server] [-] [Virtual Workshop P1S] 1Hz status push: 60 pushes/min to [IP]:55293
2026-06-21 20:54:59,297 INFO [backend.app.services.camera] [-] Capturing camera frame bytes from [IP] using chamber image protocol (model: P1S)
2026-06-21 20:55:03,463 INFO [backend.app.main] [-] Recorded 1 AMS sensor history entries
2026-06-21 20:55:17,181 INFO [backend.app.services.camera] [-] Capturing camera frame bytes from [IP] using chamber image protocol (model: P1S)
2026-06-21 20:55:35,184 INFO [backend.app.services.camera] [-] Capturing camera frame bytes from [IP] using chamber image protocol (model: P1S)
2026-06-21 20:55:42,955 INFO [backend.app.services.virtual_printer.mqtt_server] [-] [Virtual Workshop P1S] 1Hz status push: 60 pushes/min to [IP]:55293
2026-06-21 20:55:53,146 INFO [backend.app.services.camera] [-] Capturing camera frame bytes from [IP] using chamber image protocol (model: P1S)
2026-06-21 20:56:11,160 INFO [backend.app.services.camera] [-] Capturing camera frame bytes from [IP] using chamber image protocol (model: P1S)
2026-06-21 20:56:29,240 INFO [backend.app.services.camera] [-] Capturing camera frame bytes from [IP] using chamber image protocol (model: P1S)
2026-06-21 20:56:43,052 INFO [backend.app.services.virtual_printer.mqtt_server] [-] [Virtual Workshop P1S] 1Hz status push: 60 pushes/min to [IP]:55293
2026-06-21 20:56:47,275 INFO [backend.app.services.camera] [-] Capturing camera frame bytes from [IP] using chamber image protocol (model: P1S)
2026-06-21 20:57:05,297 INFO [backend.app.services.camera] [-] Capturing camera frame bytes from [IP] using chamber image protocol (model: P1S)
2026-06-21 20:57:09,539 INFO [backend.app.api.routes.support] [4b06427d] Log level changed to DEBUG
2026-06-21 20:57:09,540 INFO [backend.app.api.routes.bug_report] [4b06427d] Bug report: enabled debug logging
2026-06-21 20:57:09,540 DEBUG [backend.app.services.bambu_mqtt] [4b06427d] [[SERIAL]] Requesting status update (pushall)
2026-06-21 20:57:09,541 INFO [uvicorn.access] [-] [IP]:59800 - "POST /api/v1/bug-report/start-logging HTTP/1.1" 200
2026-06-21 20:57:09,586 DEBUG [backend.app.services.bambu_mqtt] [-] [[SERIAL]] Received gcode_state: RUNNING, gcode_file: 1048684_plate_7.3mf, subtask_name: 1048684_plate_7
2026-06-21 20:57:09,586 DEBUG [backend.app.services.bambu_mqtt] [-] [[SERIAL]] AMS dict fields: {'ams_exist_bits': '1', 'tray_exist_bits': '2', 'tray_is_bbl_bits': '2', 'tray_tar': '1', 'tray_now': '1', 'tray_pre': '1', 'tray_read_done_bits': '2', 'tray_reading_bits': '0', 'version': 6, 'insert_flag': True, 'power_on_flag': False}
2026-06-21 20:57:09,586 DEBUG [backend.app.services.bambu_mqtt] [-] [[SERIAL]] tray_now updated: 1
2026-06-21 20:57:09,587 DEBUG [backend.app.services.bambu_mqtt] [-] [[SERIAL]] Merged AMS data: 1 new units, 1 total
2026-06-21 20:57:09,587 DEBUG [backend.app.services.bambu_mqtt] [-] [[SERIAL]] AMS 0 info=0x2003 -> extruder 0
2026-06-21 20:57:09,587 DEBUG [backend.app.services.bambu_mqtt] [-] [[SERIAL]] ams_extruder_map: {'0': 0}
2026-06-21 20:57:09,588 DEBUG [backend.app.services.bambu_mqtt] [-] [[SERIAL]] ams_status: 768 (main=3, sub=0)
2026-06-21 20:57:09,588 DEBUG [backend.app.services.bambu_mqtt] [-] [[SERIAL]] Received command response: push_status
2026-06-21 20:57:09,588 DEBUG [backend.app.services.bambu_mqtt] [-] [[SERIAL]] chamber_temper raw value: 5.0
2026-06-21 20:57:09,588 DEBUG [backend.app.services.bambu_mqtt] [-] [[SERIAL]] chamber_temper direct value: 5.0°C (heater OFF)
2026-06-21 20:57:09,589 DEBUG [backend.app.services.bambu_mqtt] [-] [[SERIAL]] Chamber heating calculated: target=0.0, current=5.0, heating=False, respect_local=False
2026-06-21 20:57:09,589 DEBUG [backend.app.services.bambu_mqtt] [-] [[SERIAL]] Chamber temp updated to: 5.0, target: 0.0, heating: False
2026-06-21 20:57:09,589 DEBUG [backend.app.services.bambu_mqtt] [-] [[SERIAL]] HMS data received: []
2026-06-21 20:57:09,590 DEBUG [backend.app.services.bambu_mqtt] [-] [[SERIAL]] ipcam field: {'ipcam_dev': '1', 'ipcam_record': 'enable', 'timelapse': 'disable', 'resolution': '', 'tutk_server': 'disable', 'mode_bits': 3}
2026-06-21 20:57:09,590 DEBUG [backend.app.services.bambu_mqtt] [-] [[SERIAL]] wifi_signal received: -54dBm
2026-06-21 20:57:09,590 DEBUG [backend.app.services.bambu_mqtt] [-] [[SERIAL]] lights_report: [{'node': 'chamber_light', 'mode': 'on'}]
2026-06-21 20:57:09,591 DEBUG [backend.app.services.bambu_mqtt] [-] [[SERIAL]] gcode_state: RUNNING -> RUNNING, file: 1048684_plate_7.3mf, subtask: 1048684_plate_7