2026-05-31 07:20:01,325 INFO [backend.app.api.routes.websocket] [-] WebSocket client connected
2026-05-31 07:20:01,326 INFO [backend.app.api.routes.websocket] [-] Sent initial status for 2 printers
2026-05-31 07:23:56,498 INFO [backend.app.main] [-] [Printer 2] Broadcasting AMS change via WebSocket
2026-05-31 07:24:09,096 INFO [backend.app.main] [-] Recorded 3 AMS sensor history entries
2026-05-31 07:27:40,744 INFO [backend.app.main] [-] [Printer 2] Broadcasting AMS change via WebSocket
2026-05-31 07:29:09,100 INFO [backend.app.main] [-] Recorded 3 AMS sensor history entries
2026-05-31 07:30:48,128 INFO [backend.app.main] [-] [Printer 1] Broadcasting AMS change via WebSocket
2026-05-31 07:31:09,490 INFO [backend.app.main] [-] [Printer 2] Broadcasting AMS change via WebSocket
2026-05-31 07:33:12,513 INFO [backend.app.main] [-] [Printer 1] Broadcasting AMS change via WebSocket
2026-05-31 07:34:09,105 INFO [backend.app.main] [-] Recorded 3 AMS sensor history entries
2026-05-31 07:34:37,100 INFO [backend.app.main] [-] [Printer 2] Broadcasting AMS change via WebSocket
2026-05-31 07:36:17,385 INFO [backend.app.main] [-] [Printer 1] Broadcasting AMS change via WebSocket
2026-05-31 07:39:06,871 INFO [backend.app.main] [-] [Printer 1] Broadcasting AMS change via WebSocket
2026-05-31 07:39:09,111 INFO [backend.app.main] [-] Recorded 3 AMS sensor history entries
2026-05-31 07:42:44,467 INFO [backend.app.main] [-] [Printer 1] Broadcasting AMS change via WebSocket
2026-05-31 07:44:09,115 INFO [backend.app.main] [-] Recorded 3 AMS sensor history entries
2026-05-31 07:44:15,636 INFO [backend.app.main] [-] [Printer 2] Broadcasting AMS change via WebSocket
2026-05-31 07:48:04,325 INFO [backend.app.services.bambu_mqtt] [-] [[SERIAL]] ams_filament_drying response: {'ams_id': 128, 'close_power_conflict': False, 'command': 'ams_filament_drying', 'cooling_temp': 60, 'duration': 12, 'err_code': 0, 'filament': 'PETG', 'humidity': 0, 'mode': 1, 'result': 'success', 'rotate_tray': False, 'sequence_id': '478', 'temp': 45}
2026-05-31 07:48:57,518 INFO [backend.app.main] [-] [Printer 2] Broadcasting AMS change via WebSocket
2026-05-31 07:49:09,117 INFO [backend.app.main] [-] Sending temperature alarm for [PRINTER] HT-A: 39.2°C > 35.0°C
2026-05-31 07:49:09,120 INFO [backend.app.main] [-] Recorded 3 AMS sensor history entries
2026-05-31 07:49:10,988 INFO [backend.app.main] [-] [Printer 1] Broadcasting AMS change via WebSocket
2026-05-31 07:49:52,964 INFO [backend.app.api.routes.cloud] [7a233c07] get_filament_info called with 3 IDs: ['GFG02', 'GFA01', 'GFU03']
2026-05-31 07:49:52,987 INFO [backend.app.api.routes.cloud] [e7fb5062] get_filament_info called with 2 IDs: ['GFA01', 'GFG02']
2026-05-31 07:49:53,402 WARNING [backend.app.api.routes.cloud] [7a233c07] Failed to get cloud preset GFG02 (API ID: GFSG02): Failed to get setting detail: 400
2026-05-31 07:49:53,583 WARNING [backend.app.api.routes.cloud] [e7fb5062] Failed to get cloud preset GFG02 (API ID: GFSG02): Failed to get setting detail: 400
2026-05-31 07:49:53,586 INFO [uvicorn.access] [-] [IP]:64806 - "POST /api/v1/cloud/filament-info HTTP/1.1" 200
2026-05-31 07:49:53,731 WARNING [backend.app.api.routes.cloud] [7a233c07] Failed to get cloud preset GFU03 (API ID: GFSU03): Failed to get setting detail: 400
2026-05-31 07:49:53,734 INFO [uvicorn.access] [-] [IP]:64810 - "POST /api/v1/cloud/filament-info HTTP/1.1" 200
2026-05-31 07:49:55,682 INFO [backend.app.api.routes.websocket] [-] WebSocket client connecting...
2026-05-31 07:49:55,682 INFO [backend.app.api.routes.websocket] [-] WebSocket client connected
2026-05-31 07:49:55,683 INFO [backend.app.api.routes.websocket] [-] Sent initial status for 2 printers
2026-05-31 07:50:22,104 INFO [backend.app.api.routes.websocket] [-] WebSocket client disconnected normally
2026-05-31 07:50:31,641 INFO [backend.app.api.routes.websocket] [-] WebSocket client disconnected normally
2026-05-31 07:51:35,722 INFO [backend.app.main] [-] [Printer 1] Broadcasting AMS change via WebSocket
2026-05-31 07:52:25,053 INFO [backend.app.main] [-] [Printer 2] Broadcasting AMS change via WebSocket
2026-05-31 07:54:00,162 INFO [backend.app.main] [-] [Printer 1] Broadcasting AMS change via WebSocket
2026-05-31 07:54:09,124 INFO [backend.app.main] [-] Recorded 3 AMS sensor history entries
2026-05-31 07:56:33,053 INFO [backend.app.main] [-] [Printer 2] Broadcasting AMS change via WebSocket
2026-05-31 07:59:09,127 INFO [backend.app.main] [-] Recorded 3 AMS sensor history entries
2026-05-31 08:00:11,780 INFO [backend.app.api.routes.websocket] [-] WebSocket client connecting...
2026-05-31 08:00:11,780 INFO [backend.app.api.routes.websocket] [-] WebSocket client connected
2026-05-31 08:00:11,781 INFO [backend.app.api.routes.websocket] [-] Sent initial status for 2 printers
2026-05-31 08:00:26,234 INFO [backend.app.main] [-] [Printer 1] Broadcasting AMS change via WebSocket
2026-05-31 08:04:02,139 INFO [backend.app.api.routes.websocket] [-] WebSocket client disconnected normally
2026-05-31 08:04:03,710 INFO [backend.app.main] [-] [Printer 1] Broadcasting AMS change via WebSocket
2026-05-31 08:04:09,131 INFO [backend.app.main] [-] Recorded 3 AMS sensor history entries
2026-05-31 08:06:04,264 INFO [backend.app.main] [-] [Printer 2] Broadcasting AMS change via WebSocket
2026-05-31 08:09:09,135 INFO [backend.app.main] [-] Recorded 3 AMS sensor history entries
2026-05-31 08:09:47,917 INFO [backend.app.main] [-] [Printer 2] Broadcasting AMS change via WebSocket
2026-05-31 08:09:50,771 INFO [backend.app.main] [-] [Printer 1] Broadcasting AMS change via WebSocket
2026-05-31 08:13:23,592 INFO [backend.app.main] [-] [Printer 2] Broadcasting AMS change via WebSocket
2026-05-31 08:14:09,139 INFO [backend.app.main] [-] Recorded 3 AMS sensor history entries
2026-05-31 08:14:32,597 INFO [backend.app.main] [-] [Printer 1] Broadcasting AMS change via WebSocket
2026-05-31 08:16:49,091 INFO [backend.app.main] [-] [Printer 1] Broadcasting AMS change via WebSocket
2026-05-31 08:17:09,419 INFO [backend.app.main] [-] [Printer 2] Broadcasting AMS change via WebSocket
2026-05-31 08:19:09,141 INFO [backend.app.main] [-] Sending temperature alarm for [PRINTER] AMS-A: 44.5°C > 35.0°C
2026-05-31 08:19:09,144 INFO [backend.app.main] [-] Recorded 3 AMS sensor history entries
2026-05-31 08:20:34,107 INFO [backend.app.main] [-] [Printer 1] Broadcasting AMS change via WebSocket
2026-05-31 08:21:54,654 INFO [backend.app.api.routes.websocket] [-] WebSocket client connecting...
2026-05-31 08:21:54,654 INFO [backend.app.api.routes.websocket] [-] WebSocket client connected
2026-05-31 08:21:54,655 INFO [backend.app.api.routes.websocket] [-] Sent initial status for 2 printers
2026-05-31 08:23:08,102 INFO [backend.app.main] [-] [Printer 1] Broadcasting AMS change via WebSocket
2026-05-31 08:24:09,147 INFO [backend.app.main] [-] Recorded 3 AMS sensor history entries
2026-05-31 08:25:44,679 INFO [backend.app.api.routes.websocket] [-] WebSocket client disconnected normally
2026-05-31 08:26:08,235 INFO [backend.app.main] [-] [Printer 2] Broadcasting AMS change via WebSocket
2026-05-31 08:29:09,150 INFO [backend.app.main] [-] Recorded 3 AMS sensor history entries
2026-05-31 08:29:59,126 INFO [backend.app.main] [-] [Printer 1] Broadcasting AMS change via WebSocket
2026-05-31 08:31:11,183 INFO [backend.app.main] [-] [Printer 2] Broadcasting AMS change via WebSocket
2026-05-31 08:34:09,154 INFO [backend.app.main] [-] Recorded 3 AMS sensor history entries
2026-05-31 08:34:40,579 INFO [backend.app.main] [-] [Printer 2] Broadcasting AMS change via WebSocket
2026-05-31 08:35:04,675 INFO [backend.app.main] [-] [Printer 1] Broadcasting AMS change via WebSocket
2026-05-31 08:38:02,471 INFO [backend.app.main] [-] [Printer 1] Broadcasting AMS change via WebSocket
2026-05-31 08:38:08,278 INFO [backend.app.main] [-] [Printer 2] Broadcasting AMS change via WebSocket
2026-05-31 08:39:09,158 INFO [backend.app.main] [-] Recorded 3 AMS sensor history entries
2026-05-31 08:40:42,649 INFO [backend.app.main] [-] [Printer 1] Broadcasting AMS change via WebSocket
2026-05-31 08:41:01,997 INFO [backend.app.api.routes.websocket] [-] WebSocket client connecting...
2026-05-31 08:41:01,998 INFO [backend.app.api.routes.websocket] [-] WebSocket client connected
2026-05-31 08:41:01,998 INFO [backend.app.api.routes.websocket] [-] Sent initial status for 2 printers
2026-05-31 08:42:26,544 INFO [backend.app.main] [-] [Printer 2] Broadcasting AMS change via WebSocket
2026-05-31 08:43:52,258 INFO [backend.app.api.routes.websocket] [-] WebSocket client disconnected normally
2026-05-31 08:44:09,161 INFO [backend.app.main] [-] Recorded 3 AMS sensor history entries
2026-05-31 08:44:19,442 INFO [backend.app.main] [-] [Printer 1] Broadcasting AMS change via WebSocket
2026-05-31 08:47:15,251 INFO [backend.app.main] [-] [Printer 2] Broadcasting AMS change via WebSocket
2026-05-31 08:47:33,548 INFO [backend.app.main] [-] [Printer 1] Broadcasting AMS change via WebSocket
2026-05-31 08:49:09,164 INFO [backend.app.main] [-] Sending temperature alarm for [PRINTER] HT-A: 46.2°C > 35.0°C
2026-05-31 08:49:09,167 INFO [backend.app.main] [-] Recorded 3 AMS sensor history entries
2026-05-31 08:49:22,727 INFO [backend.app.api.routes.websocket] [-] WebSocket client connecting...
2026-05-31 08:49:22,728 INFO [backend.app.api.routes.websocket] [-] WebSocket client connected
2026-05-31 08:49:22,728 INFO [backend.app.api.routes.websocket] [-] Sent initial status for 2 printers
2026-05-31 08:50:37,919 INFO [backend.app.main] [-] [Printer 1] Broadcasting AMS change via WebSocket
2026-05-31 08:52:04,212 INFO [backend.app.main] [-] [Printer 2] Broadcasting AMS change via WebSocket
2026-05-31 08:52:22,051 INFO [uvicorn.access] [-] [IP]:52352 - "POST /api/v1/printers/camera/stream-token HTTP/1.1" 200
2026-05-31 08:52:22,380 INFO [backend.app.api.routes.cloud] [fac9b48f] get_filament_info called with 3 IDs: ['GFG02', 'GFA01', 'GFU03']
2026-05-31 08:52:22,411 INFO [backend.app.api.routes.cloud] [0317c538] get_filament_info called with 2 IDs: ['GFA01', 'GFG02']
2026-05-31 08:52:22,479 INFO [backend.app.api.routes.printers] [0c39e188] Cover: resolved plate 1 before download (subtask=Filamentrollen_Box_-_[PRINTER]_-_Korpus)
2026-05-31 08:52:22,482 INFO [backend.app.api.routes.printers] [94c0f50a] Cover: resolved plate 1 before download (subtask=Filamentrollen_Box_-_[PRINTER]_-_Korpus)
2026-05-31 08:52:22,817 WARNING [backend.app.api.routes.cloud] [fac9b48f] Failed to get cloud preset GFG02 (API ID: GFSG02): Failed to get setting detail: 400
2026-05-31 08:52:23,039 WARNING [backend.app.api.routes.cloud] [0317c538] Failed to get cloud preset GFG02 (API ID: GFSG02): Failed to get setting detail: 400
2026-05-31 08:52:23,042 INFO [uvicorn.access] [-] [IP]:52352 - "POST /api/v1/cloud/filament-info HTTP/1.1" 200
2026-05-31 08:52:23,168 WARNING [backend.app.api.routes.cloud] [fac9b48f] Failed to get cloud preset GFU03 (API ID: GFSU03): Failed to get setting detail: 400
2026-05-31 08:52:23,171 INFO [uvicorn.access] [-] [IP]:52353 - "POST /api/v1/cloud/filament-info HTTP/1.1" 200
2026-05-31 08:52:25,024 INFO [backend.app.api.routes.websocket] [-] WebSocket client connecting...
2026-05-31 08:52:25,024 INFO [backend.app.api.routes.websocket] [-] WebSocket client connected
2026-05-31 08:52:25,025 INFO [backend.app.api.routes.websocket] [-] Sent initial status for 2 printers
2026-05-31 08:52:37,374 INFO [backend.app.api.routes.websocket] [-] WebSocket client disconnected normally
2026-05-31 08:54:09,170 INFO [backend.app.main] [-] Recorded 3 AMS sensor history entries
2026-05-31 08:54:32,756 INFO [backend.app.api.routes.websocket] [-] WebSocket client disconnected normally
2026-05-31 08:55:27,675 INFO [backend.app.main] [-] [Printer 1] Broadcasting AMS change via WebSocket
2026-05-31 08:55:40,896 INFO [backend.app.main] [-] [Printer 2] Broadcasting AMS change via WebSocket
2026-05-31 08:58:06,033 INFO [backend.app.api.routes.cloud] [e63bbd61] get_filament_info called with 3 IDs: ['GFG02', 'GFA01', 'GFU03']
2026-05-31 08:58:06,059 INFO [backend.app.api.routes.cloud] [c47e4d6e] get_filament_info called with 2 IDs: ['GFA01', 'GFG02']
2026-05-31 08:58:06,476 WARNING [backend.app.api.routes.cloud] [e63bbd61] Failed to get cloud preset GFG02 (API ID: GFSG02): Failed to get setting detail: 400
2026-05-31 08:58:06,694 WARNING [backend.app.api.routes.cloud] [c47e4d6e] Failed to get cloud preset GFG02 (API ID: GFSG02): Failed to get setting detail: 400
2026-05-31 08:58:06,697 INFO [uvicorn.access] [-] [IP]:59944 - "POST /api/v1/cloud/filament-info HTTP/1.1" 200
2026-05-31 08:58:06,863 WARNING [backend.app.api.routes.cloud] [e63bbd61] Failed to get cloud preset GFU03 (API ID: GFSU03): Failed to get setting detail: 400
2026-05-31 08:58:06,865 INFO [uvicorn.access] [-] [IP]:59939 - "POST /api/v1/cloud/filament-info HTTP/1.1" 200
2026-05-31 08:58:10,207 INFO [uvicorn.access] [-] [IP]:59946 - "POST /api/v1/printers/camera/stream-token HTTP/1.1" 200
2026-05-31 08:58:10,304 INFO [uvicorn.access] [-] [IP]:59945 - "POST /api/v1/printers/camera/stream-token HTTP/1.1" 200
2026-05-31 08:58:10,309 INFO [backend.app.api.routes.websocket] [-] WebSocket client connecting...
2026-05-31 08:58:10,309 INFO [backend.app.api.routes.websocket] [-] WebSocket client connected
2026-05-31 08:58:10,311 INFO [backend.app.api.routes.websocket] [-] Sent initial status for 2 printers
2026-05-31 08:58:10,586 INFO [backend.app.api.routes.printers] [3a05fb5f] Cover: resolved plate 1 before download (subtask=Filamentrollen_Box_-_[PRINTER]_-_Korpus)
2026-05-31 08:58:10,596 INFO [backend.app.api.routes.printers] [53afb521] Cover: resolved plate 1 before download (subtask=Filamentrollen_Box_-_[PRINTER]_-_Korpus)
2026-05-31 08:58:10,617 INFO [backend.app.api.routes.cloud] [41858d54] get_filament_info called with 3 IDs: ['GFG02', 'GFA01', 'GFU03']
2026-05-31 08:58:10,617 INFO [uvicorn.access] [-] [IP]:59948 - "POST /api/v1/cloud/filament-info HTTP/1.1" 200
2026-05-31 08:58:10,649 INFO [backend.app.api.routes.cloud] [bdc81c9c] get_filament_info called with 2 IDs: ['GFA01', 'GFG02']
2026-05-31 08:58:10,649 INFO [uvicorn.access] [-] [IP]:59950 - "POST /api/v1/cloud/filament-info HTTP/1.1" 200
2026-05-31 08:59:08,278 INFO [backend.app.main] [-] [Printer 2] Broadcasting AMS change via WebSocket
2026-05-31 08:59:09,175 INFO [backend.app.main] [-] Recorded 3 AMS sensor history entries
2026-05-31 09:00:11,862 INFO [backend.app.api.routes.websocket] [-] WebSocket client connecting...
2026-05-31 09:00:11,863 INFO [backend.app.api.routes.websocket] [-] WebSocket client connected
2026-05-31 09:00:11,863 INFO [backend.app.api.routes.websocket] [-] Sent initial status for 2 printers
2026-05-31 09:01:03,120 INFO [backend.app.api.routes.support] [f44dacb7] Log level changed to DEBUG
2026-05-31 09:01:03,120 INFO [backend.app.api.routes.bug_report] [f44dacb7] Bug report: enabled debug logging
2026-05-31 09:01:03,120 DEBUG [backend.app.services.bambu_mqtt] [f44dacb7] [[SERIAL]] Requesting status update (pushall)
2026-05-31 09:01:03,120 DEBUG [backend.app.services.bambu_mqtt] [f44dacb7] [[SERIAL]] Requesting status update (pushall)
2026-05-31 09:01:03,121 INFO [uvicorn.access] [-] [IP]:59994 - "POST /api/v1/bug-report/start-logging HTTP/1.1" 200
2026-05-31 09:01:03,210 DEBUG [backend.app.services.bambu_mqtt] [-] [[SERIAL]] Received gcode_state: RUNNING, gcode_file: Filamentrollen_Box_-_[PRINTER]_-_Korpus.3mf, subtask_name: Filamentrollen_Box_-_[PRINTER]_-_Korpus
2026-05-31 09:01:03,210 DEBUG [backend.app.services.bambu_mqtt] [-] [[SERIAL]] AMS dict fields: {'ams_exist_bits': '1', 'tray_exist_bits': 'f', 'tray_is_bbl_bits': 'f', 'tray_tar': '1', 'tray_now': '1', 'tray_pre': '1', 'tray_read_done_bits': 'f', 'tray_reading_bits': '0', 'version': 624, 'insert_flag': True, 'power_on_flag': True}
2026-05-31 09:01:03,210 DEBUG [backend.app.services.bambu_mqtt] [-] [[SERIAL]] tray_now updated: 1
2026-05-31 09:01:03,210 DEBUG [backend.app.services.bambu_mqtt] [-] [[SERIAL]] Merged AMS data: 1 new units, 1 total
2026-05-31 09:01:03,210 DEBUG [backend.app.services.bambu_mqtt] [-] [[SERIAL]] AMS 0 info=0x1001 -> extruder 0
2026-05-31 09:01:03,210 DEBUG [backend.app.services.bambu_mqtt] [-] [[SERIAL]] ams_extruder_map: {'0': 0}
2026-05-31 09:01:03,210 DEBUG [backend.app.services.bambu_mqtt] [-] [[SERIAL]] ams_status: 768 (main=3, sub=0)
2026-05-31 09:01:03,210 DEBUG [backend.app.services.bambu_mqtt] [-] [[SERIAL]] Received command response: push_status
2026-05-31 09:01:03,210 DEBUG [backend.app.services.bambu_mqtt] [-] [[SERIAL]] chamber_temper raw value: 5.0
2026-05-31 09:01:03,210 DEBUG [backend.app.services.bambu_mqtt] [-] [[SERIAL]] chamber_temper direct value: 5.0°C (heater OFF)
2026-05-31 09:01:03,210 DEBUG [backend.app.services.bambu_mqtt] [-] [[SERIAL]] Chamber heating calculated: target=0.0, current=5.0, heating=False, respect_local=False
2026-05-31 09:01:03,210 DEBUG [backend.app.services.bambu_mqtt] [-] [[SERIAL]] Chamber temp updated to: 5.0, target: 0.0, heating: False
2026-05-31 09:01:03,211 DEBUG [backend.app.services.bambu_mqtt] [-] [[SERIAL]] HMS data received: []
2026-05-31 09:01:03,211 DEBUG [backend.app.services.bambu_mqtt] [-] [[SERIAL]] ipcam field: {'ipcam_dev': '1', 'ipcam_record': 'enable', 'timelapse': 'enable', 'resolution': '', 'tutk_server': 'disable', 'mode_bits': 3}
2026-05-31 09:01:03,211 DEBUG [backend.app.services.bambu_mqtt] [-] [[SERIAL]] Timelapse detected during print (from ipcam)
2026-05-31 09:01:03,211 DEBUG [backend.app.services.bambu_mqtt] [-] [[SERIAL]] wifi_signal received: -72dBm
2026-05-31 09:01:03,211 DEBUG [backend.app.services.bambu_mqtt] [-] [[SERIAL]] lights_report: [{'node': 'chamber_light', 'mode': 'on'}]
2026-05-31 09:01:03,211 DEBUG [backend.app.services.bambu_mqtt] [-] [[SERIAL]] gcode_state: RUNNING -> RUNNING, file: Filamentrollen_Box_-_[PRINTER]_-_Korpus.3mf, subtask: Filamentrollen_Box_-_[PRINTER]_-_Korpus
2026-05-31 09:01:03,353 DEBUG [backend.app.services.bambu_mqtt] [-] [[SERIAL]] Found xcam inside print data: {'allow_skip_parts': False, 'buildplate_marker_detector': True, 'cfg': 8089015, 'first_layer_inspector': True, 'halt_print_sensitivity': 'medium', 'print_halt': True, 'printing_monitor': True, 'spaghetti_detector': True}
2026-05-31 09:01:03,353 DEBUG [backend.app.services.bambu_mqtt] [-] [[SERIAL]] Parsing xcam data - all fields: ['allow_skip_parts', 'buildplate_marker_detector', 'cfg', 'first_layer_inspector', 'halt_print_sensitivity', 'print_halt', 'printing_monitor', 'spaghetti_detector']
2026-05-31 09:01:03,353 DEBUG [backend.app.services.bambu_mqtt] [-] [[SERIAL]] xcam cfg bitmask: 8089015 (binary: 0b11110110110110110110111)
2026-05-31 09:01:03,353 DEBUG [backend.app.services.bambu_mqtt] [-] [[SERIAL]] Received gcode_state: RUNNING, gcode_file: /data/Metadata/plate_1.gcode, subtask_name: Filamentrollen_Box_-_[PRINTER]_-_Korpus
2026-05-31 09:01:03,353 DEBUG [backend.app.services.bambu_mqtt] [-] [[SERIAL]] AMS dict fields: {'ams_exist_bits': '11', 'ams_exist_bits_raw': '11', 'cali_id': 255, 'cali_stat': 0, 'cfs': [2, 3, 4, 5, 7], 'insert_flag': True, 'power_on_flag': True, 'tray_exist_bits': '1000b', 'tray_hall_out_bits': '1', 'tray_is_bbl_bits': '10003', 'tray_now': '0', 'tray_pre': '0', 'tray_read_done_bits': '1000b', 'tray_reading_bits': '0', 'tray_tar': '0', 'unbind_ams_stat': 0, 'version': 16370}
2026-05-31 09:01:03,353 DEBUG [backend.app.services.bambu_mqtt] [-] [[SERIAL]] tray_now updated: 0
2026-05-31 09:01:03,353 DEBUG [backend.app.services.bambu_mqtt] [-] [[SERIAL]] Merged AMS data: 2 new units, 2 total
2026-05-31 09:01:03,353 DEBUG [backend.app.services.bambu_mqtt] [-] [[SERIAL]] ams_status: 768 (main=3, sub=0)
2026-05-31 09:01:03,353 DEBUG [backend.app.services.bambu_mqtt] [-] [[SERIAL]] Received command response: push_status
2026-05-31 09:01:03,353 DEBUG [backend.app.services.bambu_mqtt] [-] [[SERIAL]] device.extruder.state=33042 (switch_state bits 12-14: 0)
2026-05-31 09:01:03,353 DEBUG [backend.app.services.bambu_mqtt] [-] [[SERIAL]] info.temp direct: 30°C (heater OFF)
2026-05-31 09:01:03,353 DEBUG [backend.app.services.bambu_mqtt] [-] [[SERIAL]] ctc_info keys: ['temp']
2026-05-31 09:01:03,353 DEBUG [backend.app.services.bambu_mqtt] [-] [[SERIAL]] Chamber heating calculated: target=0.0, current=30.0, heating=False, respect_local=False
2026-05-31 09:01:03,353 DEBUG [backend.app.services.bambu_mqtt] [-] [[SERIAL]] Chamber temp updated to: 30.0, target: 0.0, heating: False
2026-05-31 09:01:03,354 DEBUG [backend.app.services.bambu_mqtt] [-] [[SERIAL]] HMS data received: [{'attr': 83887616, 'code': 131184, 'ts_boot': 18419, 'ts_unix': '20260529183006'}]
2026-05-31 09:01:03,354 DEBUG [backend.app.services.bambu_mqtt] [-] [[SERIAL]] ipcam field: {'agora_service': 'disable', 'brtc_service': 'enable', 'bs_state': 0, 'cap_pic_enable': 'invalid', 'ipcam_dev': '1', 'ipcam_record': 'enable', 'laser_preview_res': 7, 'liveview_preview': True, 'mode_bits': 2, 'resolution': '1080p', 'rtsp_url': 'rtsps://[IP]:322/streaming/live/1', 'timelapse': 'enable', 'tl_external_free_kb': 35355456, 'tl_external_total_kb': 125297920, 'tl_internal_free_kb': 510624, 'tl_internal_total_kb': 962560, 'tl_store_hpd_type': 2, 'tl_store_path_type': 2, 'tutk_server': 'disable'}
2026-05-31 09:01:03,354 DEBUG [backend.app.services.bambu_mqtt] [-] [[SERIAL]] Timelapse detected during print (from ipcam)
2026-05-31 09:01:03,354 DEBUG [backend.app.services.bambu_mqtt] [-] [[SERIAL]] wifi_signal received: -75dBm
2026-05-31 09:01:03,354 DEBUG [backend.app.services.bambu_mqtt] [-] [[SERIAL]] lights_report: [{'mode': 'on', 'node': 'chamber_light'}, {'mode': 'flashing', 'node': 'work_light'}]
2026-05-31 09:01:03,354 DEBUG [backend.app.services.bambu_mqtt] [-] [[SERIAL]] MQTT mapping field: [0, 65535, 65535, 32768]
2026-05-31 09:01:03,354 DEBUG [backend.app.services.bambu_mqtt] [-] [[SERIAL]] gcode_state: RUNNING -> RUNNING, file: /data/Metadata/plate_1.gcode, subtask: Filamentrollen_Box_-_[PRINTER]_-_Korpus
2026-05-31 09:01:04,255 DEBUG [backend.app.services.bambu_mqtt] [-] [[SERIAL]] Found xcam inside print data: {'allow_skip_parts': False, 'buildplate_marker_detector': True, 'cfg': 8089015, 'first_layer_inspector': True, 'halt_print_sensitivity': 'medium', 'print_halt': True, 'printing_monitor': True, 'spaghetti_detector': True}
2026-05-31 09:01:04,255 DEBUG [backend.app.services.bambu_mqtt] [-] [[SERIAL]] Parsing xcam data - all fields: ['allow_skip_parts', 'buildplate_marker_detector', 'cfg', 'first_layer_inspector', 'halt_print_sensitivity', 'print_halt', 'printing_monitor', 'spaghetti_detector']
2026-05-31 09:01:04,255 DEBUG [backend.app.services.bambu_mqtt] [-] [[SERIAL]] xcam cfg bitmask: 8089015 (binary: 0b11110110110110110110111)
2026-05-31 09:01:04,255 DEBUG [backend.app.services.bambu_mqtt] [-] [[SERIAL]] Received gcode_state: RUNNING, gcode_file: /data/Metadata/plate_1.gcode, subtask_name: Filamentrollen_Box_-_[PRINTER]_-_Korpus
2026-05-31 09:01:04,255 DEBUG [backend.app.services.bambu_mqtt] [-] [[SERIAL]] AMS dict fields: {'ams_exist_bits': '11', 'ams_exist_bits_raw': '11', 'cali_id': 255, 'cali_stat': 0, 'cfs': [2, 3, 4, 5, 7], 'insert_flag': True, 'power_on_flag': True, 'tray_exist_bits': '1000b', 'tray_hall_out_bits': '1', 'tray_is_bbl_bits': '10003', 'tray_now': '0', 'tray_pre': '0', 'tray_read_done_bits': '1000b', 'tray_reading_bits': '0', 'tray_tar': '0', 'unbind_ams_stat': 0, 'version': 16370}
2026-05-31 09:01:04,255 DEBUG [backend.app.services.bambu_mqtt] [-] [[SERIAL]] tray_now updated: 0
2026-05-31 09:01:04,255 DEBUG [backend.app.services.bambu_mqtt] [-] [[SERIAL]] Merged AMS data: 2 new units, 2 total
2026-05-31 09:01:04,255 DEBUG [backend.app.services.bambu_mqtt] [-] [[SERIAL]] ams_status: 768 (main=3, sub=0)
2026-05-31 09:01:04,255 DEBUG [backend.app.services.bambu_mqtt] [-] [[SERIAL]] Received command response: push_status
2026-05-31 09:01:04,255 DEBUG [backend.app.services.bambu_mqtt] [-] [[SERIAL]] device.extruder.state=33042 (switch_state bits 12-14: 0)
2026-05-31 09:01:04,255 DEBUG [backend.app.services.bambu_mqtt] [-] [[SERIAL]] info.temp direct: 30°C (heater OFF)
2026-05-31 09:01:04,255 DEBUG [backend.app.services.bambu_mqtt] [-] [[SERIAL]] ctc_info keys: ['temp']
2026-05-31 09:01:04,255 DEBUG [backend.app.services.bambu_mqtt] [-] [[SERIAL]] Chamber heating calculated: target=0.0, current=30.0, heating=False, respect_local=False
2026-05-31 09:01:04,255 DEBUG [backend.app.services.bambu_mqtt] [-] [[SERIAL]] Chamber temp updated to: 30.0, target: 0.0, heating: False
2026-05-31 09:01:04,255 DEBUG [backend.app.services.bambu_mqtt] [-] [[SERIAL]] HMS data received: [{'attr': 83887616, 'code': 131184, 'ts_boot': 18419, 'ts_unix': '20260529183006'}]
2026-05-31 09:01:04,255 DEBUG [backend.app.services.bambu_mqtt] [-] [[SERIAL]] ipcam field: {'agora_service': 'disable', 'brtc_service': 'enable', 'bs_state': 0, 'cap_pic_enable': 'invalid', 'ipcam_dev': '1', 'ipcam_record': 'enable', 'laser_preview_res': 7, 'liveview_preview': True, 'mode_bits': 2, 'resolution': '1080p', 'rtsp_url': 'rtsps://[IP]:322/streaming/live/1', 'timelapse': 'enable', 'tl_external_free_kb': 35354688, 'tl_external_total_kb': 125297920, 'tl_internal_free_kb': 510624, 'tl_internal_total_kb': 962560, 'tl_store_hpd_type': 2, 'tl_store_path_type': 2, 'tutk_server': 'disable'}
2026-05-31 09:01:04,255 DEBUG [backend.app.services.bambu_mqtt] [-] [[SERIAL]] Timelapse detected during print (from ipcam)
2026-05-31 09:01:04,255 DEBUG [backend.app.services.bambu_mqtt] [-] [[SERIAL]] wifi_signal received: -75dBm
2026-05-31 09:01:04,256 DEBUG [backend.app.services.bambu_mqtt] [-] [[SERIAL]] lights_report: [{'mode': 'on', 'node': 'chamber_light'}, {'mode': 'flashing', 'node': 'work_light'}]
2026-05-31 09:01:04,256 DEBUG [backend.app.services.bambu_mqtt] [-] [[SERIAL]] MQTT mapping field: [0, 65535, 65535, 32768]
2026-05-31 09:01:04,256 DEBUG [backend.app.services.bambu_mqtt] [-] [[SERIAL]] gcode_state: RUNNING -> RUNNING, file: /data/Metadata/plate_1.gcode, subtask: Filamentrollen_Box_-_[PRINTER]_-_Korpus
2026-05-31 09:01:05,237 DEBUG [backend.app.services.bambu_mqtt] [-] [[SERIAL]] Received command response: push_status
2026-05-31 09:01:05,237 DEBUG [backend.app.services.bambu_mqtt] [-] [[SERIAL]] wifi_signal received: -74dBm