2026-06-29 14:38:54,160 INFO [backend.app.api.routes.websocket] [-] Sent initial status for 1 printers
2026-06-29 14:38:59,874 INFO [backend.app.services.bambu_mqtt] [-] [[SERIAL]] Probing developer mode via ams_filament_setting (seq=5)
2026-06-29 14:38:59,892 INFO [backend.app.services.bambu_mqtt] [-] [[SERIAL]] Developer mode probe: ENABLED (result='success')
2026-06-29 14:39:00,119 INFO [backend.app.main] [-] Recorded 1 AMS sensor history entries
2026-06-29 14:39:34,262 INFO [backend.app.services.camera] [3b44ffb7] Found ffmpeg at: /usr/bin/ffmpeg
2026-06-29 14:57:52,424 INFO [root] [-] Logging to file: /app/logs/bambuddy.log
2026-06-29 14:57:52,425 INFO [root] [-] Bambuddy starting - debug=False, log_level=INFO
2026-06-29 14:57:53,296 INFO [backend.app.services.printer_manager] [-] Loaded 1 printer(s) awaiting plate-clear acknowledgment: [1]
2026-06-29 14:57:53,300 INFO [backend.app.services.mqtt_relay] [-] MQTT relay disabled
2026-06-29 14:57:54,071 WARNING [backend.app.services.bambu_mqtt] [-] [[SERIAL]] MQTT disconnected: rc=Unspecified error, flags=DisconnectFlags(is_disconnect_packet_from_server=False)
2026-06-29 14:57:54,071 WARNING [backend.app.services.bambu_mqtt] [-] [[SERIAL]] Disconnected shortly after request topic subscription. Disabling request topic for this printer.
2026-06-29 14:57:54,311 INFO [backend.app.services.background_dispatch] [-] Background dispatch dispatcher started
2026-06-29 14:57:54,311 INFO [backend.app.services.smart_plug_manager] [-] Smart plug scheduler started
2026-06-29 14:57:54,311 INFO [backend.app.services.smart_plug_manager] [-] Smart plug energy snapshot loop started
2026-06-29 14:57:54,315 INFO [backend.app.services.print_scheduler] [-] Print scheduler started
2026-06-29 14:57:54,316 INFO [backend.app.services.notification_service] [-] Notification digest scheduler started
2026-06-29 14:57:54,316 INFO [backend.app.services.github_backup] [-] Starting GitHub backup scheduler
2026-06-29 14:57:54,316 INFO [backend.app.services.local_backup] [-] Starting local backup scheduler
2026-06-29 14:57:54,318 INFO [backend.app.services.obico_detection] [-] Starting Obico detection service
2026-06-29 14:57:54,318 INFO [backend.app.services.library_trash] [-] Starting library trash sweeper
2026-06-29 14:57:54,318 INFO [backend.app.services.archive_purge] [-] Starting archive auto-purge sweeper
2026-06-29 14:57:54,318 INFO [backend.app.main] [-] AMS history recording started
2026-06-29 14:57:54,318 INFO [backend.app.main] [-] Printer runtime tracking started
2026-06-29 14:57:54,318 INFO [backend.app.main] [-] SpoolBuddy watchdog started
2026-06-29 14:57:54,318 INFO [backend.app.main] [-] Camera stream cleanup started
2026-06-29 14:57:54,318 INFO [backend.app.main] [-] Expected prints cleanup started
2026-06-29 14:57:54,318 INFO [backend.app.main] [-] Auth periodic cleanup started
2026-06-29 14:57:54,322 INFO [backend.app.services.loop_watchdog] [-] Event-loop stall watchdog started — dumps all thread stacks to stderr if the loop stalls for more than 30s
2026-06-29 14:57:54,326 INFO [root] [-] Virtual printer manager synced from database
2026-06-29 14:57:55,884 INFO [backend.app.main] [-] [Printer 1] Broadcasting AMS change via WebSocket
2026-06-29 14:57:55,899 INFO [backend.app.services.bambu_mqtt] [-] [[SERIAL]] Firmware version: 01.10.00.00
2026-06-29 14:58:02,960 INFO [backend.app.services.bambu_mqtt] [-] [[SERIAL]] Probing developer mode via ams_filament_setting (seq=5)
2026-06-29 14:58:02,968 INFO [backend.app.services.bambu_mqtt] [-] [[SERIAL]] Developer mode probe: ENABLED (result='success')
2026-06-29 14:58:04,338 INFO [backend.app.main] [-] Recorded 1 AMS sensor history entries
2026-06-29 14:58:20,539 INFO [backend.app.api.routes.websocket] [-] WebSocket client connecting (principal=<anonymous>)
2026-06-29 14:58:20,539 INFO [backend.app.api.routes.websocket] [-] WebSocket client connected
2026-06-29 14:58:20,540 INFO [backend.app.api.routes.websocket] [-] Sent initial status for 1 printers
2026-06-29 14:58:49,699 INFO [root] [-] Logging to file: /app/logs/bambuddy.log
2026-06-29 14:58:49,700 INFO [root] [-] Bambuddy starting - debug=False, log_level=INFO
2026-06-29 14:58:50,497 INFO [backend.app.services.printer_manager] [-] Loaded 1 printer(s) awaiting plate-clear acknowledgment: [1]
2026-06-29 14:58:50,501 INFO [backend.app.services.mqtt_relay] [-] MQTT relay disabled
2026-06-29 14:58:51,270 WARNING [backend.app.services.bambu_mqtt] [-] [[SERIAL]] MQTT disconnected: rc=Unspecified error, flags=DisconnectFlags(is_disconnect_packet_from_server=False)
2026-06-29 14:58:51,270 WARNING [backend.app.services.bambu_mqtt] [-] [[SERIAL]] Disconnected shortly after request topic subscription. Disabling request topic for this printer.
2026-06-29 14:58:51,510 INFO [backend.app.services.background_dispatch] [-] Background dispatch dispatcher started
2026-06-29 14:58:51,510 INFO [backend.app.services.smart_plug_manager] [-] Smart plug scheduler started
2026-06-29 14:58:51,510 INFO [backend.app.services.smart_plug_manager] [-] Smart plug energy snapshot loop started
2026-06-29 14:58:51,513 INFO [backend.app.services.print_scheduler] [-] Print scheduler started
2026-06-29 14:58:51,514 INFO [backend.app.services.notification_service] [-] Notification digest scheduler started
2026-06-29 14:58:51,514 INFO [backend.app.services.github_backup] [-] Starting GitHub backup scheduler
2026-06-29 14:58:51,514 INFO [backend.app.services.local_backup] [-] Starting local backup scheduler
2026-06-29 14:58:51,516 INFO [backend.app.services.obico_detection] [-] Starting Obico detection service
2026-06-29 14:58:51,516 INFO [backend.app.services.library_trash] [-] Starting library trash sweeper
2026-06-29 14:58:51,516 INFO [backend.app.services.archive_purge] [-] Starting archive auto-purge sweeper
2026-06-29 14:58:51,516 INFO [backend.app.main] [-] AMS history recording started
2026-06-29 14:58:51,516 INFO [backend.app.main] [-] Printer runtime tracking started
2026-06-29 14:58:51,516 INFO [backend.app.main] [-] SpoolBuddy watchdog started
2026-06-29 14:58:51,516 INFO [backend.app.main] [-] Camera stream cleanup started
2026-06-29 14:58:51,516 INFO [backend.app.main] [-] Expected prints cleanup started
2026-06-29 14:58:51,516 INFO [backend.app.main] [-] Auth periodic cleanup started
2026-06-29 14:58:51,516 INFO [backend.app.services.loop_watchdog] [-] Event-loop stall watchdog started — dumps all thread stacks to stderr if the loop stalls for more than 30s
2026-06-29 14:58:51,519 INFO [root] [-] Virtual printer manager synced from database
2026-06-29 14:58:53,092 INFO [backend.app.main] [-] [Printer 1] Broadcasting AMS change via WebSocket
2026-06-29 14:58:53,105 INFO [backend.app.services.bambu_mqtt] [-] [[SERIAL]] Firmware version: 01.10.00.00
2026-06-29 14:58:54,542 INFO [uvicorn.access] [-] [IP]:32786 - "POST /api/v1/auth/ws-token HTTP/1.1" 200
2026-06-29 14:58:54,549 INFO [backend.app.api.routes.websocket] [-] WebSocket client connecting (principal=<anonymous>)
2026-06-29 14:58:54,549 INFO [backend.app.api.routes.websocket] [-] WebSocket client connected
2026-06-29 14:58:54,551 INFO [backend.app.api.routes.websocket] [-] Sent initial status for 1 printers
2026-06-29 14:58:58,161 INFO [backend.app.services.bambu_mqtt] [-] [[SERIAL]] Probing developer mode via ams_filament_setting (seq=5)
2026-06-29 14:58:58,208 INFO [backend.app.services.bambu_mqtt] [-] [[SERIAL]] Developer mode probe: ENABLED (result='success')
2026-06-29 14:59:01,526 INFO [backend.app.main] [-] Recorded 1 AMS sensor history entries
2026-06-29 15:04:01,531 INFO [backend.app.main] [-] Recorded 1 AMS sensor history entries
2026-06-29 15:06:31,027 INFO [root] [-] Logging to file: /app/logs/bambuddy.log
2026-06-29 15:06:31,028 INFO [root] [-] Bambuddy starting - debug=False, log_level=INFO
2026-06-29 15:06:31,875 INFO [backend.app.services.printer_manager] [-] Loaded 1 printer(s) awaiting plate-clear acknowledgment: [1]
2026-06-29 15:06:31,878 INFO [backend.app.services.mqtt_relay] [-] MQTT relay disabled
2026-06-29 15:06:32,665 WARNING [backend.app.services.bambu_mqtt] [-] [[SERIAL]] MQTT disconnected: rc=Unspecified error, flags=DisconnectFlags(is_disconnect_packet_from_server=False)
2026-06-29 15:06:32,665 WARNING [backend.app.services.bambu_mqtt] [-] [[SERIAL]] Disconnected shortly after request topic subscription. Disabling request topic for this printer.
2026-06-29 15:06:32,886 INFO [backend.app.services.background_dispatch] [-] Background dispatch dispatcher started
2026-06-29 15:06:32,886 INFO [backend.app.services.smart_plug_manager] [-] Smart plug scheduler started
2026-06-29 15:06:32,886 INFO [backend.app.services.smart_plug_manager] [-] Smart plug energy snapshot loop started
2026-06-29 15:06:32,888 INFO [backend.app.services.print_scheduler] [-] Print scheduler started
2026-06-29 15:06:32,889 INFO [backend.app.services.notification_service] [-] Notification digest scheduler started
2026-06-29 15:06:32,890 INFO [backend.app.services.github_backup] [-] Starting GitHub backup scheduler
2026-06-29 15:06:32,890 INFO [backend.app.services.local_backup] [-] Starting local backup scheduler
2026-06-29 15:06:32,891 INFO [backend.app.services.obico_detection] [-] Starting Obico detection service
2026-06-29 15:06:32,891 INFO [backend.app.services.library_trash] [-] Starting library trash sweeper
2026-06-29 15:06:32,891 INFO [backend.app.services.archive_purge] [-] Starting archive auto-purge sweeper
2026-06-29 15:06:32,891 INFO [backend.app.main] [-] AMS history recording started
2026-06-29 15:06:32,891 INFO [backend.app.main] [-] Printer runtime tracking started
2026-06-29 15:06:32,891 INFO [backend.app.main] [-] SpoolBuddy watchdog started
2026-06-29 15:06:32,891 INFO [backend.app.main] [-] Camera stream cleanup started
2026-06-29 15:06:32,891 INFO [backend.app.main] [-] Expected prints cleanup started
2026-06-29 15:06:32,891 INFO [backend.app.main] [-] Auth periodic cleanup started
2026-06-29 15:06:32,896 INFO [backend.app.services.loop_watchdog] [-] Event-loop stall watchdog started — dumps all thread stacks to stderr if the loop stalls for more than 30s
2026-06-29 15:06:32,899 INFO [root] [-] Virtual printer manager synced from database
2026-06-29 15:06:33,963 INFO [uvicorn.access] [-] [IP]:39332 - "POST /api/v1/auth/ws-token HTTP/1.1" 200
2026-06-29 15:06:33,971 INFO [backend.app.api.routes.websocket] [-] WebSocket client connecting (principal=<anonymous>)
2026-06-29 15:06:33,971 INFO [backend.app.api.routes.websocket] [-] WebSocket client connected
2026-06-29 15:06:33,971 INFO [backend.app.api.routes.websocket] [-] Sent initial status for 1 printers
2026-06-29 15:06:34,431 INFO [backend.app.services.bambu_mqtt] [-] [[SERIAL]] Firmware version: 01.10.00.00
2026-06-29 15:06:34,665 INFO [backend.app.main] [-] [Printer 1] Broadcasting AMS change via WebSocket
2026-06-29 15:06:40,723 INFO [backend.app.services.bambu_mqtt] [-] [[SERIAL]] Probing developer mode via ams_filament_setting (seq=5)
2026-06-29 15:06:40,742 INFO [backend.app.services.bambu_mqtt] [-] [[SERIAL]] Developer mode probe: ENABLED (result='success')
2026-06-29 15:06:42,902 INFO [backend.app.main] [-] Recorded 1 AMS sensor history entries
2026-06-29 15:11:42,914 INFO [backend.app.main] [-] Recorded 1 AMS sensor history entries
2026-06-29 15:16:42,928 INFO [backend.app.main] [-] Recorded 1 AMS sensor history entries
2026-06-29 15:21:42,940 INFO [backend.app.main] [-] Recorded 1 AMS sensor history entries
2026-06-29 15:26:42,961 INFO [backend.app.main] [-] Recorded 1 AMS sensor history entries
2026-06-29 15:30:38,576 INFO [uvicorn.access] [-] [IP]:46052 - "POST /api/v1/printers/camera/stream-token HTTP/1.1" 200
2026-06-29 15:30:38,656 INFO [backend.app.services.camera] [16981d92] Found ffmpeg at: /usr/bin/ffmpeg
2026-06-29 15:30:46,044 INFO [backend.app.api.routes.cloud] [0aad0943] get_filament_info called with 3 IDs: ['GFB99', 'GFL99', 'GFU99']
2026-06-29 15:30:46,058 INFO [uvicorn.access] [-] [IP]:42100 - "POST /api/v1/cloud/filament-info HTTP/1.1" 200
2026-06-29 15:31:08,857 INFO [backend.app.services.bambu_mqtt] [-] [[SERIAL]] Firmware version: 01.10.00.00
2026-06-29 15:31:08,985 INFO [backend.app.main] [-] [Printer 1] Broadcasting AMS change via WebSocket
2026-06-29 15:31:09,088 INFO [uvicorn.access] [-] [IP]:34866 - "POST /api/v1/printers/1/connect HTTP/1.1" 200
2026-06-29 15:31:17,041 INFO [backend.app.services.bambu_mqtt] [-] [[SERIAL]] Probing developer mode via ams_filament_setting (seq=3)
2026-06-29 15:31:17,057 INFO [backend.app.services.bambu_mqtt] [-] [[SERIAL]] Developer mode probe: ENABLED (result='success')
2026-06-29 15:31:26,508 INFO [backend.app.services.bambu_mqtt] [7a49e5b5] [[SERIAL]] Set chamber lights off (seq=5)
2026-06-29 15:31:26,509 INFO [uvicorn.access] [-] [IP]:46398 - "POST /api/v1/printers/1/chamber-light?on=false HTTP/1.1" 200
2026-06-29 15:31:27,419 INFO [backend.app.services.bambu_mqtt] [5b3689f9] [[SERIAL]] Set chamber lights on (seq=7)
2026-06-29 15:31:27,419 INFO [uvicorn.access] [-] [IP]:46398 - "POST /api/v1/printers/1/chamber-light?on=true HTTP/1.1" 200
2026-06-29 15:31:42,973 INFO [backend.app.main] [-] Recorded 1 AMS sensor history entries
2026-06-29 15:31:48,231 INFO [backend.app.services.bambu_ftp] [-] FTP connected successfully to [IP] (model=[PRINTER], prot_c=False)
2026-06-29 15:31:49,216 INFO [uvicorn.access] [-] [IP]:45066 - "PATCH /api/v1/printers/1 HTTP/1.1" 200
2026-06-29 15:31:51,009 INFO [uvicorn.access] [-] [IP]:45066 - "PATCH /api/v1/printers/1 HTTP/1.1" 200
2026-06-29 15:31:51,887 INFO [backend.app.services.bambu_ftp] [-] FTP connected successfully to [IP] (model=[PRINTER], prot_c=False)
2026-06-29 15:35:19,368 INFO [uvicorn.access] [-] [IP]:51066 - "POST /api/v1/printers/1/refresh-status HTTP/1.1" 200
2026-06-29 15:36:03,021 INFO [backend.app.api.routes.cloud] [8ad33616] get_filament_info called with 3 IDs: ['GFB99', 'GFL99', 'GFU99']
2026-06-29 15:36:03,027 INFO [uvicorn.access] [-] [IP]:42442 - "POST /api/v1/cloud/filament-info HTTP/1.1" 200
2026-06-29 15:36:55,605 INFO [root] [-] Logging to file: /app/logs/bambuddy.log
2026-06-29 15:36:55,613 INFO [root] [-] Bambuddy starting - debug=False, log_level=INFO
2026-06-29 15:36:56,630 INFO [backend.app.services.printer_manager] [-] Loaded 1 printer(s) awaiting plate-clear acknowledgment: [1]
2026-06-29 15:36:56,635 INFO [backend.app.services.mqtt_relay] [-] MQTT relay disabled
2026-06-29 15:36:57,395 WARNING [backend.app.services.bambu_mqtt] [-] [[SERIAL]] MQTT disconnected: rc=Unspecified error, flags=DisconnectFlags(is_disconnect_packet_from_server=False)
2026-06-29 15:36:57,395 WARNING [backend.app.services.bambu_mqtt] [-] [[SERIAL]] Disconnected shortly after request topic subscription. Disabling request topic for this printer.
2026-06-29 15:36:57,396 INFO [backend.app.main] [-] [#1752] Printer 1 connected→disconnected edge; scheduling offline notification in 60s
2026-06-29 15:36:57,643 INFO [backend.app.services.smart_plug_manager] [-] Smart plug scheduler started
2026-06-29 15:36:57,644 INFO [backend.app.services.smart_plug_manager] [-] Smart plug energy snapshot loop started
2026-06-29 15:36:57,646 INFO [backend.app.services.print_scheduler] [-] Print scheduler started
2026-06-29 15:36:57,647 INFO [backend.app.services.notification_service] [-] Notification digest scheduler started
2026-06-29 15:36:57,647 INFO [backend.app.services.github_backup] [-] Starting GitHub backup scheduler
2026-06-29 15:36:57,647 INFO [backend.app.services.local_backup] [-] Starting local backup scheduler
2026-06-29 15:36:57,650 INFO [backend.app.services.obico_detection] [-] Starting Obico detection service
2026-06-29 15:36:57,651 INFO [backend.app.services.library_trash] [-] Starting library trash sweeper
2026-06-29 15:36:57,651 INFO [backend.app.services.archive_purge] [-] Starting archive auto-purge sweeper
2026-06-29 15:36:57,651 INFO [backend.app.main] [-] AMS history recording started
2026-06-29 15:36:57,651 INFO [backend.app.main] [-] Printer sensor history recording started
2026-06-29 15:36:57,651 INFO [backend.app.main] [-] Printer runtime tracking started
2026-06-29 15:36:57,651 INFO [backend.app.main] [-] SpoolBuddy watchdog started
2026-06-29 15:36:57,651 INFO [backend.app.main] [-] Camera stream cleanup started
2026-06-29 15:36:57,651 INFO [backend.app.main] [-] Expected prints cleanup started
2026-06-29 15:36:57,651 INFO [backend.app.main] [-] Auth periodic cleanup started
2026-06-29 15:36:57,651 INFO [backend.app.services.loop_watchdog] [-] Event-loop stall watchdog started — dumps all thread stacks to stderr if the loop stalls for more than 30s
2026-06-29 15:36:57,657 INFO [root] [-] Virtual printer manager synced from database
2026-06-29 15:36:57,946 INFO [uvicorn.access] [-] [IP]:52212 - "POST /api/v1/printers/camera/stream-token HTTP/1.1" 200
2026-06-29 15:36:57,955 INFO [uvicorn.access] [-] [IP]:52220 - "POST /api/v1/auth/ws-token HTTP/1.1" 200
2026-06-29 15:36:57,985 INFO [backend.app.services.camera] [3bf14a33] Found ffmpeg at: /usr/bin/ffmpeg
2026-06-29 15:36:59,153 INFO [backend.app.main] [-] [#1752] Printer 1 reconnected before debounce; cancelling pending offline notification
2026-06-29 15:36:59,173 INFO [backend.app.services.bambu_mqtt] [-] [[SERIAL]] Firmware version: 01.10.00.00
2026-06-29 15:36:59,539 INFO [backend.app.main] [-] [Printer 1] Broadcasting AMS change via WebSocket
2026-06-29 15:37:05,838 INFO [backend.app.api.routes.websocket] [-] WebSocket client connecting (principal=<anonymous>)
2026-06-29 15:37:05,839 INFO [backend.app.api.routes.websocket] [-] WebSocket client connected
2026-06-29 15:37:05,839 INFO [backend.app.api.routes.websocket] [-] Sent initial status for 1 printers
2026-06-29 15:37:05,964 INFO [backend.app.api.routes.cloud] [5b7ad208] get_filament_info called with 3 IDs: ['GFB99', 'GFL99', 'GFU99']
2026-06-29 15:37:05,968 INFO [uvicorn.access] [-] [IP]:59184 - "POST /api/v1/cloud/filament-info HTTP/1.1" 200
2026-06-29 15:37:07,605 INFO [backend.app.services.bambu_mqtt] [-] [[SERIAL]] Probing developer mode via ams_filament_setting (seq=5)
2026-06-29 15:37:07,617 INFO [backend.app.services.bambu_mqtt] [-] [[SERIAL]] Developer mode probe: ENABLED (result='success')
2026-06-29 15:37:07,660 INFO [backend.app.main] [-] Recorded 1 AMS sensor history entries
2026-06-29 15:39:16,326 INFO [uvicorn.access] [-] [IP]:48830 - "PATCH /api/v1/printers/1 HTTP/1.1" 200
2026-06-29 15:39:17,154 INFO [uvicorn.access] [-] [IP]:48830 - "PATCH /api/v1/printers/1 HTTP/1.1" 200
2026-06-29 15:39:46,911 INFO [backend.app.services.virtual_printer.certificate] [79e08c75] Using existing CA certificate (expires in 7299 days)
2026-06-29 15:41:28,314 INFO [uvicorn.access] [-] [IP]:58576 - "POST /api/v1/notification-templates/preview HTTP/1.1" 200
2026-06-29 15:42:07,670 INFO [backend.app.main] [-] Recorded 1 AMS sensor history entries
2026-06-29 15:42:13,095 INFO [backend.app.api.routes.cloud] [ea297d73] get_filament_info called with 3 IDs: ['GFB99', 'GFL99', 'GFU99']
2026-06-29 15:42:13,097 INFO [uvicorn.access] [-] [IP]:46004 - "POST /api/v1/cloud/filament-info HTTP/1.1" 200
2026-06-29 15:44:42,601 INFO [backend.app.api.routes.support] [503bce93] Log level changed to DEBUG
2026-06-29 15:44:42,601 INFO [backend.app.api.routes.bug_report] [503bce93] Bug report: enabled debug logging
2026-06-29 15:44:42,601 DEBUG [backend.app.services.bambu_mqtt] [503bce93] [[SERIAL]] Requesting status update (pushall)
2026-06-29 15:44:42,602 INFO [uvicorn.access] [-] [IP]:44546 - "POST /api/v1/bug-report/start-logging HTTP/1.1" 200
2026-06-29 15:44:42,637 DEBUG [backend.app.services.bambu_mqtt] [-] [[SERIAL]] Received gcode_state: IDLE, gcode_file: , subtask_name: 
2026-06-29 15:44:42,637 DEBUG [backend.app.services.bambu_mqtt] [-] [[SERIAL]] AMS dict fields: {'ams_exist_bits': '1', 'tray_exist_bits': 'f', 'tray_is_bbl_bits': 'f', 'tray_tar': '255', 'tray_now': '255', 'tray_pre': '255', 'tray_read_done_bits': 'f', 'tray_reading_bits': '0', 'version': 6, 'insert_flag': False, 'power_on_flag': False}
2026-06-29 15:44:42,637 DEBUG [backend.app.services.bambu_mqtt] [-] [[SERIAL]] tray_now updated: 255
2026-06-29 15:44:42,637 DEBUG [backend.app.services.bambu_mqtt] [-] [[SERIAL]] Merged AMS data: 1 new units, 1 total
2026-06-29 15:44:42,638 DEBUG [backend.app.services.bambu_mqtt] [-] [[SERIAL]] AMS 0 info=0x1001 -> extruder 0
2026-06-29 15:44:42,638 DEBUG [backend.app.services.bambu_mqtt] [-] [[SERIAL]] ams_extruder_map: {'0': 0}
2026-06-29 15:44:42,638 DEBUG [backend.app.services.bambu_mqtt] [-] [[SERIAL]] ams_status: 0 (main=0, sub=0)
2026-06-29 15:44:42,638 DEBUG [backend.app.services.bambu_mqtt] [-] [[SERIAL]] Received command response: push_status
2026-06-29 15:44:42,638 DEBUG [backend.app.services.bambu_mqtt] [-] [[SERIAL]] chamber_temper raw value: 5.0
2026-06-29 15:44:42,638 DEBUG [backend.app.services.bambu_mqtt] [-] [[SERIAL]] chamber_temper direct value: 5.0°C (heater OFF)
2026-06-29 15:44:42,638 DEBUG [backend.app.services.bambu_mqtt] [-] [[SERIAL]] Chamber heating calculated: target=0.0, current=5.0, heating=False, respect_local=False
2026-06-29 15:44:42,638 DEBUG [backend.app.services.bambu_mqtt] [-] [[SERIAL]] Chamber temp updated to: 5.0, target: 0.0, heating: False
2026-06-29 15:44:42,638 DEBUG [backend.app.services.bambu_mqtt] [-] [[SERIAL]] HMS data received: []
2026-06-29 15:44:42,638 DEBUG [backend.app.services.bambu_mqtt] [-] [[SERIAL]] ipcam field: {'ipcam_dev': '1', 'ipcam_record': 'disable', 'timelapse': 'disable', 'resolution': '', 'tutk_server': 'disable', 'mode_bits': 3}
2026-06-29 15:44:42,638 DEBUG [backend.app.services.bambu_mqtt] [-] [[SERIAL]] wifi_signal received: -49dBm
2026-06-29 15:44:42,638 DEBUG [backend.app.services.bambu_mqtt] [-] [[SERIAL]] lights_report: [{'node': 'chamber_light', 'mode': 'on'}]
2026-06-29 15:44:42,638 DEBUG [backend.app.services.bambu_mqtt] [-] [[SERIAL]] gcode_state: IDLE -> IDLE, file: , subtask: 
2026-06-29 15:44:44,654 DEBUG [backend.app.services.bambu_mqtt] [-] [[SERIAL]] Received command response: push_status
2026-06-29 15:44:44,654 DEBUG [backend.app.services.bambu_mqtt] [-] [[SERIAL]] wifi_signal received: -48dBm
2026-06-29 15:44:46,678 DEBUG [backend.app.services.bambu_mqtt] [-] [[SERIAL]] Received command response: push_status
2026-06-29 15:44:46,678 DEBUG [backend.app.services.bambu_mqtt] [-] [[SERIAL]] wifi_signal received: -49dBm