2026-06-19 21:48:12,937 INFO [backend.app.services.smart_plug_manager] [-] Smart plug scheduler started
2026-06-19 21:48:12,937 INFO [backend.app.services.smart_plug_manager] [-] Smart plug energy snapshot loop started
2026-06-19 21:48:12,941 INFO [backend.app.services.print_scheduler] [-] Print scheduler started
2026-06-19 21:48:12,945 INFO [backend.app.services.notification_service] [-] Notification digest scheduler started
2026-06-19 21:48:12,945 INFO [backend.app.services.github_backup] [-] Starting GitHub backup scheduler
2026-06-19 21:48:12,945 INFO [backend.app.services.local_backup] [-] Starting local backup scheduler
2026-06-19 21:48:12,948 INFO [backend.app.services.obico_detection] [-] Starting Obico detection service
2026-06-19 21:48:12,948 INFO [backend.app.services.library_trash] [-] Starting library trash sweeper
2026-06-19 21:48:12,948 INFO [backend.app.services.archive_purge] [-] Starting archive auto-purge sweeper
2026-06-19 21:48:12,948 INFO [backend.app.main] [-] AMS history recording started
2026-06-19 21:48:12,949 INFO [backend.app.main] [-] Printer runtime tracking started
2026-06-19 21:48:12,949 INFO [backend.app.main] [-] SpoolBuddy watchdog started
2026-06-19 21:48:12,949 INFO [backend.app.main] [-] Camera stream cleanup started
2026-06-19 21:48:12,949 INFO [backend.app.main] [-] Expected prints cleanup started
2026-06-19 21:48:12,949 INFO [backend.app.main] [-] Auth periodic cleanup started
2026-06-19 21:48:12,949 INFO [backend.app.services.loop_watchdog] [-] Event-loop stall watchdog started — dumps all thread stacks to stderr if the loop stalls for more than 30s
2026-06-19 21:48:12,956 INFO [root] [-] Virtual printer manager synced from database
2026-06-19 21:48:13,018 INFO [backend.app.api.routes.websocket] [-] WebSocket connect refused: no token (auth enabled)
2026-06-19 21:48:14,178 INFO [uvicorn.access] [-] [IP]:56617 - "POST /api/v1/printers/camera/stream-token HTTP/1.1" 200
2026-06-19 21:48:14,291 INFO [uvicorn.access] [-] [IP]:51611 - "POST /api/v1/auth/ws-token HTTP/1.1" 200
2026-06-19 21:48:14,310 INFO [backend.app.api.routes.websocket] [-] WebSocket client connecting (principal=[USER])
2026-06-19 21:48:14,310 INFO [backend.app.api.routes.websocket] [-] WebSocket client connected
2026-06-19 21:48:14,311 INFO [backend.app.api.routes.websocket] [-] Sent initial status for 1 printers
2026-06-19 21:48:14,540 INFO [backend.app.main] [-] [Printer 1] Broadcasting AMS change via WebSocket
2026-06-19 21:48:14,583 INFO [backend.app.services.bambu_mqtt] [-] [[SERIAL]] Firmware version: 01.08.01.00
2026-06-19 21:48:14,583 WARNING [backend.app.services.bambu_mqtt] [-] [[SERIAL]] AMS unit 0: serial number not available in version info
2026-06-19 21:48:14,583 WARNING [backend.app.services.bambu_mqtt] [-] [[SERIAL]] AMS unit 0: firmware version not available in version info
2026-06-19 21:48:22,960 INFO [backend.app.main] [-] Recorded 1 AMS sensor history entries
2026-06-19 21:48:25,715 INFO [backend.app.services.bambu_mqtt] [-] [[SERIAL]] Probing developer mode via ams_filament_setting (seq=5)
2026-06-19 21:48:25,727 INFO [backend.app.services.bambu_mqtt] [-] [[SERIAL]] Developer mode probe: ENABLED (result='success')
2026-06-19 21:48:32,019 INFO [uvicorn.access] [-] [IP]:51536 - "POST /api/v1/library/folders/external HTTP/1.1" 400
2026-06-19 21:48:36,329 INFO [uvicorn.access] [-] [IP]:51536 - "POST /api/v1/library/folders/external HTTP/1.1" 400
2026-06-19 21:48:46,706 INFO [uvicorn.access] [-] [IP]:64491 - "POST /api/v1/library/folders/external HTTP/1.1" 500
2026-06-19 21:49:07,804 INFO [uvicorn.access] [-] [IP]:62859 - "POST /api/v1/library/folders/external HTTP/1.1" 500
2026-06-19 21:49:10,557 INFO [uvicorn.access] [-] [IP]:50836 - "POST /api/v1/library/folders/external HTTP/1.1" 500
2026-06-19 21:50:45,685 INFO [uvicorn.access] [-] [IP]:53074 - "POST /api/v1/library/folders/external HTTP/1.1" 500
2026-06-19 21:50:49,200 INFO [backend.app.api.routes.websocket] [-] WebSocket client disconnected normally
2026-06-19 21:50:49,509 INFO [uvicorn.access] [-] [IP]:55707 - "POST /api/v1/printers/camera/stream-token HTTP/1.1" 200
2026-06-19 21:50:49,696 INFO [uvicorn.access] [-] [IP]:55707 - "POST /api/v1/auth/ws-token HTTP/1.1" 200
2026-06-19 21:50:49,712 INFO [backend.app.api.routes.websocket] [-] WebSocket client connecting (principal=[USER])
2026-06-19 21:50:49,713 INFO [backend.app.api.routes.websocket] [-] WebSocket client connected
2026-06-19 21:50:49,717 INFO [backend.app.api.routes.websocket] [-] Sent initial status for 1 printers
2026-06-19 21:51:08,068 INFO [uvicorn.access] [-] [IP]:63381 - "POST /api/v1/library/folders/external HTTP/1.1" 500
2026-06-19 21:51:11,400 INFO [uvicorn.access] [-] [IP]:65484 - "POST /api/v1/library/folders/external HTTP/1.1" 500
2026-06-19 21:53:22,978 INFO [backend.app.main] [-] Recorded 1 AMS sensor history entries
2026-06-19 21:56:19,565 INFO [uvicorn.access] [-] [IP]:58002 - "POST /api/v1/library/folders/external HTTP/1.1" 400
2026-06-19 21:56:23,696 INFO [uvicorn.access] [-] [IP]:58002 - "POST /api/v1/library/folders/external HTTP/1.1" 400
2026-06-19 21:56:27,021 INFO [uvicorn.access] [-] [IP]:51822 - "POST /api/v1/library/folders/external HTTP/1.1" 400
2026-06-19 21:56:36,040 INFO [uvicorn.access] [-] [IP]:55224 - "POST /api/v1/library/folders/external HTTP/1.1" 400
2026-06-19 21:56:40,719 INFO [uvicorn.access] [-] [IP]:50863 - "POST /api/v1/library/folders/external HTTP/1.1" 400
2026-06-19 21:58:15,418 INFO [root] [-] Logging to file: /app/logs/bambuddy.log
2026-06-19 21:58:15,419 INFO [root] [-] Bambuddy starting - debug=False, log_level=INFO
2026-06-19 21:58:16,791 INFO [backend.app.services.mqtt_relay] [-] MQTT relay disabled
2026-06-19 21:58:17,581 WARNING [backend.app.services.bambu_mqtt] [-] [[SERIAL]] MQTT disconnected: rc=Unspecified error, flags=DisconnectFlags(is_disconnect_packet_from_server=False)
2026-06-19 21:58:17,582 WARNING [backend.app.services.bambu_mqtt] [-] [[SERIAL]] Disconnected shortly after request topic subscription. Disabling request topic for this printer.
2026-06-19 21:58:17,803 INFO [backend.app.services.background_dispatch] [-] Background dispatch dispatcher started
2026-06-19 21:58:17,803 INFO [backend.app.services.smart_plug_manager] [-] Smart plug scheduler started
2026-06-19 21:58:17,803 INFO [backend.app.services.smart_plug_manager] [-] Smart plug energy snapshot loop started
2026-06-19 21:58:17,807 INFO [backend.app.services.print_scheduler] [-] Print scheduler started
2026-06-19 21:58:17,809 INFO [backend.app.services.notification_service] [-] Notification digest scheduler started
2026-06-19 21:58:17,810 INFO [backend.app.services.github_backup] [-] Starting GitHub backup scheduler
2026-06-19 21:58:17,810 INFO [backend.app.services.local_backup] [-] Starting local backup scheduler
2026-06-19 21:58:17,813 INFO [backend.app.services.obico_detection] [-] Starting Obico detection service
2026-06-19 21:58:17,813 INFO [backend.app.services.library_trash] [-] Starting library trash sweeper
2026-06-19 21:58:17,813 INFO [backend.app.services.archive_purge] [-] Starting archive auto-purge sweeper
2026-06-19 21:58:17,813 INFO [backend.app.main] [-] AMS history recording started
2026-06-19 21:58:17,813 INFO [backend.app.main] [-] Printer runtime tracking started
2026-06-19 21:58:17,813 INFO [backend.app.main] [-] SpoolBuddy watchdog started
2026-06-19 21:58:17,813 INFO [backend.app.main] [-] Camera stream cleanup started
2026-06-19 21:58:17,813 INFO [backend.app.main] [-] Expected prints cleanup started
2026-06-19 21:58:17,813 INFO [backend.app.main] [-] Auth periodic cleanup started
2026-06-19 21:58:17,814 INFO [backend.app.services.loop_watchdog] [-] Event-loop stall watchdog started — dumps all thread stacks to stderr if the loop stalls for more than 30s
2026-06-19 21:58:17,821 INFO [root] [-] Virtual printer manager synced from database
2026-06-19 21:58:18,589 INFO [uvicorn.access] [-] [IP]:54855 - "POST /api/v1/printers/camera/stream-token HTTP/1.1" 200
2026-06-19 21:58:18,805 INFO [uvicorn.access] [-] [IP]:60537 - "POST /api/v1/auth/ws-token HTTP/1.1" 200
2026-06-19 21:58:18,815 INFO [backend.app.api.routes.websocket] [-] WebSocket client connecting (principal=[USER])
2026-06-19 21:58:18,815 INFO [backend.app.api.routes.websocket] [-] WebSocket client connected
2026-06-19 21:58:18,816 INFO [backend.app.api.routes.websocket] [-] Sent initial status for 1 printers
2026-06-19 21:58:19,377 INFO [backend.app.services.bambu_mqtt] [-] [[SERIAL]] Firmware version: 01.08.01.00
2026-06-19 21:58:20,204 INFO [backend.app.main] [-] [Printer 1] Broadcasting AMS change via WebSocket
2026-06-19 21:58:26,283 INFO [backend.app.services.bambu_mqtt] [-] [[SERIAL]] Probing developer mode via ams_filament_setting (seq=5)
2026-06-19 21:58:26,296 INFO [backend.app.services.bambu_mqtt] [-] [[SERIAL]] Developer mode probe: ENABLED (result='success')
2026-06-19 21:58:27,823 INFO [backend.app.main] [-] Recorded 1 AMS sensor history entries
2026-06-19 21:58:31,780 INFO [uvicorn.access] [-] [IP]:49606 - "POST /api/v1/library/folders/external HTTP/1.1" 500
2026-06-19 21:58:33,182 INFO [uvicorn.access] [-] [IP]:54855 - "POST /api/v1/library/folders/external HTTP/1.1" 500
2026-06-19 21:58:33,304 INFO [uvicorn.access] [-] [IP]:52185 - "POST /api/v1/library/folders/external HTTP/1.1" 500
2026-06-19 21:58:33,461 INFO [uvicorn.access] [-] [IP]:57714 - "POST /api/v1/library/folders/external HTTP/1.1" 500
2026-06-19 21:58:33,604 INFO [uvicorn.access] [-] [IP]:50476 - "POST /api/v1/library/folders/external HTTP/1.1" 500
2026-06-19 21:58:35,221 INFO [uvicorn.access] [-] [IP]:52880 - "POST /api/v1/library/folders/external HTTP/1.1" 500
2026-06-19 21:58:40,503 INFO [uvicorn.access] [-] [IP]:53719 - "POST /api/v1/library/folders/external HTTP/1.1" 400
2026-06-19 21:58:45,213 INFO [uvicorn.access] [-] [IP]:53719 - "POST /api/v1/library/folders/external HTTP/1.1" 400
2026-06-19 21:58:51,846 INFO [uvicorn.access] [-] [IP]:53719 - "POST /api/v1/library/folders/external HTTP/1.1" 500
2026-06-19 21:59:02,640 INFO [uvicorn.access] [-] [IP]:56056 - "POST /api/v1/library/folders/external HTTP/1.1" 500
2026-06-19 21:59:09,971 INFO [uvicorn.access] [-] [IP]:65467 - "POST /api/v1/library/folders/external HTTP/1.1" 400
2026-06-19 21:59:26,523 INFO [uvicorn.access] [-] [IP]:51073 - "POST /api/v1/library/folders/external HTTP/1.1" 500
2026-06-19 22:00:17,060 INFO [root] [-] Logging to file: /app/logs/bambuddy.log
2026-06-19 22:00:17,061 INFO [root] [-] Bambuddy starting - debug=False, log_level=INFO
2026-06-19 22:00:18,454 INFO [backend.app.services.mqtt_relay] [-] MQTT relay disabled
2026-06-19 22:00:19,242 WARNING [backend.app.services.bambu_mqtt] [-] [[SERIAL]] MQTT disconnected: rc=Unspecified error, flags=DisconnectFlags(is_disconnect_packet_from_server=False)
2026-06-19 22:00:19,242 WARNING [backend.app.services.bambu_mqtt] [-] [[SERIAL]] Disconnected shortly after request topic subscription. Disabling request topic for this printer.
2026-06-19 22:00:19,468 INFO [backend.app.services.background_dispatch] [-] Background dispatch dispatcher started
2026-06-19 22:00:19,469 INFO [backend.app.services.smart_plug_manager] [-] Smart plug scheduler started
2026-06-19 22:00:19,469 INFO [backend.app.services.smart_plug_manager] [-] Smart plug energy snapshot loop started
2026-06-19 22:00:19,473 INFO [backend.app.services.print_scheduler] [-] Print scheduler started
2026-06-19 22:00:19,476 INFO [backend.app.services.notification_service] [-] Notification digest scheduler started
2026-06-19 22:00:19,476 INFO [backend.app.services.github_backup] [-] Starting GitHub backup scheduler
2026-06-19 22:00:19,476 INFO [backend.app.services.local_backup] [-] Starting local backup scheduler
2026-06-19 22:00:19,478 INFO [backend.app.services.obico_detection] [-] Starting Obico detection service
2026-06-19 22:00:19,479 INFO [backend.app.services.library_trash] [-] Starting library trash sweeper
2026-06-19 22:00:19,479 INFO [backend.app.services.archive_purge] [-] Starting archive auto-purge sweeper
2026-06-19 22:00:19,479 INFO [backend.app.main] [-] AMS history recording started
2026-06-19 22:00:19,479 INFO [backend.app.main] [-] Printer runtime tracking started
2026-06-19 22:00:19,479 INFO [backend.app.main] [-] SpoolBuddy watchdog started
2026-06-19 22:00:19,479 INFO [backend.app.main] [-] Camera stream cleanup started
2026-06-19 22:00:19,479 INFO [backend.app.main] [-] Expected prints cleanup started
2026-06-19 22:00:19,479 INFO [backend.app.main] [-] Auth periodic cleanup started
2026-06-19 22:00:19,480 INFO [backend.app.services.loop_watchdog] [-] Event-loop stall watchdog started — dumps all thread stacks to stderr if the loop stalls for more than 30s
2026-06-19 22:00:19,485 INFO [root] [-] Virtual printer manager synced from database
2026-06-19 22:00:20,486 INFO [uvicorn.access] [-] [IP]:58833 - "POST /api/v1/printers/camera/stream-token HTTP/1.1" 200
2026-06-19 22:00:20,673 INFO [uvicorn.access] [-] [IP]:55041 - "POST /api/v1/auth/ws-token HTTP/1.1" 200
2026-06-19 22:00:20,692 INFO [backend.app.api.routes.websocket] [-] WebSocket client connecting (principal=[USER])
2026-06-19 22:00:20,693 INFO [backend.app.api.routes.websocket] [-] WebSocket client connected
2026-06-19 22:00:20,693 INFO [backend.app.api.routes.websocket] [-] Sent initial status for 1 printers
2026-06-19 22:00:21,067 INFO [backend.app.main] [-] [Printer 1] Broadcasting AMS change via WebSocket
2026-06-19 22:00:21,110 INFO [backend.app.services.bambu_mqtt] [-] [[SERIAL]] Firmware version: 01.08.01.00
2026-06-19 22:00:21,111 WARNING [backend.app.services.bambu_mqtt] [-] [[SERIAL]] AMS unit 0: serial number not available in version info
2026-06-19 22:00:21,111 WARNING [backend.app.services.bambu_mqtt] [-] [[SERIAL]] AMS unit 0: firmware version not available in version info
2026-06-19 22:00:28,157 INFO [backend.app.services.bambu_mqtt] [-] [[SERIAL]] Probing developer mode via ams_filament_setting (seq=5)
2026-06-19 22:00:28,170 INFO [backend.app.services.bambu_mqtt] [-] [[SERIAL]] Developer mode probe: ENABLED (result='success')
2026-06-19 22:00:29,491 INFO [backend.app.main] [-] Recorded 1 AMS sensor history entries
2026-06-19 22:00:31,897 INFO [uvicorn.access] [-] [IP]:53558 - "POST /api/v1/library/folders/external HTTP/1.1" 500
2026-06-19 22:00:32,922 INFO [uvicorn.access] [-] [IP]:62409 - "POST /api/v1/library/folders/external HTTP/1.1" 500
2026-06-19 22:00:33,078 INFO [uvicorn.access] [-] [IP]:59839 - "POST /api/v1/library/folders/external HTTP/1.1" 500
2026-06-19 22:00:33,234 INFO [uvicorn.access] [-] [IP]:54369 - "POST /api/v1/library/folders/external HTTP/1.1" 500
2026-06-19 22:00:34,261 INFO [uvicorn.access] [-] [IP]:55863 - "POST /api/v1/library/folders/external HTTP/1.1" 500
2026-06-19 22:02:59,437 INFO [uvicorn.access] [-] [IP]:58586 - "POST /api/v1/library/folders/external HTTP/1.1" 500
2026-06-19 22:03:00,261 INFO [uvicorn.access] [-] [IP]:62884 - "POST /api/v1/library/folders/external HTTP/1.1" 500
2026-06-19 22:03:00,428 INFO [uvicorn.access] [-] [IP]:52555 - "POST /api/v1/library/folders/external HTTP/1.1" 500
2026-06-19 22:03:26,832 INFO [backend.app.services.camera] [4dca7cd1] Found ffmpeg at: /usr/bin/ffmpeg
2026-06-19 22:04:22,650 INFO [uvicorn.access] [-] [IP]:56039 - "PUT /api/v1/settings/ HTTP/1.1" 200
2026-06-19 22:04:25,068 INFO [uvicorn.access] [-] [IP]:55888 - "PUT /api/v1/settings/ HTTP/1.1" 200
2026-06-19 22:04:25,870 INFO [uvicorn.access] [-] [IP]:55888 - "PUT /api/v1/settings/ HTTP/1.1" 200
2026-06-19 22:04:27,668 INFO [uvicorn.access] [-] [IP]:55888 - "PUT /api/v1/settings/ HTTP/1.1" 200
2026-06-19 22:04:29,336 INFO [uvicorn.access] [-] [IP]:55888 - "PUT /api/v1/settings/ HTTP/1.1" 200
2026-06-19 22:04:30,029 INFO [uvicorn.access] [-] [IP]:55888 - "PUT /api/v1/settings/ HTTP/1.1" 200
2026-06-19 22:04:30,880 INFO [uvicorn.access] [-] [IP]:55888 - "PUT /api/v1/settings/ HTTP/1.1" 200
2026-06-19 22:04:33,701 INFO [uvicorn.access] [-] [IP]:55888 - "POST /api/v1/obico/test-connection HTTP/1.1" 200
2026-06-19 22:04:38,555 INFO [uvicorn.access] [-] [IP]:55888 - "PUT /api/v1/settings/ HTTP/1.1" 200
2026-06-19 22:04:39,257 INFO [uvicorn.access] [-] [IP]:55888 - "POST /api/v1/obico/test-connection HTTP/1.1" 200
2026-06-19 22:04:47,127 INFO [uvicorn.access] [-] [IP]:59026 - "PUT /api/v1/settings/ HTTP/1.1" 200
2026-06-19 22:04:47,888 INFO [uvicorn.access] [-] [IP]:59026 - "PUT /api/v1/settings/ HTTP/1.1" 200
2026-06-19 22:04:49,221 INFO [uvicorn.access] [-] [IP]:59026 - "PUT /api/v1/settings/ HTTP/1.1" 200
2026-06-19 22:04:50,182 INFO [uvicorn.access] [-] [IP]:59026 - "PUT /api/v1/settings/ HTTP/1.1" 200
2026-06-19 22:04:50,998 INFO [uvicorn.access] [-] [IP]:59026 - "POST /api/v1/obico/test-connection HTTP/1.1" 200
2026-06-19 22:04:51,891 INFO [uvicorn.access] [-] [IP]:59026 - "POST /api/v1/obico/test-connection HTTP/1.1" 200
2026-06-19 22:04:55,793 INFO [uvicorn.access] [-] [IP]:58377 - "PUT /api/v1/settings/ HTTP/1.1" 200
2026-06-19 22:05:29,495 INFO [backend.app.main] [-] Recorded 1 AMS sensor history entries
2026-06-19 22:06:03,894 INFO [uvicorn.access] [-] [IP]:57975 - "POST /api/v1/library/folders/external HTTP/1.1" 500
2026-06-19 22:06:06,991 INFO [uvicorn.access] [-] [IP]:53939 - "POST /api/v1/library/folders/external HTTP/1.1" 500
2026-06-19 22:06:41,320 INFO [backend.app.services.mqtt_relay] [e287ff4b] MQTT relay disabled
2026-06-19 22:06:41,323 INFO [uvicorn.access] [-] [IP]:64952 - "PUT /api/v1/settings/ HTTP/1.1" 200
2026-06-19 22:07:21,324 INFO [backend.app.services.mqtt_relay] [4ac4173a] MQTT relay disabled
2026-06-19 22:07:21,334 INFO [uvicorn.access] [-] [IP]:62413 - "PUT /api/v1/settings/ HTTP/1.1" 200
2026-06-19 22:07:25,506 INFO [backend.app.services.mqtt_relay] [70550c2c] MQTT relay disabled
2026-06-19 22:07:25,514 INFO [uvicorn.access] [-] [IP]:61024 - "PUT /api/v1/settings/ HTTP/1.1" 200
2026-06-19 22:08:13,973 INFO [uvicorn.access] [-] [IP]:62542 - "POST /api/v1/library/folders/external HTTP/1.1" 500
2026-06-19 22:09:10,504 INFO [uvicorn.access] [-] [IP]:56484 - "POST /api/v1/library/folders/external HTTP/1.1" 500
2026-06-19 22:10:10,864 INFO [uvicorn.access] [-] [IP]:63431 - "POST /api/v1/library/folders/external HTTP/1.1" 500
2026-06-19 22:10:29,511 INFO [backend.app.main] [-] Recorded 1 AMS sensor history entries
2026-06-19 22:11:20,923 INFO [backend.app.api.routes.support] [39148ad0] Log level changed to DEBUG
2026-06-19 22:11:20,923 INFO [backend.app.api.routes.bug_report] [39148ad0] Bug report: enabled debug logging
2026-06-19 22:11:20,924 DEBUG [backend.app.services.bambu_mqtt] [39148ad0] [[SERIAL]] Requesting status update (pushall)
2026-06-19 22:11:20,926 INFO [uvicorn.access] [-] [IP]:60665 - "POST /api/v1/bug-report/start-logging HTTP/1.1" 200
2026-06-19 22:11:21,445 DEBUG [backend.app.services.bambu_mqtt] [-] [[SERIAL]] Found xcam inside print data: {'buildplate_marker_detector': True}
2026-06-19 22:11:21,446 DEBUG [backend.app.services.bambu_mqtt] [-] [[SERIAL]] Parsing xcam data - all fields: ['buildplate_marker_detector']
2026-06-19 22:11:21,446 DEBUG [backend.app.services.bambu_mqtt] [-] [[SERIAL]] Received gcode_state: IDLE, gcode_file: , subtask_name: 
2026-06-19 22:11:21,447 DEBUG [backend.app.services.bambu_mqtt] [-] [[SERIAL]] AMS dict fields: {'ams_exist_bits': '1', 'tray_exist_bits': '5', 'tray_is_bbl_bits': '5', 'tray_tar': '255', 'tray_now': '255', 'tray_pre': '255', 'tray_read_done_bits': '5', 'tray_reading_bits': '0', 'version': 13, 'insert_flag': True, 'power_on_flag': False}
2026-06-19 22:11:21,447 DEBUG [backend.app.services.bambu_mqtt] [-] [[SERIAL]] tray_now updated: 255
2026-06-19 22:11:21,448 DEBUG [backend.app.services.bambu_mqtt] [-] [[SERIAL]] Merged AMS data: 1 new units, 1 total
2026-06-19 22:11:21,448 DEBUG [backend.app.services.bambu_mqtt] [-] [[SERIAL]] AMS 0 info=0x1002 -> extruder 0
2026-06-19 22:11:21,448 DEBUG [backend.app.services.bambu_mqtt] [-] [[SERIAL]] ams_extruder_map: {'0': 0}
2026-06-19 22:11:21,449 DEBUG [backend.app.services.bambu_mqtt] [-] [[SERIAL]] ams_status: 0 (main=0, sub=0)
2026-06-19 22:11:21,449 DEBUG [backend.app.services.bambu_mqtt] [-] [[SERIAL]] Received command response: push_status
2026-06-19 22:11:21,450 DEBUG [backend.app.services.bambu_mqtt] [-] [[SERIAL]] chamber_temper raw value: 5.0
2026-06-19 22:11:21,450 DEBUG [backend.app.services.bambu_mqtt] [-] [[SERIAL]] chamber_temper direct value: 5.0°C (heater OFF)
2026-06-19 22:11:21,450 DEBUG [backend.app.services.bambu_mqtt] [-] [[SERIAL]] Chamber heating calculated: target=0.0, current=5.0, heating=False, respect_local=False
2026-06-19 22:11:21,451 DEBUG [backend.app.services.bambu_mqtt] [-] [[SERIAL]] Chamber temp updated to: 5.0, target: 0.0, heating: False
2026-06-19 22:11:21,452 DEBUG [backend.app.services.bambu_mqtt] [-] [[SERIAL]] HMS data received: []
2026-06-19 22:11:21,452 DEBUG [backend.app.services.bambu_mqtt] [-] [[SERIAL]] ipcam field: {'ipcam_dev': '1', 'ipcam_record': 'disable', 'timelapse': 'disable', 'resolution': '1080p', 'tutk_server': 'disable', 'mode_bits': 3}
2026-06-19 22:11:21,453 DEBUG [backend.app.services.bambu_mqtt] [-] [[SERIAL]] wifi_signal received: -48dBm
2026-06-19 22:11:21,453 DEBUG [backend.app.services.bambu_mqtt] [-] [[SERIAL]] lights_report: [{'node': 'chamber_light', 'mode': 'on'}]
2026-06-19 22:11:21,454 DEBUG [backend.app.services.bambu_mqtt] [-] [[SERIAL]] gcode_state: IDLE -> IDLE, file: , subtask: 
2026-06-19 22:11:29,524 DEBUG [backend.app.services.bambu_mqtt] [-] [[SERIAL]] Received command response: push_status
2026-06-19 22:11:29,525 DEBUG [backend.app.services.bambu_mqtt] [-] [[SERIAL]] wifi_signal received: -49dBm
2026-06-19 22:11:33,596 DEBUG [backend.app.services.bambu_mqtt] [-] [[SERIAL]] Received command response: push_status
2026-06-19 22:11:33,597 DEBUG [backend.app.services.bambu_mqtt] [-] [[SERIAL]] wifi_signal received: -48dBm
2026-06-19 22:11:35,501 INFO [uvicorn.access] [-] [IP]:58344 - "POST /api/v1/library/folders/external HTTP/1.1" 500
2026-06-19 22:11:35,619 DEBUG [backend.app.services.bambu_mqtt] [-] [[SERIAL]] Received command response: push_status
2026-06-19 22:11:35,620 DEBUG [backend.app.services.bambu_mqtt] [-] [[SERIAL]] wifi_signal received: -49dBm
2026-06-19 22:11:37,640 DEBUG [backend.app.services.bambu_mqtt] [-] [[SERIAL]] Received command response: push_status