2026-05-16 17:47:03,554 DEBUG [backend.app.services.bambu_mqtt] [-] [[SERIAL]] gcode_state: RUNNING -> RUNNING, file: /data/Metadata/plate_3.gcode, subtask: Reusable_Hex_Spool
2026-05-16 17:47:04,320 DEBUG [backend.app.main] [-] [[PRINTER]] Runtime tracking: added 30s, total=666709s (185.20h)
2026-05-16 17:47:04,327 DEBUG [backend.app.main] [-] Updated runtime for 1 printer(s)
2026-05-16 17:47:04,690 DEBUG [backend.app.services.bambu_mqtt] [-] [[SERIAL]] Found xcam inside print data: {'allow_skip_parts': False, 'buildplate_marker_detector': True, 'cfg': 8072343, 'first_layer_inspector': True, 'halt_print_sensitivity': 'medium', 'print_halt': True, 'printing_monitor': True, 'spaghetti_detector': True}
2026-05-16 17:47:04,690 DEBUG [backend.app.services.bambu_mqtt] [-] [[SERIAL]] Parsing xcam data - all fields: ['allow_skip_parts', 'buildplate_marker_detector', 'cfg', 'first_layer_inspector', 'halt_print_sensitivity', 'print_halt', 'printing_monitor', 'spaghetti_detector']
2026-05-16 17:47:04,690 DEBUG [backend.app.services.bambu_mqtt] [-] [[SERIAL]] xcam cfg bitmask: 8072343 (binary: 0b11110110010110010010111)
2026-05-16 17:47:04,690 DEBUG [backend.app.services.bambu_mqtt] [-] [[SERIAL]] Received gcode_state: RUNNING, gcode_file: /data/Metadata/plate_3.gcode, subtask_name: Reusable_Hex_Spool
2026-05-16 17:47:04,691 DEBUG [backend.app.services.bambu_mqtt] [-] [[SERIAL]] AMS dict fields: {'ams_exist_bits': '1', 'ams_exist_bits_raw': '1', 'cali_id': 255, 'cali_stat': 0, 'cfs': [], 'insert_flag': True, 'power_on_flag': True, 'tray_exist_bits': 'f', 'tray_hall_out_bits': '2', 'tray_is_bbl_bits': 'f', 'tray_now': '1', 'tray_pre': '1', 'tray_read_done_bits': 'f', 'tray_reading_bits': '0', 'tray_tar': '1', 'unbind_ams_stat': 0, 'version': 15288}
2026-05-16 17:47:04,691 DEBUG [backend.app.services.bambu_mqtt] [-] [[SERIAL]] tray_now updated: 1
2026-05-16 17:47:04,691 DEBUG [backend.app.services.bambu_mqtt] [-] [[SERIAL]] Merged AMS data: 1 new units, 1 total
2026-05-16 17:47:04,691 DEBUG [backend.app.services.bambu_mqtt] [-] [[SERIAL]] AMS 0 info=0x10002003 -> extruder 0
2026-05-16 17:47:04,692 DEBUG [backend.app.services.bambu_mqtt] [-] [[SERIAL]] ams_extruder_map: {'0': 0}
2026-05-16 17:47:04,692 DEBUG [backend.app.services.bambu_mqtt] [-] [[SERIAL]] ams_status: 768 (main=3, sub=0)
2026-05-16 17:47:04,692 DEBUG [backend.app.services.bambu_mqtt] [-] [[SERIAL]] Received command response: push_status
2026-05-16 17:47:04,692 DEBUG [backend.app.services.bambu_mqtt] [-] [[SERIAL]] device.extruder.state=1 (switch_state bits 12-14: 0)
2026-05-16 17:47:04,692 DEBUG [backend.app.services.bambu_mqtt] [-] [[SERIAL]] info.temp direct: 27°C (heater OFF)
2026-05-16 17:47:04,693 DEBUG [backend.app.services.bambu_mqtt] [-] [[SERIAL]] ctc_info keys: ['temp']
2026-05-16 17:47:04,693 DEBUG [backend.app.services.bambu_mqtt] [-] [[SERIAL]] Chamber heating calculated: target=0.0, current=27.0, heating=False, respect_local=False
2026-05-16 17:47:04,693 DEBUG [backend.app.services.bambu_mqtt] [-] [[SERIAL]] Chamber temp updated to: 27.0, target: 0.0, heating: False
2026-05-16 17:47:04,694 DEBUG [backend.app.services.bambu_mqtt] [-] [[SERIAL]] HMS data received: []
2026-05-16 17:47:04,694 DEBUG [backend.app.services.bambu_mqtt] [-] [[SERIAL]] ipcam field: {'agora_service': 'disable', 'brtc_service': 'enable', 'bs_state': 0, 'cap_pic_enable': 'invalid', 'ipcam_dev': '1', 'ipcam_record': 'enable', 'laser_preview_res': 7, 'liveview_preview': True, 'mode_bits': 2, 'resolution': '1080p', 'rtsp_url': 'rtsps://[IP]:322/streaming/live/1', 'timelapse': 'disable', 'tl_external_free_kb': 34201344, 'tl_external_total_kb': 125283584, 'tl_internal_free_kb': 637699, 'tl_internal_total_kb': 962560, 'tl_store_hpd_type': 2, 'tl_store_path_type': 2, 'tutk_server': 'disable'}
2026-05-16 17:47:04,694 DEBUG [backend.app.services.bambu_mqtt] [-] [[SERIAL]] wifi_signal received: -55dBm
2026-05-16 17:47:04,694 DEBUG [backend.app.services.bambu_mqtt] [-] [[SERIAL]] lights_report: [{'mode': 'on', 'node': 'chamber_light'}, {'mode': 'flashing', 'node': 'work_light'}]
2026-05-16 17:47:04,695 DEBUG [backend.app.services.bambu_mqtt] [-] [[SERIAL]] MQTT mapping field: [65535, 1]
2026-05-16 17:47:04,695 DEBUG [backend.app.services.bambu_mqtt] [-] [[SERIAL]] gcode_state: RUNNING -> RUNNING, file: /data/Metadata/plate_3.gcode, subtask: Reusable_Hex_Spool
2026-05-16 17:47:04,951 DEBUG [backend.app.services.virtual_printer.ssdp_server] [-] Received SSDP from printer [IP]: Bambus Lab P2S
2026-05-16 17:47:04,952 DEBUG [backend.app.services.virtual_printer.ssdp_server] [-] Rewrote SSDP for proxy:
NOTIFY * HTTP/1.1
Host: [IP]:1990
Server: UPnP/1.0
Location: [IP]
NT: urn:bambulab-com:device:3dprinter:1
NTS: ssdp:alive
USN: [SERIAL]
Cache-Control: max-age=1800
DevModel.bambu.com: N7
DevName.bambu.com: [PRINTER] BB
DevConnect.bambu.com: lan
DevBind.bambu.com: free
Devseclink.bambu.com: secure
DevInf.bambu.com: wlan0
DevVersion.bambu.com: 01.02.00.00
DevCap.bambu.com: 1


2026-05-16 17:47:04,952 DEBUG [backend.app.services.virtual_printer.ssdp_server] [-] Broadcast SSDP for 'Bambus Lab P2S' on LAN B ([IP])
2026-05-16 17:47:05,401 INFO [uvicorn.access] [-] [IP]:45488 - "POST /api/v1/spoolbuddy/devices/sb-b827eb9e72bb/heartbeat HTTP/1.1" 200
2026-05-16 17:47:05,857 DEBUG [backend.app.services.bambu_mqtt] [-] [[SERIAL]] Found xcam inside print data: {'allow_skip_parts': False, 'buildplate_marker_detector': True, 'cfg': 8072343, 'first_layer_inspector': True, 'halt_print_sensitivity': 'medium', 'print_halt': True, 'printing_monitor': True, 'spaghetti_detector': True}
2026-05-16 17:47:05,858 DEBUG [backend.app.services.bambu_mqtt] [-] [[SERIAL]] Parsing xcam data - all fields: ['allow_skip_parts', 'buildplate_marker_detector', 'cfg', 'first_layer_inspector', 'halt_print_sensitivity', 'print_halt', 'printing_monitor', 'spaghetti_detector']
2026-05-16 17:47:05,858 DEBUG [backend.app.services.bambu_mqtt] [-] [[SERIAL]] xcam cfg bitmask: 8072343 (binary: 0b11110110010110010010111)
2026-05-16 17:47:05,858 DEBUG [backend.app.services.bambu_mqtt] [-] [[SERIAL]] Received gcode_state: RUNNING, gcode_file: /data/Metadata/plate_3.gcode, subtask_name: Reusable_Hex_Spool
2026-05-16 17:47:05,859 DEBUG [backend.app.services.bambu_mqtt] [-] [[SERIAL]] AMS dict fields: {'ams_exist_bits': '1', 'ams_exist_bits_raw': '1', 'cali_id': 255, 'cali_stat': 0, 'cfs': [], 'insert_flag': True, 'power_on_flag': True, 'tray_exist_bits': 'f', 'tray_hall_out_bits': '2', 'tray_is_bbl_bits': 'f', 'tray_now': '1', 'tray_pre': '1', 'tray_read_done_bits': 'f', 'tray_reading_bits': '0', 'tray_tar': '1', 'unbind_ams_stat': 0, 'version': 15288}
2026-05-16 17:47:05,859 DEBUG [backend.app.services.bambu_mqtt] [-] [[SERIAL]] tray_now updated: 1
2026-05-16 17:47:05,859 DEBUG [backend.app.services.bambu_mqtt] [-] [[SERIAL]] Merged AMS data: 1 new units, 1 total
2026-05-16 17:47:05,859 DEBUG [backend.app.services.bambu_mqtt] [-] [[SERIAL]] AMS 0 info=0x10002003 -> extruder 0
2026-05-16 17:47:05,859 DEBUG [backend.app.services.bambu_mqtt] [-] [[SERIAL]] ams_extruder_map: {'0': 0}
2026-05-16 17:47:05,860 DEBUG [backend.app.services.bambu_mqtt] [-] [[SERIAL]] ams_status: 768 (main=3, sub=0)
2026-05-16 17:47:05,860 DEBUG [backend.app.services.bambu_mqtt] [-] [[SERIAL]] Received command response: push_status
2026-05-16 17:47:05,860 DEBUG [backend.app.services.bambu_mqtt] [-] [[SERIAL]] device.extruder.state=1 (switch_state bits 12-14: 0)
2026-05-16 17:47:05,860 DEBUG [backend.app.services.bambu_mqtt] [-] [[SERIAL]] info.temp direct: 27°C (heater OFF)
2026-05-16 17:47:05,861 DEBUG [backend.app.services.bambu_mqtt] [-] [[SERIAL]] ctc_info keys: ['temp']
2026-05-16 17:47:05,861 DEBUG [backend.app.services.bambu_mqtt] [-] [[SERIAL]] Chamber heating calculated: target=0.0, current=27.0, heating=False, respect_local=False
2026-05-16 17:47:05,861 DEBUG [backend.app.services.bambu_mqtt] [-] [[SERIAL]] Chamber temp updated to: 27.0, target: 0.0, heating: False
2026-05-16 17:47:05,862 DEBUG [backend.app.services.bambu_mqtt] [-] [[SERIAL]] HMS data received: []
2026-05-16 17:47:05,862 DEBUG [backend.app.services.bambu_mqtt] [-] [[SERIAL]] ipcam field: {'agora_service': 'disable', 'brtc_service': 'enable', 'bs_state': 0, 'cap_pic_enable': 'invalid', 'ipcam_dev': '1', 'ipcam_record': 'enable', 'laser_preview_res': 7, 'liveview_preview': True, 'mode_bits': 2, 'resolution': '1080p', 'rtsp_url': 'rtsps://[IP]:322/streaming/live/1', 'timelapse': 'disable', 'tl_external_free_kb': 34201344, 'tl_external_total_kb': 125283584, 'tl_internal_free_kb': 637699, 'tl_internal_total_kb': 962560, 'tl_store_hpd_type': 2, 'tl_store_path_type': 2, 'tutk_server': 'disable'}
2026-05-16 17:47:05,862 DEBUG [backend.app.services.bambu_mqtt] [-] [[SERIAL]] wifi_signal received: -55dBm
2026-05-16 17:47:05,862 DEBUG [backend.app.services.bambu_mqtt] [-] [[SERIAL]] lights_report: [{'mode': 'on', 'node': 'chamber_light'}, {'mode': 'flashing', 'node': 'work_light'}]
2026-05-16 17:47:05,863 DEBUG [backend.app.services.bambu_mqtt] [-] [[SERIAL]] MQTT mapping field: [65535, 1]
2026-05-16 17:47:05,863 DEBUG [backend.app.services.bambu_mqtt] [-] [[SERIAL]] gcode_state: RUNNING -> RUNNING, file: /data/Metadata/plate_3.gcode, subtask: Reusable_Hex_Spool
2026-05-16 17:47:07,016 DEBUG [backend.app.services.bambu_mqtt] [-] [[SERIAL]] Found xcam inside print data: {'allow_skip_parts': False, 'buildplate_marker_detector': True, 'cfg': 8072343, 'first_layer_inspector': True, 'halt_print_sensitivity': 'medium', 'print_halt': True, 'printing_monitor': True, 'spaghetti_detector': True}
2026-05-16 17:47:07,017 DEBUG [backend.app.services.bambu_mqtt] [-] [[SERIAL]] Parsing xcam data - all fields: ['allow_skip_parts', 'buildplate_marker_detector', 'cfg', 'first_layer_inspector', 'halt_print_sensitivity', 'print_halt', 'printing_monitor', 'spaghetti_detector']
2026-05-16 17:47:07,017 DEBUG [backend.app.services.bambu_mqtt] [-] [[SERIAL]] xcam cfg bitmask: 8072343 (binary: 0b11110110010110010010111)
2026-05-16 17:47:07,017 DEBUG [backend.app.services.bambu_mqtt] [-] [[SERIAL]] Received gcode_state: RUNNING, gcode_file: /data/Metadata/plate_3.gcode, subtask_name: Reusable_Hex_Spool
2026-05-16 17:47:07,017 DEBUG [backend.app.services.bambu_mqtt] [-] [[SERIAL]] AMS dict fields: {'ams_exist_bits': '1', 'ams_exist_bits_raw': '1', 'cali_id': 255, 'cali_stat': 0, 'cfs': [], 'insert_flag': True, 'power_on_flag': True, 'tray_exist_bits': 'f', 'tray_hall_out_bits': '2', 'tray_is_bbl_bits': 'f', 'tray_now': '1', 'tray_pre': '1', 'tray_read_done_bits': 'f', 'tray_reading_bits': '0', 'tray_tar': '1', 'unbind_ams_stat': 0, 'version': 15288}
2026-05-16 17:47:07,018 DEBUG [backend.app.services.bambu_mqtt] [-] [[SERIAL]] tray_now updated: 1
2026-05-16 17:47:07,018 DEBUG [backend.app.services.bambu_mqtt] [-] [[SERIAL]] Merged AMS data: 1 new units, 1 total
2026-05-16 17:47:07,018 DEBUG [backend.app.services.bambu_mqtt] [-] [[SERIAL]] AMS 0 info=0x10002003 -> extruder 0
2026-05-16 17:47:07,018 DEBUG [backend.app.services.bambu_mqtt] [-] [[SERIAL]] ams_extruder_map: {'0': 0}
2026-05-16 17:47:07,019 DEBUG [backend.app.services.bambu_mqtt] [-] [[SERIAL]] ams_status: 768 (main=3, sub=0)
2026-05-16 17:47:07,019 DEBUG [backend.app.services.bambu_mqtt] [-] [[SERIAL]] Received command response: push_status
2026-05-16 17:47:07,019 DEBUG [backend.app.services.bambu_mqtt] [-] [[SERIAL]] device.extruder.state=1 (switch_state bits 12-14: 0)
2026-05-16 17:47:07,019 DEBUG [backend.app.services.bambu_mqtt] [-] [[SERIAL]] info.temp direct: 27°C (heater OFF)
2026-05-16 17:47:07,019 DEBUG [backend.app.services.bambu_mqtt] [-] [[SERIAL]] ctc_info keys: ['temp']
2026-05-16 17:47:07,020 DEBUG [backend.app.services.bambu_mqtt] [-] [[SERIAL]] Chamber heating calculated: target=0.0, current=27.0, heating=False, respect_local=False
2026-05-16 17:47:07,020 DEBUG [backend.app.services.bambu_mqtt] [-] [[SERIAL]] Chamber temp updated to: 27.0, target: 0.0, heating: False
2026-05-16 17:47:07,021 DEBUG [backend.app.services.bambu_mqtt] [-] [[SERIAL]] HMS data received: []
2026-05-16 17:47:07,021 DEBUG [backend.app.services.bambu_mqtt] [-] [[SERIAL]] ipcam field: {'agora_service': 'disable', 'brtc_service': 'enable', 'bs_state': 0, 'cap_pic_enable': 'invalid', 'ipcam_dev': '1', 'ipcam_record': 'enable', 'laser_preview_res': 7, 'liveview_preview': True, 'mode_bits': 2, 'resolution': '1080p', 'rtsp_url': 'rtsps://[IP]:322/streaming/live/1', 'timelapse': 'disable', 'tl_external_free_kb': 34199040, 'tl_external_total_kb': 125283584, 'tl_internal_free_kb': 637699, 'tl_internal_total_kb': 962560, 'tl_store_hpd_type': 2, 'tl_store_path_type': 2, 'tutk_server': 'disable'}
2026-05-16 17:47:07,021 DEBUG [backend.app.services.bambu_mqtt] [-] [[SERIAL]] wifi_signal received: -55dBm
2026-05-16 17:47:07,021 DEBUG [backend.app.services.bambu_mqtt] [-] [[SERIAL]] lights_report: [{'mode': 'on', 'node': 'chamber_light'}, {'mode': 'flashing', 'node': 'work_light'}]
2026-05-16 17:47:07,022 DEBUG [backend.app.services.bambu_mqtt] [-] [[SERIAL]] MQTT mapping field: [65535, 1]
2026-05-16 17:47:07,022 DEBUG [backend.app.services.bambu_mqtt] [-] [[SERIAL]] gcode_state: RUNNING -> RUNNING, file: /data/Metadata/plate_3.gcode, subtask: Reusable_Hex_Spool
2026-05-16 17:47:08,227 DEBUG [backend.app.services.bambu_mqtt] [-] [[SERIAL]] Found xcam inside print data: {'allow_skip_parts': False, 'buildplate_marker_detector': True, 'cfg': 8072343, 'first_layer_inspector': True, 'halt_print_sensitivity': 'medium', 'print_halt': True, 'printing_monitor': True, 'spaghetti_detector': True}
2026-05-16 17:47:08,228 DEBUG [backend.app.services.bambu_mqtt] [-] [[SERIAL]] Parsing xcam data - all fields: ['allow_skip_parts', 'buildplate_marker_detector', 'cfg', 'first_layer_inspector', 'halt_print_sensitivity', 'print_halt', 'printing_monitor', 'spaghetti_detector']
2026-05-16 17:47:08,228 DEBUG [backend.app.services.bambu_mqtt] [-] [[SERIAL]] xcam cfg bitmask: 8072343 (binary: 0b11110110010110010010111)
2026-05-16 17:47:08,228 DEBUG [backend.app.services.bambu_mqtt] [-] [[SERIAL]] Received gcode_state: RUNNING, gcode_file: /data/Metadata/plate_3.gcode, subtask_name: Reusable_Hex_Spool
2026-05-16 17:47:08,228 DEBUG [backend.app.services.bambu_mqtt] [-] [[SERIAL]] AMS dict fields: {'ams_exist_bits': '1', 'ams_exist_bits_raw': '1', 'cali_id': 255, 'cali_stat': 0, 'cfs': [], 'insert_flag': True, 'power_on_flag': True, 'tray_exist_bits': 'f', 'tray_hall_out_bits': '2', 'tray_is_bbl_bits': 'f', 'tray_now': '1', 'tray_pre': '1', 'tray_read_done_bits': 'f', 'tray_reading_bits': '0', 'tray_tar': '1', 'unbind_ams_stat': 0, 'version': 15288}
2026-05-16 17:47:08,229 DEBUG [backend.app.services.bambu_mqtt] [-] [[SERIAL]] tray_now updated: 1
2026-05-16 17:47:08,229 DEBUG [backend.app.services.bambu_mqtt] [-] [[SERIAL]] Merged AMS data: 1 new units, 1 total
2026-05-16 17:47:08,229 DEBUG [backend.app.services.bambu_mqtt] [-] [[SERIAL]] AMS 0 info=0x10002003 -> extruder 0
2026-05-16 17:47:08,229 DEBUG [backend.app.services.bambu_mqtt] [-] [[SERIAL]] ams_extruder_map: {'0': 0}
2026-05-16 17:47:08,230 DEBUG [backend.app.services.bambu_mqtt] [-] [[SERIAL]] ams_status: 768 (main=3, sub=0)
2026-05-16 17:47:08,230 DEBUG [backend.app.services.bambu_mqtt] [-] [[SERIAL]] Received command response: push_status
2026-05-16 17:47:08,230 DEBUG [backend.app.services.bambu_mqtt] [-] [[SERIAL]] device.extruder.state=1 (switch_state bits 12-14: 0)
2026-05-16 17:47:08,230 DEBUG [backend.app.services.bambu_mqtt] [-] [[SERIAL]] info.temp direct: 27°C (heater OFF)
2026-05-16 17:47:08,230 DEBUG [backend.app.services.bambu_mqtt] [-] [[SERIAL]] ctc_info keys: ['temp']
2026-05-16 17:47:08,231 DEBUG [backend.app.services.bambu_mqtt] [-] [[SERIAL]] Chamber heating calculated: target=0.0, current=27.0, heating=False, respect_local=False
2026-05-16 17:47:08,231 DEBUG [backend.app.services.bambu_mqtt] [-] [[SERIAL]] Chamber temp updated to: 27.0, target: 0.0, heating: False
2026-05-16 17:47:08,232 DEBUG [backend.app.services.bambu_mqtt] [-] [[SERIAL]] HMS data received: []
2026-05-16 17:47:08,232 DEBUG [backend.app.services.bambu_mqtt] [-] [[SERIAL]] ipcam field: {'agora_service': 'disable', 'brtc_service': 'enable', 'bs_state': 0, 'cap_pic_enable': 'invalid', 'ipcam_dev': '1', 'ipcam_record': 'enable', 'laser_preview_res': 7, 'liveview_preview': True, 'mode_bits': 2, 'resolution': '1080p', 'rtsp_url': 'rtsps://[IP]:322/streaming/live/1', 'timelapse': 'disable', 'tl_external_free_kb': 34199040, 'tl_external_total_kb': 125283584, 'tl_internal_free_kb': 637699, 'tl_internal_total_kb': 962560, 'tl_store_hpd_type': 2, 'tl_store_path_type': 2, 'tutk_server': 'disable'}
2026-05-16 17:47:08,232 DEBUG [backend.app.services.bambu_mqtt] [-] [[SERIAL]] wifi_signal received: -55dBm
2026-05-16 17:47:08,232 DEBUG [backend.app.services.bambu_mqtt] [-] [[SERIAL]] lights_report: [{'mode': 'on', 'node': 'chamber_light'}, {'mode': 'flashing', 'node': 'work_light'}]
2026-05-16 17:47:08,233 DEBUG [backend.app.services.bambu_mqtt] [-] [[SERIAL]] MQTT mapping field: [65535, 1]
2026-05-16 17:47:08,233 DEBUG [backend.app.services.bambu_mqtt] [-] [[SERIAL]] gcode_state: RUNNING -> RUNNING, file: /data/Metadata/plate_3.gcode, subtask: Reusable_Hex_Spool
2026-05-16 17:47:09,484 DEBUG [backend.app.services.bambu_mqtt] [-] [[SERIAL]] Found xcam inside print data: {'allow_skip_parts': False, 'buildplate_marker_detector': True, 'cfg': 8072343, 'first_layer_inspector': True, 'halt_print_sensitivity': 'medium', 'print_halt': True, 'printing_monitor': True, 'spaghetti_detector': True}
2026-05-16 17:47:09,485 DEBUG [backend.app.services.bambu_mqtt] [-] [[SERIAL]] Parsing xcam data - all fields: ['allow_skip_parts', 'buildplate_marker_detector', 'cfg', 'first_layer_inspector', 'halt_print_sensitivity', 'print_halt', 'printing_monitor', 'spaghetti_detector']
2026-05-16 17:47:09,485 DEBUG [backend.app.services.bambu_mqtt] [-] [[SERIAL]] xcam cfg bitmask: 8072343 (binary: 0b11110110010110010010111)
2026-05-16 17:47:09,485 DEBUG [backend.app.services.bambu_mqtt] [-] [[SERIAL]] Received gcode_state: RUNNING, gcode_file: /data/Metadata/plate_3.gcode, subtask_name: Reusable_Hex_Spool
2026-05-16 17:47:09,486 DEBUG [backend.app.services.bambu_mqtt] [-] [[SERIAL]] AMS dict fields: {'ams_exist_bits': '1', 'ams_exist_bits_raw': '1', 'cali_id': 255, 'cali_stat': 0, 'cfs': [], 'insert_flag': True, 'power_on_flag': True, 'tray_exist_bits': 'f', 'tray_hall_out_bits': '2', 'tray_is_bbl_bits': 'f', 'tray_now': '1', 'tray_pre': '1', 'tray_read_done_bits': 'f', 'tray_reading_bits': '0', 'tray_tar': '1', 'unbind_ams_stat': 0, 'version': 15288}
2026-05-16 17:47:09,486 DEBUG [backend.app.services.bambu_mqtt] [-] [[SERIAL]] tray_now updated: 1
2026-05-16 17:47:09,486 DEBUG [backend.app.services.bambu_mqtt] [-] [[SERIAL]] Merged AMS data: 1 new units, 1 total
2026-05-16 17:47:09,486 DEBUG [backend.app.services.bambu_mqtt] [-] [[SERIAL]] AMS 0 info=0x10002003 -> extruder 0
2026-05-16 17:47:09,487 DEBUG [backend.app.services.bambu_mqtt] [-] [[SERIAL]] ams_extruder_map: {'0': 0}
2026-05-16 17:47:09,487 DEBUG [backend.app.services.bambu_mqtt] [-] [[SERIAL]] ams_status: 768 (main=3, sub=0)
2026-05-16 17:47:09,487 DEBUG [backend.app.services.bambu_mqtt] [-] [[SERIAL]] Received command response: push_status
2026-05-16 17:47:09,487 DEBUG [backend.app.services.bambu_mqtt] [-] [[SERIAL]] device.extruder.state=1 (switch_state bits 12-14: 0)
2026-05-16 17:47:09,487 DEBUG [backend.app.services.bambu_mqtt] [-] [[SERIAL]] info.temp direct: 27°C (heater OFF)
2026-05-16 17:47:09,488 DEBUG [backend.app.services.bambu_mqtt] [-] [[SERIAL]] ctc_info keys: ['temp']
2026-05-16 17:47:09,488 DEBUG [backend.app.services.bambu_mqtt] [-] [[SERIAL]] Chamber heating calculated: target=0.0, current=27.0, heating=False, respect_local=False
2026-05-16 17:47:09,489 DEBUG [backend.app.services.bambu_mqtt] [-] [[SERIAL]] Chamber temp updated to: 27.0, target: 0.0, heating: False
2026-05-16 17:47:09,489 DEBUG [backend.app.services.bambu_mqtt] [-] [[SERIAL]] HMS data received: []
2026-05-16 17:47:09,489 DEBUG [backend.app.services.bambu_mqtt] [-] [[SERIAL]] ipcam field: {'agora_service': 'disable', 'brtc_service': 'enable', 'bs_state': 0, 'cap_pic_enable': 'invalid', 'ipcam_dev': '1', 'ipcam_record': 'enable', 'laser_preview_res': 7, 'liveview_preview': True, 'mode_bits': 2, 'resolution': '1080p', 'rtsp_url': 'rtsps://[IP]:322/streaming/live/1', 'timelapse': 'disable', 'tl_external_free_kb': 34196992, 'tl_external_total_kb': 125283584, 'tl_internal_free_kb': 637699, 'tl_internal_total_kb': 962560, 'tl_store_hpd_type': 2, 'tl_store_path_type': 2, 'tutk_server': 'disable'}
2026-05-16 17:47:09,489 DEBUG [backend.app.services.bambu_mqtt] [-] [[SERIAL]] wifi_signal received: -55dBm
2026-05-16 17:47:09,490 DEBUG [backend.app.services.bambu_mqtt] [-] [[SERIAL]] lights_report: [{'mode': 'on', 'node': 'chamber_light'}, {'mode': 'flashing', 'node': 'work_light'}]
2026-05-16 17:47:09,490 DEBUG [backend.app.services.bambu_mqtt] [-] [[SERIAL]] MQTT mapping field: [65535, 1]
2026-05-16 17:47:09,490 DEBUG [backend.app.services.bambu_mqtt] [-] [[SERIAL]] gcode_state: RUNNING -> RUNNING, file: /data/Metadata/plate_3.gcode, subtask: Reusable_Hex_Spool
2026-05-16 17:47:10,082 DEBUG [backend.app.services.virtual_printer.ssdp_server] [-] Received SSDP from printer [IP]: Bambus Lab P2S
2026-05-16 17:47:10,082 DEBUG [backend.app.services.virtual_printer.ssdp_server] [-] Rewrote SSDP for proxy:
NOTIFY * HTTP/1.1
Host: [IP]:1990
Server: UPnP/1.0
Location: [IP]
NT: urn:bambulab-com:device:3dprinter:1
NTS: ssdp:alive
USN: [SERIAL]
Cache-Control: max-age=1800
DevModel.bambu.com: N7
DevName.bambu.com: [PRINTER] BB
DevConnect.bambu.com: lan
DevBind.bambu.com: free
Devseclink.bambu.com: secure
DevInf.bambu.com: wlan0
DevVersion.bambu.com: 01.02.00.00
DevCap.bambu.com: 1


2026-05-16 17:47:10,082 DEBUG [backend.app.services.virtual_printer.ssdp_server] [-] Broadcast SSDP for 'Bambus Lab P2S' on LAN B ([IP])
2026-05-16 17:47:10,664 DEBUG [backend.app.services.bambu_mqtt] [-] [[SERIAL]] Found xcam inside print data: {'allow_skip_parts': False, 'buildplate_marker_detector': True, 'cfg': 8072343, 'first_layer_inspector': True, 'halt_print_sensitivity': 'medium', 'print_halt': True, 'printing_monitor': True, 'spaghetti_detector': True}
2026-05-16 17:47:10,664 DEBUG [backend.app.services.bambu_mqtt] [-] [[SERIAL]] Parsing xcam data - all fields: ['allow_skip_parts', 'buildplate_marker_detector', 'cfg', 'first_layer_inspector', 'halt_print_sensitivity', 'print_halt', 'printing_monitor', 'spaghetti_detector']
2026-05-16 17:47:10,664 DEBUG [backend.app.services.bambu_mqtt] [-] [[SERIAL]] xcam cfg bitmask: 8072343 (binary: 0b11110110010110010010111)
2026-05-16 17:47:10,665 DEBUG [backend.app.services.bambu_mqtt] [-] [[SERIAL]] Received gcode_state: RUNNING, gcode_file: /data/Metadata/plate_3.gcode, subtask_name: Reusable_Hex_Spool
2026-05-16 17:47:10,665 DEBUG [backend.app.services.bambu_mqtt] [-] [[SERIAL]] AMS dict fields: {'ams_exist_bits': '1', 'ams_exist_bits_raw': '1', 'cali_id': 255, 'cali_stat': 0, 'cfs': [], 'insert_flag': True, 'power_on_flag': True, 'tray_exist_bits': 'f', 'tray_hall_out_bits': '2', 'tray_is_bbl_bits': 'f', 'tray_now': '1', 'tray_pre': '1', 'tray_read_done_bits': 'f', 'tray_reading_bits': '0', 'tray_tar': '1', 'unbind_ams_stat': 0, 'version': 15288}
2026-05-16 17:47:10,665 DEBUG [backend.app.services.bambu_mqtt] [-] [[SERIAL]] tray_now updated: 1
2026-05-16 17:47:10,665 DEBUG [backend.app.services.bambu_mqtt] [-] [[SERIAL]] Merged AMS data: 1 new units, 1 total
2026-05-16 17:47:10,666 DEBUG [backend.app.services.bambu_mqtt] [-] [[SERIAL]] AMS 0 info=0x10002003 -> extruder 0
2026-05-16 17:47:10,666 DEBUG [backend.app.services.bambu_mqtt] [-] [[SERIAL]] ams_extruder_map: {'0': 0}
2026-05-16 17:47:10,666 DEBUG [backend.app.services.bambu_mqtt] [-] [[SERIAL]] ams_status: 768 (main=3, sub=0)
2026-05-16 17:47:10,666 DEBUG [backend.app.services.bambu_mqtt] [-] [[SERIAL]] Received command response: push_status
2026-05-16 17:47:10,667 DEBUG [backend.app.services.bambu_mqtt] [-] [[SERIAL]] device.extruder.state=1 (switch_state bits 12-14: 0)
2026-05-16 17:47:10,667 DEBUG [backend.app.services.bambu_mqtt] [-] [[SERIAL]] info.temp direct: 27°C (heater OFF)
2026-05-16 17:47:10,667 DEBUG [backend.app.services.bambu_mqtt] [-] [[SERIAL]] ctc_info keys: ['temp']
2026-05-16 17:47:10,667 DEBUG [backend.app.services.bambu_mqtt] [-] [[SERIAL]] Chamber heating calculated: target=0.0, current=27.0, heating=False, respect_local=False
2026-05-16 17:47:10,668 DEBUG [backend.app.services.bambu_mqtt] [-] [[SERIAL]] Chamber temp updated to: 27.0, target: 0.0, heating: False
2026-05-16 17:47:10,668 DEBUG [backend.app.services.bambu_mqtt] [-] [[SERIAL]] HMS data received: []
2026-05-16 17:47:10,668 DEBUG [backend.app.services.bambu_mqtt] [-] [[SERIAL]] ipcam field: {'agora_service': 'disable', 'brtc_service': 'enable', 'bs_state': 0, 'cap_pic_enable': 'invalid', 'ipcam_dev': '1', 'ipcam_record': 'enable', 'laser_preview_res': 7, 'liveview_preview': True, 'mode_bits': 2, 'resolution': '1080p', 'rtsp_url': 'rtsps://[IP]:322/streaming/live/1', 'timelapse': 'disable', 'tl_external_free_kb': 34196992, 'tl_external_total_kb': 125283584, 'tl_internal_free_kb': 637699, 'tl_internal_total_kb': 962560, 'tl_store_hpd_type': 2, 'tl_store_path_type': 2, 'tutk_server': 'disable'}
2026-05-16 17:47:10,669 DEBUG [backend.app.services.bambu_mqtt] [-] [[SERIAL]] wifi_signal received: -55dBm
2026-05-16 17:47:10,669 DEBUG [backend.app.services.bambu_mqtt] [-] [[SERIAL]] lights_report: [{'mode': 'on', 'node': 'chamber_light'}, {'mode': 'flashing', 'node': 'work_light'}]
2026-05-16 17:47:10,669 DEBUG [backend.app.services.bambu_mqtt] [-] [[SERIAL]] MQTT mapping field: [65535, 1]
2026-05-16 17:47:10,669 DEBUG [backend.app.services.bambu_mqtt] [-] [[SERIAL]] gcode_state: RUNNING -> RUNNING, file: /data/Metadata/plate_3.gcode, subtask: Reusable_Hex_Spool
2026-05-16 17:47:11,802 DEBUG [backend.app.services.bambu_mqtt] [-] [[SERIAL]] Found xcam inside print data: {'allow_skip_parts': False, 'buildplate_marker_detector': True, 'cfg': 8072343, 'first_layer_inspector': True, 'halt_print_sensitivity': 'medium', 'print_halt': True, 'printing_monitor': True, 'spaghetti_detector': True}
2026-05-16 17:47:11,803 DEBUG [backend.app.services.bambu_mqtt] [-] [[SERIAL]] Parsing xcam data - all fields: ['allow_skip_parts', 'buildplate_marker_detector', 'cfg', 'first_layer_inspector', 'halt_print_sensitivity', 'print_halt', 'printing_monitor', 'spaghetti_detector']
2026-05-16 17:47:11,803 DEBUG [backend.app.services.bambu_mqtt] [-] [[SERIAL]] xcam cfg bitmask: 8072343 (binary: 0b11110110010110010010111)
2026-05-16 17:47:11,803 DEBUG [backend.app.services.bambu_mqtt] [-] [[SERIAL]] Received gcode_state: RUNNING, gcode_file: /data/Metadata/plate_3.gcode, subtask_name: Reusable_Hex_Spool
2026-05-16 17:47:11,803 DEBUG [backend.app.services.bambu_mqtt] [-] [[SERIAL]] AMS dict fields: {'ams_exist_bits': '1', 'ams_exist_bits_raw': '1', 'cali_id': 255, 'cali_stat': 0, 'cfs': [], 'insert_flag': True, 'power_on_flag': True, 'tray_exist_bits': 'f', 'tray_hall_out_bits': '2', 'tray_is_bbl_bits': 'f', 'tray_now': '1', 'tray_pre': '1', 'tray_read_done_bits': 'f', 'tray_reading_bits': '0', 'tray_tar': '1', 'unbind_ams_stat': 0, 'version': 15288}
2026-05-16 17:47:11,803 DEBUG [backend.app.services.bambu_mqtt] [-] [[SERIAL]] tray_now updated: 1
2026-05-16 17:47:11,804 DEBUG [backend.app.services.bambu_mqtt] [-] [[SERIAL]] Merged AMS data: 1 new units, 1 total
2026-05-16 17:47:11,804 DEBUG [backend.app.services.bambu_mqtt] [-] [[SERIAL]] AMS 0 info=0x10002003 -> extruder 0
2026-05-16 17:47:11,804 DEBUG [backend.app.services.bambu_mqtt] [-] [[SERIAL]] ams_extruder_map: {'0': 0}
2026-05-16 17:47:11,805 DEBUG [backend.app.services.bambu_mqtt] [-] [[SERIAL]] ams_status: 768 (main=3, sub=0)
2026-05-16 17:47:11,805 DEBUG [backend.app.services.bambu_mqtt] [-] [[SERIAL]] Received command response: push_status
2026-05-16 17:47:11,805 DEBUG [backend.app.services.bambu_mqtt] [-] [[SERIAL]] device.extruder.state=1 (switch_state bits 12-14: 0)
2026-05-16 17:47:11,805 DEBUG [backend.app.services.bambu_mqtt] [-] [[SERIAL]] info.temp direct: 27°C (heater OFF)
2026-05-16 17:47:11,805 DEBUG [backend.app.services.bambu_mqtt] [-] [[SERIAL]] ctc_info keys: ['temp']
2026-05-16 17:47:11,806 DEBUG [backend.app.services.bambu_mqtt] [-] [[SERIAL]] Chamber heating calculated: target=0.0, current=27.0, heating=False, respect_local=False
2026-05-16 17:47:11,806 DEBUG [backend.app.services.bambu_mqtt] [-] [[SERIAL]] Chamber temp updated to: 27.0, target: 0.0, heating: False
2026-05-16 17:47:11,806 DEBUG [backend.app.services.bambu_mqtt] [-] [[SERIAL]] HMS data received: []
2026-05-16 17:47:11,806 DEBUG [backend.app.services.bambu_mqtt] [-] [[SERIAL]] ipcam field: {'agora_service': 'disable', 'brtc_service': 'enable', 'bs_state': 0, 'cap_pic_enable': 'invalid', 'ipcam_dev': '1', 'ipcam_record': 'enable', 'laser_preview_res': 7, 'liveview_preview': True, 'mode_bits': 2, 'resolution': '1080p', 'rtsp_url': 'rtsps://[IP]:322/streaming/live/1', 'timelapse': 'disable', 'tl_external_free_kb': 34195200, 'tl_external_total_kb': 125283584, 'tl_internal_free_kb': 637699, 'tl_internal_total_kb': 962560, 'tl_store_hpd_type': 2, 'tl_store_path_type': 2, 'tutk_server': 'disable'}
2026-05-16 17:47:11,807 DEBUG [backend.app.services.bambu_mqtt] [-] [[SERIAL]] wifi_signal received: -55dBm
2026-05-16 17:47:11,807 DEBUG [backend.app.services.bambu_mqtt] [-] [[SERIAL]] lights_report: [{'mode': 'on', 'node': 'chamber_light'}, {'mode': 'flashing', 'node': 'work_light'}]
2026-05-16 17:47:11,807 DEBUG [backend.app.services.bambu_mqtt] [-] [[SERIAL]] MQTT mapping field: [65535, 1]
2026-05-16 17:47:11,808 DEBUG [backend.app.services.bambu_mqtt] [-] [[SERIAL]] gcode_state: RUNNING -> RUNNING, file: /data/Metadata/plate_3.gcode, subtask: Reusable_Hex_Spool