2026-06-07 11:40:47,374 INFO [backend.app.services.bambu_ftp] [-] FTP mode cached for [IP]: prot_p
2026-06-07 11:40:47,383 INFO [backend.app.main] [-] Registered expected print: printer=2, file=font_name-Barbie_Farmloop_Item.3mf, archive=67, ams_mapping=[6, 0]
2026-06-07 11:40:47,387 INFO [backend.app.services.print_scheduler] [-] Queue item 114: Status set to 'printing', sending print command...
2026-06-07 11:40:47,387 INFO [backend.app.services.printer_manager] [-] PRINT COMMAND: printer=2, file=font_name-Barbie_Farmloop_Item.3mf, caller=print_scheduler.py:442:check_queue
2026-06-07 11:40:47,387 INFO [backend.app.services.bambu_mqtt] [-] [[SERIAL]] Sending print command: {"print": {"sequence_id": "20000", "command": "project_file", "param": "Metadata/plate_1.gcode", "url": "ftp://font_name-Barbie_Farmloop_Item.3mf", "file": "font_name-Barbie_Farmloop_Item.3mf", "md5": "", "bed_type": "auto", "timelapse": false, "bed_leveling": true, "auto_bed_leveling": 1, "flow_cali": false, "vibration_cali": true, "layer_inspect": false, "use_ams": true, "cfg": "0", "extrude_cali_flag": 2, "extrude_cali_manual_mode": 0, "nozzle_offset_cali": 2, "subtask_name": "font_name-Barbie_Farmloop_Item", "profile_id": "0", "project_id": "593704024", "subtask_id": "593704024", "task_id": "593704024", "ams_mapping": [6, 0], "ams_mapping2": [{"ams_id": 1, "slot_id": 2}, {"ams_id": 0, "slot_id": 0}]}}
2026-06-07 11:40:47,388 INFO [backend.app.services.print_scheduler] [-] Queue item 114: Print started successfully - font_name-Barbie_Farmloop_Item.gcode.3mf
2026-06-07 11:40:47,393 INFO [backend.app.services.print_scheduler] [-] Queue: printer 1 not available — connected=True, state=RUNNING, awaiting_plate_clear=False
2026-06-07 11:40:47,393 INFO [backend.app.services.print_scheduler] [-] Queue: printer 2 not available — connected=True, state=IDLE, awaiting_plate_clear=False
2026-06-07 11:40:47,421 DEBUG [backend.app.services.bambu_mqtt] [-] [[SERIAL]] Received command response: project_file
2026-06-07 11:40:47,422 DEBUG [backend.app.services.bambu_mqtt] [-] [[SERIAL]] timelapse field: False
2026-06-07 11:40:48,420 DEBUG [backend.app.services.bambu_mqtt] [-] [[SERIAL]] Received command response: push_status
2026-06-07 11:40:48,421 DEBUG [backend.app.services.bambu_mqtt] [-] [[SERIAL]] wifi_signal received: -50dBm
2026-06-07 11:40:48,808 DEBUG [backend.app.services.bambu_mqtt] [-] [[SERIAL]] Received command response: push_status
2026-06-07 11:40:48,809 DEBUG [backend.app.services.bambu_mqtt] [-] [[SERIAL]] wifi_signal received: -55dBm
2026-06-07 11:40:50,020 DEBUG [backend.app.services.virtual_printer.ssdp_server] [f86c2954] Received M-SEARCH from [IP]
2026-06-07 11:40:50,020 INFO [backend.app.services.virtual_printer.ssdp_server] [f86c2954] Sent SSDP response to [IP] for 'Bambuddy' (Location=[IP], USN=[SERIAL])
2026-06-07 11:40:50,446 DEBUG [backend.app.services.bambu_mqtt] [-] [[SERIAL]] Received command response: push_status
2026-06-07 11:40:50,446 DEBUG [backend.app.services.bambu_mqtt] [-] [[SERIAL]] wifi_signal received: -54dBm
2026-06-07 11:40:50,814 DEBUG [backend.app.services.bambu_mqtt] [-] [[SERIAL]] Received command response: push_status
2026-06-07 11:40:50,814 DEBUG [backend.app.services.bambu_mqtt] [-] [[SERIAL]] wifi_signal received: -53dBm
2026-06-07 11:40:52,698 DEBUG [backend.app.api.routes.printers] [f00e7aa3] API returning ams_mapping: [], ams_extruder_map: {}
2026-06-07 11:40:52,698 DEBUG [backend.app.api.routes.printers] [f00e7aa3] Using tray_now directly as global ID: 0
2026-06-07 11:40:52,832 DEBUG [backend.app.services.bambu_mqtt] [-] [[SERIAL]] Received command response: push_status
2026-06-07 11:40:54,343 DEBUG [backend.app.api.routes.printers] [5bf71b52] API returning ams_mapping: [], ams_extruder_map: {}
2026-06-07 11:40:54,344 DEBUG [backend.app.api.routes.printers] [5bf71b52] Using tray_now directly as global ID: 0
2026-06-07 11:40:54,469 DEBUG [backend.app.services.bambu_mqtt] [-] [[SERIAL]] Received command response: push_status
2026-06-07 11:40:54,470 DEBUG [backend.app.services.bambu_mqtt] [-] [[SERIAL]] wifi_signal received: -52dBm
2026-06-07 11:40:55,513 DEBUG [backend.app.services.virtual_printer.ssdp_server] [f86c2954] Received M-SEARCH from [IP]
2026-06-07 11:40:55,514 INFO [backend.app.services.virtual_printer.ssdp_server] [f86c2954] Sent SSDP response to [IP] for 'Bambuddy' (Location=[IP], USN=[SERIAL])
2026-06-07 11:40:56,531 DEBUG [backend.app.services.bambu_mqtt] [-] [[SERIAL]] Received command response: push_status
2026-06-07 11:40:56,532 DEBUG [backend.app.services.bambu_mqtt] [-] [[SERIAL]] wifi_signal received: -48dBm
2026-06-07 11:40:57,603 DEBUG [backend.app.api.routes.printers] [1b90e536] API returning ams_mapping: [], ams_extruder_map: {}
2026-06-07 11:40:57,603 DEBUG [backend.app.api.routes.printers] [1b90e536] Using tray_now directly as global ID: 255
2026-06-07 11:40:58,559 DEBUG [backend.app.services.bambu_mqtt] [-] [[SERIAL]] Received command response: push_status
2026-06-07 11:40:58,560 DEBUG [backend.app.services.bambu_mqtt] [-] [[SERIAL]] wifi_signal received: -50dBm
2026-06-07 11:40:58,868 DEBUG [backend.app.services.bambu_mqtt] [-] [[SERIAL]] Received command response: push_status
2026-06-07 11:40:59,910 DEBUG [backend.app.services.virtual_printer.ssdp_server] [f86c2954] Sent SSDP NOTIFY for Bambuddy (Location=[IP], USN=[SERIAL], bind=[IP])
2026-06-07 11:41:00,889 DEBUG [backend.app.services.bambu_mqtt] [-] [[SERIAL]] Received command response: push_status
2026-06-07 11:41:00,890 DEBUG [backend.app.services.bambu_mqtt] [-] [[SERIAL]] wifi_signal received: -56dBm
2026-06-07 11:41:00,919 DEBUG [backend.app.services.virtual_printer.ssdp_server] [f86c2954] Received M-SEARCH from [IP]
2026-06-07 11:41:00,920 INFO [backend.app.services.virtual_printer.ssdp_server] [f86c2954] Sent SSDP response to [IP] for 'Bambuddy' (Location=[IP], USN=[SERIAL])
2026-06-07 11:41:01,103 DEBUG [backend.app.main] [-] [[PRINTER]] Runtime tracking: added 30s, total=769781s (213.83h)
2026-06-07 11:41:01,106 DEBUG [backend.app.main] [-] Updated runtime for 1 printer(s)
2026-06-07 11:41:01,857 DEBUG [backend.app.api.routes.printers] [4b4e7380] API returning ams_mapping: [], ams_extruder_map: {}
2026-06-07 11:41:01,858 DEBUG [backend.app.api.routes.printers] [4b4e7380] Using tray_now directly as global ID: 0
2026-06-07 11:41:02,591 DEBUG [backend.app.services.bambu_mqtt] [-] [[SERIAL]] Received command response: push_status
2026-06-07 11:41:02,592 DEBUG [backend.app.services.bambu_mqtt] [-] [[SERIAL]] wifi_signal received: -58dBm
2026-06-07 11:41:02,811 DEBUG [backend.app.api.routes.printers] [f87dc52e] API returning ams_mapping: [], ams_extruder_map: {}
2026-06-07 11:41:02,812 DEBUG [backend.app.api.routes.printers] [f87dc52e] Using tray_now directly as global ID: 255
2026-06-07 11:41:02,935 DEBUG [backend.app.services.bambu_mqtt] [-] [[SERIAL]] Received command response: push_status
2026-06-07 11:41:02,935 DEBUG [backend.app.services.bambu_mqtt] [-] [[SERIAL]] wifi_signal received: -55dBm
2026-06-07 11:41:04,618 DEBUG [backend.app.services.bambu_mqtt] [-] [[SERIAL]] Received command response: push_status
2026-06-07 11:41:04,618 DEBUG [backend.app.services.bambu_mqtt] [-] [[SERIAL]] wifi_signal received: -56dBm
2026-06-07 11:41:05,604 INFO [backend.app.services.virtual_printer.mqtt_server] [f86c2954] [Bambuddy] 1Hz status push: 60 pushes/min to [IP]:46822
2026-06-07 11:41:06,089 DEBUG [backend.app.services.virtual_printer.ssdp_server] [f86c2954] Received M-SEARCH from [IP]
2026-06-07 11:41:06,089 INFO [backend.app.services.virtual_printer.ssdp_server] [f86c2954] Sent SSDP response to [IP] for 'Bambuddy' (Location=[IP], USN=[SERIAL])
2026-06-07 11:41:06,642 DEBUG [backend.app.services.bambu_mqtt] [-] [[SERIAL]] Received command response: push_status
2026-06-07 11:41:06,643 DEBUG [backend.app.services.bambu_mqtt] [-] [[SERIAL]] wifi_signal received: -58dBm
2026-06-07 11:41:06,906 DEBUG [backend.app.api.routes.printers] [fc643c62] API returning ams_mapping: [], ams_extruder_map: {}
2026-06-07 11:41:06,907 DEBUG [backend.app.api.routes.printers] [fc643c62] Using tray_now directly as global ID: 0
2026-06-07 11:41:06,932 DEBUG [backend.app.services.bambu_mqtt] [-] [[SERIAL]] Received command response: push_status
2026-06-07 11:41:06,933 DEBUG [backend.app.services.bambu_mqtt] [-] [[SERIAL]] wifi_signal received: -57dBm
2026-06-07 11:41:07,859 DEBUG [backend.app.api.routes.printers] [6a6198e3] API returning ams_mapping: [], ams_extruder_map: {}
2026-06-07 11:41:07,860 DEBUG [backend.app.api.routes.printers] [6a6198e3] Using tray_now directly as global ID: 255
2026-06-07 11:41:08,979 DEBUG [backend.app.services.bambu_mqtt] [-] [[SERIAL]] Received command response: push_status
2026-06-07 11:41:08,979 DEBUG [backend.app.services.bambu_mqtt] [-] [[SERIAL]] wifi_signal received: -58dBm
2026-06-07 11:41:10,682 DEBUG [backend.app.services.bambu_mqtt] [-] [[SERIAL]] Received command response: push_status
2026-06-07 11:41:10,683 DEBUG [backend.app.services.bambu_mqtt] [-] [[SERIAL]] wifi_signal received: -54dBm
2026-06-07 11:41:10,962 DEBUG [backend.app.services.bambu_mqtt] [-] [[SERIAL]] Received command response: push_status
2026-06-07 11:41:10,964 DEBUG [backend.app.services.bambu_mqtt] [-] [[SERIAL]] wifi_signal received: -56dBm
2026-06-07 11:41:11,304 DEBUG [backend.app.services.virtual_printer.ssdp_server] [f86c2954] Received M-SEARCH from [IP]
2026-06-07 11:41:11,305 INFO [backend.app.services.virtual_printer.ssdp_server] [f86c2954] Sent SSDP response to [IP] for 'Bambuddy' (Location=[IP], USN=[SERIAL])
2026-06-07 11:41:11,951 DEBUG [backend.app.api.routes.printers] [30d2ac34] API returning ams_mapping: [], ams_extruder_map: {}
2026-06-07 11:41:11,951 DEBUG [backend.app.api.routes.printers] [30d2ac34] Using tray_now directly as global ID: 0
2026-06-07 11:41:12,704 DEBUG [backend.app.services.bambu_mqtt] [-] [[SERIAL]] Received command response: push_status
2026-06-07 11:41:12,912 DEBUG [backend.app.api.routes.printers] [b3e64ad2] API returning ams_mapping: [], ams_extruder_map: {}
2026-06-07 11:41:12,912 DEBUG [backend.app.api.routes.printers] [b3e64ad2] Using tray_now directly as global ID: 255
2026-06-07 11:41:12,981 DEBUG [backend.app.services.bambu_mqtt] [-] [[SERIAL]] Received command response: push_status
2026-06-07 11:41:12,982 DEBUG [backend.app.services.bambu_mqtt] [-] [[SERIAL]] wifi_signal received: -54dBm
2026-06-07 11:41:14,733 DEBUG [backend.app.services.bambu_mqtt] [-] [[SERIAL]] Received command response: push_status
2026-06-07 11:41:14,734 DEBUG [backend.app.services.bambu_mqtt] [-] [[SERIAL]] wifi_signal received: -56dBm
2026-06-07 11:41:16,218 INFO [backend.app.api.routes.printers] [4fff3c75] Cover: resolved plate 1 before download (subtask=Part_1)
2026-06-07 11:41:16,265 INFO [backend.app.api.routes.cloud] [2795c836] get_filament_info called with 3 IDs: ['GFL96', 'GFA01', 'GFL99']
2026-06-07 11:41:16,320 INFO [backend.app.api.routes.cloud] [13ce2cc0] get_filament_info called with 3 IDs: ['GFL99', 'GFA01', 'GFG00']
2026-06-07 11:41:16,401 WARNING [backend.app.api.routes.cloud] [2795c836] Failed to get cloud preset GFL96 (API ID: GFSL96): Failed to get setting detail: 400
2026-06-07 11:41:16,533 INFO [uvicorn.access] [-] [IP]:50858 - "POST /api/v1/cloud/filament-info HTTP/1.1" 200
2026-06-07 11:41:16,587 WARNING [backend.app.api.routes.cloud] [13ce2cc0] Failed to get cloud preset GFG00 (API ID: GFSG00): Failed to get setting detail: 400
2026-06-07 11:41:16,589 INFO [uvicorn.access] [-] [IP]:50860 - "POST /api/v1/cloud/filament-info HTTP/1.1" 200
2026-06-07 11:41:16,618 DEBUG [backend.app.services.virtual_printer.ssdp_server] [f86c2954] Received M-SEARCH from [IP]
2026-06-07 11:41:16,618 INFO [backend.app.services.virtual_printer.ssdp_server] [f86c2954] Sent SSDP response to [IP] for 'Bambuddy' (Location=[IP], USN=[SERIAL])
2026-06-07 11:41:17,512 DEBUG [backend.app.api.routes.printers] [a8799ccc] API returning ams_mapping: [], ams_extruder_map: {}
2026-06-07 11:41:17,512 DEBUG [backend.app.api.routes.printers] [a8799ccc] Using tray_now directly as global ID: 255
2026-06-07 11:41:18,810 DEBUG [backend.app.services.bambu_mqtt] [-] [[SERIAL]] Received command response: push_status
2026-06-07 11:41:18,811 DEBUG [backend.app.services.bambu_mqtt] [-] [[SERIAL]] wifi_signal received: -55dBm
2026-06-07 11:41:19,038 DEBUG [backend.app.services.bambu_mqtt] [-] [[SERIAL]] Received command response: push_status
2026-06-07 11:41:19,038 DEBUG [backend.app.services.bambu_mqtt] [-] [[SERIAL]] wifi_signal received: -53dBm
2026-06-07 11:41:20,805 DEBUG [backend.app.services.bambu_mqtt] [-] [[SERIAL]] Received command response: push_status
2026-06-07 11:41:20,806 DEBUG [backend.app.services.bambu_mqtt] [-] [[SERIAL]] wifi_signal received: -57dBm
2026-06-07 11:41:21,073 DEBUG [backend.app.services.bambu_mqtt] [-] [[SERIAL]] Received command response: push_status
2026-06-07 11:41:21,073 DEBUG [backend.app.services.bambu_mqtt] [-] [[SERIAL]] wifi_signal received: -57dBm
2026-06-07 11:41:21,849 DEBUG [backend.app.services.virtual_printer.ssdp_server] [f86c2954] Received M-SEARCH from [IP]
2026-06-07 11:41:21,850 INFO [backend.app.services.virtual_printer.ssdp_server] [f86c2954] Sent SSDP response to [IP] for 'Bambuddy' (Location=[IP], USN=[SERIAL])
2026-06-07 11:41:22,837 DEBUG [backend.app.services.bambu_mqtt] [-] [[SERIAL]] Received command response: push_status
2026-06-07 11:41:24,364 DEBUG [backend.app.api.routes.printers] [6ae42ce1] API returning ams_mapping: [], ams_extruder_map: {}
2026-06-07 11:41:24,365 DEBUG [backend.app.api.routes.printers] [6ae42ce1] Using tray_now directly as global ID: 0
2026-06-07 11:41:25,060 DEBUG [backend.app.services.bambu_mqtt] [-] [[SERIAL]] Received command response: push_status
2026-06-07 11:41:25,060 DEBUG [backend.app.services.bambu_mqtt] [-] [[SERIAL]] wifi_signal received: -54dBm
2026-06-07 11:41:26,899 DEBUG [backend.app.services.bambu_mqtt] [-] [[SERIAL]] Received command response: push_status
2026-06-07 11:41:26,899 DEBUG [backend.app.services.bambu_mqtt] [-] [[SERIAL]] wifi_signal received: -53dBm
2026-06-07 11:41:27,191 DEBUG [backend.app.services.virtual_printer.ssdp_server] [f86c2954] Received M-SEARCH from [IP]
2026-06-07 11:41:27,192 INFO [backend.app.services.virtual_printer.ssdp_server] [f86c2954] Sent SSDP response to [IP] for 'Bambuddy' (Location=[IP], USN=[SERIAL])
2026-06-07 11:41:28,905 DEBUG [backend.app.services.bambu_mqtt] [-] [[SERIAL]] Received command response: push_status
2026-06-07 11:41:28,905 DEBUG [backend.app.services.bambu_mqtt] [-] [[SERIAL]] wifi_signal received: -60dBm
2026-06-07 11:41:29,097 DEBUG [backend.app.services.bambu_mqtt] [-] [[SERIAL]] Received command response: push_status
2026-06-07 11:41:29,097 DEBUG [backend.app.services.bambu_mqtt] [-] [[SERIAL]] wifi_signal received: -56dBm
2026-06-07 11:41:30,009 DEBUG [backend.app.services.virtual_printer.ssdp_server] [f86c2954] Sent SSDP NOTIFY for Bambuddy (Location=[IP], USN=[SERIAL], bind=[IP])
2026-06-07 11:41:30,935 DEBUG [backend.app.services.bambu_mqtt] [-] [[SERIAL]] Received command response: push_status
2026-06-07 11:41:30,935 DEBUG [backend.app.services.bambu_mqtt] [-] [[SERIAL]] wifi_signal received: -51dBm
2026-06-07 11:41:31,109 DEBUG [backend.app.main] [-] [[PRINTER]] Runtime tracking: added 30s, total=769811s (213.84h)
2026-06-07 11:41:31,112 DEBUG [backend.app.main] [-] Updated runtime for 1 printer(s)
2026-06-07 11:41:32,519 DEBUG [backend.app.services.virtual_printer.ssdp_server] [f86c2954] Received M-SEARCH from [IP]
2026-06-07 11:41:32,520 INFO [backend.app.services.virtual_printer.ssdp_server] [f86c2954] Sent SSDP response to [IP] for 'Bambuddy' (Location=[IP], USN=[SERIAL])
2026-06-07 11:41:33,144 DEBUG [backend.app.services.bambu_mqtt] [-] [[SERIAL]] Received command response: push_status
2026-06-07 11:41:33,145 DEBUG [backend.app.services.bambu_mqtt] [-] [[SERIAL]] wifi_signal received: -57dBm
2026-06-07 11:41:34,997 DEBUG [backend.app.services.bambu_mqtt] [-] [[SERIAL]] Received command response: push_status
2026-06-07 11:41:35,138 DEBUG [backend.app.services.bambu_mqtt] [-] [[SERIAL]] Received command response: push_status
2026-06-07 11:41:35,139 DEBUG [backend.app.services.bambu_mqtt] [-] [[SERIAL]] wifi_signal received: -58dBm
2026-06-07 11:41:36,998 DEBUG [backend.app.services.bambu_mqtt] [-] [[SERIAL]] Received command response: push_status
2026-06-07 11:41:36,999 DEBUG [backend.app.services.bambu_mqtt] [-] [[SERIAL]] wifi_signal received: -52dBm
2026-06-07 11:41:37,157 DEBUG [backend.app.services.bambu_mqtt] [-] [[SERIAL]] Received command response: push_status
2026-06-07 11:41:37,158 DEBUG [backend.app.services.bambu_mqtt] [-] [[SERIAL]] wifi_signal received: -57dBm
2026-06-07 11:41:37,755 DEBUG [backend.app.services.virtual_printer.ssdp_server] [f86c2954] Received M-SEARCH from [IP]
2026-06-07 11:41:37,756 INFO [backend.app.services.virtual_printer.ssdp_server] [f86c2954] Sent SSDP response to [IP] for 'Bambuddy' (Location=[IP], USN=[SERIAL])
2026-06-07 11:41:39,025 DEBUG [backend.app.services.bambu_mqtt] [-] [[SERIAL]] Received command response: push_status
2026-06-07 11:41:39,026 DEBUG [backend.app.services.bambu_mqtt] [-] [[SERIAL]] wifi_signal received: -50dBm
2026-06-07 11:41:41,195 DEBUG [backend.app.services.bambu_mqtt] [-] [[SERIAL]] Received command response: push_status
2026-06-07 11:41:41,195 DEBUG [backend.app.services.bambu_mqtt] [-] [[SERIAL]] wifi_signal received: -55dBm
2026-06-07 11:41:42,590 DEBUG [backend.app.services.virtual_printer.ssdp_server] [f86c2954] Received M-SEARCH from [IP]
2026-06-07 11:41:42,590 INFO [backend.app.services.virtual_printer.ssdp_server] [f86c2954] Sent SSDP response to [IP] for 'Bambuddy' (Location=[IP], USN=[SERIAL])
2026-06-07 11:41:43,112 DEBUG [backend.app.services.bambu_mqtt] [-] [[SERIAL]] Received command response: push_status
2026-06-07 11:41:43,113 DEBUG [backend.app.services.bambu_mqtt] [-] [[SERIAL]] wifi_signal received: -51dBm
2026-06-07 11:41:43,194 DEBUG [backend.app.services.bambu_mqtt] [-] [[SERIAL]] Received command response: push_status
2026-06-07 11:41:43,194 DEBUG [backend.app.services.bambu_mqtt] [-] [[SERIAL]] wifi_signal received: -56dBm
2026-06-07 11:41:45,129 DEBUG [backend.app.services.bambu_mqtt] [-] [[SERIAL]] Received command response: push_status
2026-06-07 11:41:45,229 DEBUG [backend.app.services.bambu_mqtt] [-] [[SERIAL]] Received command response: push_status
2026-06-07 11:41:45,229 DEBUG [backend.app.services.bambu_mqtt] [-] [[SERIAL]] wifi_signal received: -57dBm
2026-06-07 11:41:46,245 DEBUG [backend.app.api.routes.printers] [53da35d2] API returning ams_mapping: [], ams_extruder_map: {}
2026-06-07 11:41:46,245 DEBUG [backend.app.api.routes.printers] [53da35d2] Using tray_now directly as global ID: 255
2026-06-07 11:41:47,128 DEBUG [backend.app.services.bambu_mqtt] [-] [[SERIAL]] Received command response: push_status
2026-06-07 11:41:47,531 DEBUG [backend.app.api.routes.printers] [c4da1d68] API returning ams_mapping: [], ams_extruder_map: {}
2026-06-07 11:41:47,531 DEBUG [backend.app.api.routes.printers] [c4da1d68] Using tray_now directly as global ID: 255
2026-06-07 11:41:47,823 DEBUG [backend.app.services.virtual_printer.ssdp_server] [f86c2954] Received M-SEARCH from [IP]
2026-06-07 11:41:47,824 INFO [backend.app.services.virtual_printer.ssdp_server] [f86c2954] Sent SSDP response to [IP] for 'Bambuddy' (Location=[IP], USN=[SERIAL])
2026-06-07 11:41:49,233 DEBUG [backend.app.services.bambu_mqtt] [-] [[SERIAL]] Received command response: push_status
2026-06-07 11:41:49,233 DEBUG [backend.app.services.bambu_mqtt] [-] [[SERIAL]] wifi_signal received: -56dBm
2026-06-07 11:41:50,461 DEBUG [backend.app.services.bambu_mqtt] [05c0cb20] [[SERIAL]] Requesting status update (pushall)
2026-06-07 11:41:50,463 INFO [uvicorn.access] [-] [IP]:50864 - "POST /api/v1/printers/2/refresh-status HTTP/1.1" 200
2026-06-07 11:41:50,487 DEBUG [backend.app.api.routes.printers] [e7e5c3bd] API returning ams_mapping: [], ams_extruder_map: {}
2026-06-07 11:41:50,488 DEBUG [backend.app.api.routes.printers] [e7e5c3bd] Using tray_now directly as global ID: 255
2026-06-07 11:41:50,515 DEBUG [backend.app.services.bambu_mqtt] [-] [[SERIAL]] Received gcode_state: IDLE, gcode_file: font_name-Barbie_Farmloop_Item.3mf, subtask_name: font_name-Barbie_Farmloop_Item
2026-06-07 11:41:50,516 DEBUG [backend.app.services.bambu_mqtt] [-] [[SERIAL]] AMS dict fields: {'ams_exist_bits': '7', 'tray_exist_bits': 'cf', 'tray_is_bbl_bits': 'cf', 'tray_tar': '255', 'tray_now': '255', 'tray_pre': '255', 'tray_read_done_bits': 'cf', 'tray_reading_bits': '0', 'version': 2, 'insert_flag': True, 'power_on_flag': False}
2026-06-07 11:41:50,517 DEBUG [backend.app.services.bambu_mqtt] [-] [[SERIAL]] tray_now updated: 255
2026-06-07 11:41:50,518 DEBUG [backend.app.services.bambu_mqtt] [-] [[SERIAL]] Merged AMS data: 3 new units, 3 total
2026-06-07 11:41:50,519 DEBUG [backend.app.services.bambu_mqtt] [-] [[SERIAL]] ams_status: 0 (main=0, sub=0)
2026-06-07 11:41:50,520 DEBUG [backend.app.services.bambu_mqtt] [-] [[SERIAL]] Received command response: push_status
2026-06-07 11:41:50,521 DEBUG [backend.app.services.bambu_mqtt] [-] [[SERIAL]] chamber_temper raw value: 5.0
2026-06-07 11:41:50,521 DEBUG [backend.app.services.bambu_mqtt] [-] [[SERIAL]] chamber_temper direct value: 5.0°C (heater OFF)
2026-06-07 11:41:50,522 DEBUG [backend.app.services.bambu_mqtt] [-] [[SERIAL]] Chamber heating calculated: target=0.0, current=5.0, heating=False, respect_local=False
2026-06-07 11:41:50,523 DEBUG [backend.app.services.bambu_mqtt] [-] [[SERIAL]] Chamber temp updated to: 5.0, target: 0.0, heating: False
2026-06-07 11:41:50,524 DEBUG [backend.app.services.bambu_mqtt] [-] [[SERIAL]] HMS data received: []
2026-06-07 11:41:50,525 DEBUG [backend.app.services.bambu_mqtt] [-] [[SERIAL]] ipcam field: {'ipcam_dev': '1', 'ipcam_record': 'enable', 'timelapse': 'disable', 'resolution': '', 'tutk_server': 'disable', 'mode_bits': 3}
2026-06-07 11:41:50,525 DEBUG [backend.app.services.bambu_mqtt] [-] [[SERIAL]] wifi_signal received: -57dBm
2026-06-07 11:41:50,526 DEBUG [backend.app.services.bambu_mqtt] [-] [[SERIAL]] lights_report: [{'node': 'chamber_light', 'mode': 'off'}]
2026-06-07 11:41:50,527 DEBUG [backend.app.services.bambu_mqtt] [-] [[SERIAL]] gcode_state: IDLE -> IDLE, file: font_name-Barbie_Farmloop_Item.3mf, subtask: font_name-Barbie_Farmloop_Item
2026-06-07 11:41:51,214 DEBUG [backend.app.services.bambu_mqtt] [-] [[SERIAL]] Received command response: push_status
2026-06-07 11:41:51,215 DEBUG [backend.app.services.bambu_mqtt] [-] [[SERIAL]] wifi_signal received: -53dBm
2026-06-07 11:41:52,759 DEBUG [backend.app.services.virtual_printer.ssdp_server] [f86c2954] Received M-SEARCH from [IP]
2026-06-07 11:41:52,760 INFO [backend.app.services.virtual_printer.ssdp_server] [f86c2954] Sent SSDP response to [IP] for 'Bambuddy' (Location=[IP], USN=[SERIAL])
2026-06-07 11:41:53,214 DEBUG [backend.app.services.bambu_mqtt] [-] [[SERIAL]] Received command response: push_status
2026-06-07 11:41:53,214 DEBUG [backend.app.services.bambu_mqtt] [-] [[SERIAL]] wifi_signal received: -50dBm
2026-06-07 11:41:54,395 DEBUG [backend.app.api.routes.printers] [0b2d0c59] API returning ams_mapping: [], ams_extruder_map: {}
2026-06-07 11:41:54,396 DEBUG [backend.app.api.routes.printers] [0b2d0c59] Using tray_now directly as global ID: 0
2026-06-07 11:41:54,557 DEBUG [backend.app.services.bambu_mqtt] [-] [[SERIAL]] Received command response: push_status
2026-06-07 11:41:54,558 DEBUG [backend.app.services.bambu_mqtt] [-] [[SERIAL]] wifi_signal received: -60dBm
2026-06-07 11:41:55,220 DEBUG [backend.app.services.bambu_mqtt] [-] [[SERIAL]] Received command response: push_status
2026-06-07 11:41:56,552 DEBUG [backend.app.services.bambu_mqtt] [-] [[SERIAL]] Received command response: push_status
2026-06-07 11:41:56,553 DEBUG [backend.app.services.bambu_mqtt] [-] [[SERIAL]] wifi_signal received: -57dBm
2026-06-07 11:41:57,996 DEBUG [backend.app.services.virtual_printer.ssdp_server] [f86c2954] Received M-SEARCH from [IP]
2026-06-07 11:41:57,996 INFO [backend.app.services.virtual_printer.ssdp_server] [f86c2954] Sent SSDP response to [IP] for 'Bambuddy' (Location=[IP], USN=[SERIAL])
2026-06-07 11:41:58,569 DEBUG [backend.app.services.bambu_mqtt] [-] [[SERIAL]] Received command response: push_status
2026-06-07 11:41:58,569 DEBUG [backend.app.services.bambu_mqtt] [-] [[SERIAL]] wifi_signal received: -58dBm
2026-06-07 11:41:59,258 DEBUG [backend.app.services.bambu_mqtt] [-] [[SERIAL]] Received command response: push_status
2026-06-07 11:41:59,258 DEBUG [backend.app.services.bambu_mqtt] [-] [[SERIAL]] wifi_signal received: -49dBm
2026-06-07 11:42:00,107 DEBUG [backend.app.services.virtual_printer.ssdp_server] [f86c2954] Sent SSDP NOTIFY for Bambuddy (Location=[IP], USN=[SERIAL], bind=[IP])
2026-06-07 11:42:00,589 DEBUG [backend.app.services.bambu_mqtt] [-] [[SERIAL]] Received command response: push_status
2026-06-07 11:42:00,590 DEBUG [backend.app.services.bambu_mqtt] [-] [[SERIAL]] wifi_signal received: -56dBm
2026-06-07 11:42:01,114 DEBUG [backend.app.main] [-] [[PRINTER]] Runtime tracking: added 30s, total=769841s (213.84h)
2026-06-07 11:42:01,116 DEBUG [backend.app.main] [-] Updated runtime for 1 printer(s)
2026-06-07 11:42:01,332 DEBUG [backend.app.services.bambu_mqtt] [-] [[SERIAL]] Received command response: push_status
2026-06-07 11:42:01,332 DEBUG [backend.app.services.bambu_mqtt] [-] [[SERIAL]] wifi_signal received: -51dBm