2026-05-15 10:39:09,252 INFO [root] [-] Bambuddy starting - debug=False, log_level=INFO
2026-05-15 10:39:11,737 INFO [backend.app.services.printer_manager] [-] Loaded 2 printer(s) awaiting plate-clear acknowledgment: [1, 2]
2026-05-15 10:39:11,743 INFO [backend.app.services.mqtt_relay] [-] MQTT relay disabled
2026-05-15 10:39:14,794 INFO [backend.app.services.background_dispatch] [-] Background dispatch dispatcher started
2026-05-15 10:39:14,795 INFO [backend.app.services.smart_plug_manager] [-] Smart plug scheduler started
2026-05-15 10:39:14,795 INFO [backend.app.services.smart_plug_manager] [-] Smart plug energy snapshot loop started
2026-05-15 10:39:14,805 INFO [backend.app.services.print_scheduler] [-] Print scheduler started
2026-05-15 10:39:14,810 INFO [backend.app.services.notification_service] [-] Notification digest scheduler started
2026-05-15 10:39:14,810 INFO [backend.app.services.github_backup] [-] Starting GitHub backup scheduler
2026-05-15 10:39:14,810 INFO [backend.app.services.local_backup] [-] Starting local backup scheduler
2026-05-15 10:39:14,816 INFO [backend.app.services.obico_detection] [-] Starting Obico detection service
2026-05-15 10:39:14,816 INFO [backend.app.services.library_trash] [-] Starting library trash sweeper
2026-05-15 10:39:14,816 INFO [backend.app.services.archive_purge] [-] Starting archive auto-purge sweeper
2026-05-15 10:39:14,816 INFO [backend.app.main] [-] AMS history recording started
2026-05-15 10:39:14,817 INFO [backend.app.main] [-] Printer runtime tracking started
2026-05-15 10:39:14,817 INFO [backend.app.main] [-] SpoolBuddy watchdog started
2026-05-15 10:39:14,817 INFO [backend.app.main] [-] Camera stream cleanup started
2026-05-15 10:39:14,817 INFO [backend.app.main] [-] Expected prints cleanup started
2026-05-15 10:39:14,817 INFO [backend.app.main] [-] Auth periodic cleanup started
2026-05-15 10:39:14,829 INFO [root] [-] Virtual printer manager synced from database
2026-05-15 10:39:37,355 INFO [backend.app.api.routes.websocket] [-] WebSocket client connecting...
2026-05-15 10:39:37,356 INFO [backend.app.api.routes.websocket] [-] WebSocket client connected
2026-05-15 10:39:37,357 INFO [backend.app.api.routes.websocket] [-] Sent initial status for 3 printers
2026-05-15 10:39:52,824 INFO [backend.app.api.routes.websocket] [-] WebSocket client connecting...
2026-05-15 10:39:52,824 INFO [backend.app.api.routes.websocket] [-] WebSocket client connected
2026-05-15 10:39:52,826 INFO [backend.app.api.routes.websocket] [-] Sent initial status for 3 printers
2026-05-15 10:41:22,831 INFO [backend.app.api.routes.websocket] [-] WebSocket client disconnected normally
2026-05-15 10:41:27,367 INFO [backend.app.api.routes.websocket] [-] WebSocket client disconnected normally
2026-05-15 10:56:11,507 INFO [backend.app.api.routes.websocket] [-] WebSocket client connecting...
2026-05-15 10:56:11,507 INFO [backend.app.api.routes.websocket] [-] WebSocket client connected
2026-05-15 10:56:11,508 INFO [backend.app.api.routes.websocket] [-] Sent initial status for 3 printers
2026-05-15 10:56:13,086 INFO [backend.app.api.routes.websocket] [-] WebSocket client connecting...
2026-05-15 10:56:13,086 INFO [backend.app.api.routes.websocket] [-] WebSocket client connected
2026-05-15 10:56:13,088 INFO [backend.app.api.routes.websocket] [-] Sent initial status for 3 printers
2026-05-15 10:57:41,516 INFO [backend.app.api.routes.websocket] [-] WebSocket client disconnected normally
2026-05-15 10:57:43,095 INFO [backend.app.api.routes.websocket] [-] WebSocket client disconnected normally
2026-05-15 10:58:07,855 INFO [backend.app.api.routes.websocket] [-] WebSocket client connecting...
2026-05-15 10:58:07,855 INFO [backend.app.api.routes.websocket] [-] WebSocket client connected
2026-05-15 10:58:07,856 INFO [backend.app.api.routes.websocket] [-] Sent initial status for 3 printers
2026-05-15 10:58:09,332 INFO [backend.app.api.routes.websocket] [-] WebSocket client connecting...
2026-05-15 10:58:09,333 INFO [backend.app.api.routes.websocket] [-] WebSocket client connected
2026-05-15 10:58:09,334 INFO [backend.app.api.routes.websocket] [-] Sent initial status for 3 printers
2026-05-15 11:09:26,641 INFO [backend.app.api.routes.websocket] [-] WebSocket client disconnected normally
2026-05-15 11:09:26,642 INFO [backend.app.api.routes.websocket] [-] WebSocket client disconnected normally
2026-05-15 11:14:54,342 INFO [root] [-] Logging to file: /app/logs/bambuddy.log
2026-05-15 11:14:54,343 INFO [root] [-] Bambuddy starting - debug=False, log_level=INFO
2026-05-15 11:14:56,272 INFO [backend.app.services.printer_manager] [-] Loaded 2 printer(s) awaiting plate-clear acknowledgment: [1, 2]
2026-05-15 11:14:56,279 INFO [backend.app.services.mqtt_relay] [-] MQTT relay disabled
2026-05-15 11:14:59,330 INFO [backend.app.services.background_dispatch] [-] Background dispatch dispatcher started
2026-05-15 11:14:59,331 INFO [backend.app.services.smart_plug_manager] [-] Smart plug scheduler started
2026-05-15 11:14:59,331 INFO [backend.app.services.smart_plug_manager] [-] Smart plug energy snapshot loop started
2026-05-15 11:14:59,337 INFO [backend.app.services.print_scheduler] [-] Print scheduler started
2026-05-15 11:14:59,340 INFO [backend.app.services.notification_service] [-] Notification digest scheduler started
2026-05-15 11:14:59,340 INFO [backend.app.services.github_backup] [-] Starting GitHub backup scheduler
2026-05-15 11:14:59,340 INFO [backend.app.services.local_backup] [-] Starting local backup scheduler
2026-05-15 11:14:59,344 INFO [backend.app.services.obico_detection] [-] Starting Obico detection service
2026-05-15 11:14:59,344 INFO [backend.app.services.library_trash] [-] Starting library trash sweeper
2026-05-15 11:14:59,344 INFO [backend.app.services.archive_purge] [-] Starting archive auto-purge sweeper
2026-05-15 11:14:59,344 INFO [backend.app.main] [-] AMS history recording started
2026-05-15 11:14:59,344 INFO [backend.app.main] [-] Printer runtime tracking started
2026-05-15 11:14:59,345 INFO [backend.app.main] [-] SpoolBuddy watchdog started
2026-05-15 11:14:59,345 INFO [backend.app.main] [-] Camera stream cleanup started
2026-05-15 11:14:59,345 INFO [backend.app.main] [-] Expected prints cleanup started
2026-05-15 11:14:59,345 INFO [backend.app.main] [-] Auth periodic cleanup started
2026-05-15 11:14:59,354 INFO [root] [-] Virtual printer manager synced from database
2026-05-15 11:19:17,916 INFO [backend.app.api.routes.websocket] [-] WebSocket client connecting...
2026-05-15 11:19:17,916 INFO [backend.app.api.routes.websocket] [-] WebSocket client connected
2026-05-15 11:19:17,918 INFO [backend.app.api.routes.websocket] [-] Sent initial status for 3 printers
2026-05-15 11:19:21,536 INFO [backend.app.api.routes.websocket] [-] WebSocket client connecting...
2026-05-15 11:19:21,536 INFO [backend.app.api.routes.websocket] [-] WebSocket client connected
2026-05-15 11:19:21,537 INFO [backend.app.api.routes.websocket] [-] Sent initial status for 3 printers
2026-05-15 11:33:18,572 INFO [uvicorn.access] [-] [IP]:0 - "POST /api/v1/printers/camera/stream-token HTTP/1.1" 200
2026-05-15 11:33:19,431 INFO [backend.app.services.firmware_check] [c923d7a2] Got Bambu Lab build ID: DGVvLxp_mb7yePrzlGQYu
2026-05-15 11:53:37,447 INFO [uvicorn.access] [-] [IP]:0 - "POST /api/v1/printers/camera/stream-token HTTP/1.1" 200
2026-05-15 11:53:37,859 INFO [backend.app.api.routes.websocket] [-] WebSocket client disconnected normally
2026-05-15 12:23:18,596 INFO [uvicorn.access] [-] [IP]:0 - "POST /api/v1/printers/camera/stream-token HTTP/1.1" 200
2026-05-15 12:33:21,437 INFO [backend.app.services.firmware_check] [5c4a5927] Got Bambu Lab build ID: DGVvLxp_mb7yePrzlGQYu
2026-05-15 12:36:05,310 INFO [backend.app.api.routes.websocket] [-] WebSocket client disconnected normally
2026-05-15 12:36:08,333 INFO [backend.app.api.routes.websocket] [-] WebSocket client connecting...
2026-05-15 12:36:08,334 INFO [backend.app.api.routes.websocket] [-] WebSocket client connected
2026-05-15 12:36:08,336 INFO [backend.app.api.routes.websocket] [-] Sent initial status for 3 printers
2026-05-15 12:37:58,345 INFO [backend.app.api.routes.websocket] [-] WebSocket client disconnected normally
2026-05-15 12:54:14,109 INFO [backend.app.api.routes.websocket] [-] WebSocket client connecting...
2026-05-15 12:54:14,109 INFO [backend.app.api.routes.websocket] [-] WebSocket client connected
2026-05-15 12:54:14,110 INFO [backend.app.api.routes.websocket] [-] Sent initial status for 3 printers
2026-05-15 12:55:44,117 INFO [backend.app.api.routes.websocket] [-] WebSocket client disconnected normally
2026-05-15 13:02:27,615 INFO [backend.app.api.routes.websocket] [-] WebSocket client connecting...
2026-05-15 13:02:27,615 INFO [backend.app.api.routes.websocket] [-] WebSocket client connected
2026-05-15 13:02:27,616 INFO [backend.app.api.routes.websocket] [-] Sent initial status for 3 printers
2026-05-15 13:35:23,050 INFO [backend.app.services.firmware_check] [9c04164c] Got Bambu Lab build ID: DGVvLxp_mb7yePrzlGQYu
2026-05-15 13:35:23,514 INFO [backend.app.services.firmware_check] [8b62a7e7] Got Bambu Lab build ID: DGVvLxp_mb7yePrzlGQYu
2026-05-15 13:35:23,525 INFO [backend.app.services.firmware_check] [50847ea7] Got Bambu Lab build ID: DGVvLxp_mb7yePrzlGQYu
2026-05-15 13:36:45,092 INFO [backend.app.api.routes.websocket] [-] WebSocket client disconnected normally
2026-05-15 13:36:48,111 INFO [backend.app.api.routes.websocket] [-] WebSocket client connecting...
2026-05-15 13:36:48,111 INFO [backend.app.api.routes.websocket] [-] WebSocket client connected
2026-05-15 13:36:48,112 INFO [backend.app.api.routes.websocket] [-] Sent initial status for 3 printers
2026-05-15 13:37:02,284 INFO [uvicorn.access] [-] [IP]:0 - "POST /api/v1/printers/camera/stream-token HTTP/1.1" 200
2026-05-15 13:37:03,270 INFO [uvicorn.access] [-] [IP]:0 - "POST /api/v1/printers/camera/stream-token HTTP/1.1" 200
2026-05-15 13:38:38,122 INFO [backend.app.api.routes.websocket] [-] WebSocket client disconnected normally
2026-05-15 13:41:41,811 INFO [backend.app.api.routes.websocket] [-] WebSocket client connecting...
2026-05-15 13:41:41,811 INFO [backend.app.api.routes.websocket] [-] WebSocket client connected
2026-05-15 13:41:41,813 INFO [backend.app.api.routes.websocket] [-] Sent initial status for 3 printers
2026-05-15 14:00:36,230 INFO [backend.app.api.routes.websocket] [-] WebSocket client disconnected normally
2026-05-15 14:00:39,242 INFO [backend.app.api.routes.websocket] [-] WebSocket client connecting...
2026-05-15 14:00:39,243 INFO [backend.app.api.routes.websocket] [-] WebSocket client connected
2026-05-15 14:00:39,244 INFO [backend.app.api.routes.websocket] [-] Sent initial status for 3 printers
2026-05-15 14:02:29,252 INFO [backend.app.api.routes.websocket] [-] WebSocket client disconnected normally
2026-05-15 14:18:37,787 INFO [backend.app.api.routes.websocket] [-] WebSocket client connecting...
2026-05-15 14:18:37,788 INFO [backend.app.api.routes.websocket] [-] WebSocket client connected
2026-05-15 14:18:37,789 INFO [backend.app.api.routes.websocket] [-] Sent initial status for 3 printers
2026-05-15 14:20:07,796 INFO [backend.app.api.routes.websocket] [-] WebSocket client disconnected normally
2026-05-15 14:28:11,573 INFO [backend.app.api.routes.websocket] [-] WebSocket client connecting...
2026-05-15 14:28:11,573 INFO [backend.app.api.routes.websocket] [-] WebSocket client connected
2026-05-15 14:28:11,574 INFO [backend.app.api.routes.websocket] [-] Sent initial status for 3 printers
2026-05-15 14:38:24,802 INFO [backend.app.services.firmware_check] [2867d5f0] Got Bambu Lab build ID: DGVvLxp_mb7yePrzlGQYu
2026-05-15 14:38:25,143 INFO [backend.app.services.firmware_check] [22dc6af0] Got Bambu Lab build ID: DGVvLxp_mb7yePrzlGQYu
2026-05-15 14:55:03,460 INFO [uvicorn.access] [-] [IP]:0 - "POST /api/v1/printers/camera/stream-token HTTP/1.1" 200
2026-05-15 15:38:26,698 INFO [backend.app.services.firmware_check] [a86705d3] Got Bambu Lab build ID: DGVvLxp_mb7yePrzlGQYu
2026-05-15 15:38:26,752 INFO [backend.app.services.firmware_check] [3c69b98d] Got Bambu Lab build ID: DGVvLxp_mb7yePrzlGQYu
2026-05-15 15:45:03,470 INFO [uvicorn.access] [-] [IP]:0 - "POST /api/v1/printers/camera/stream-token HTTP/1.1" 200
2026-05-15 15:50:11,559 INFO [backend.app.api.routes.websocket] [-] WebSocket client disconnected normally
2026-05-15 15:50:14,572 INFO [backend.app.api.routes.websocket] [-] WebSocket client connecting...
2026-05-15 15:50:14,572 INFO [backend.app.api.routes.websocket] [-] WebSocket client connected
2026-05-15 15:50:14,573 INFO [backend.app.api.routes.websocket] [-] Sent initial status for 3 printers
2026-05-15 15:52:24,586 INFO [backend.app.api.routes.websocket] [-] WebSocket client disconnected normally
2026-05-15 15:56:12,753 INFO [backend.app.api.routes.websocket] [-] WebSocket client connecting...
2026-05-15 15:56:12,753 INFO [backend.app.api.routes.websocket] [-] WebSocket client connected
2026-05-15 15:56:12,754 INFO [backend.app.api.routes.websocket] [-] Sent initial status for 3 printers
2026-05-15 15:56:56,644 WARNING [backend.app.services.bambu_mqtt] [-] [[SERIAL]] MQTT disconnected: rc=Unspecified error, flags=DisconnectFlags(is_disconnect_packet_from_server=False)
2026-05-15 15:57:26,710 WARNING [backend.app.services.bambu_mqtt] [-] [[SERIAL]] MQTT disconnected: rc=Unspecified error, flags=DisconnectFlags(is_disconnect_packet_from_server=False)
2026-05-15 15:57:56,775 WARNING [backend.app.services.bambu_mqtt] [-] [[SERIAL]] MQTT disconnected: rc=Unspecified error, flags=DisconnectFlags(is_disconnect_packet_from_server=False)
2026-05-15 15:58:26,841 WARNING [backend.app.services.bambu_mqtt] [-] [[SERIAL]] MQTT disconnected: rc=Unspecified error, flags=DisconnectFlags(is_disconnect_packet_from_server=False)
2026-05-15 15:58:56,904 WARNING [backend.app.services.bambu_mqtt] [-] [[SERIAL]] MQTT disconnected: rc=Unspecified error, flags=DisconnectFlags(is_disconnect_packet_from_server=False)
2026-05-15 15:59:26,972 WARNING [backend.app.services.bambu_mqtt] [-] [[SERIAL]] MQTT disconnected: rc=Unspecified error, flags=DisconnectFlags(is_disconnect_packet_from_server=False)
2026-05-15 15:59:57,035 WARNING [backend.app.services.bambu_mqtt] [-] [[SERIAL]] MQTT disconnected: rc=Unspecified error, flags=DisconnectFlags(is_disconnect_packet_from_server=False)
2026-05-15 16:00:27,100 WARNING [backend.app.services.bambu_mqtt] [-] [[SERIAL]] MQTT disconnected: rc=Unspecified error, flags=DisconnectFlags(is_disconnect_packet_from_server=False)
2026-05-15 16:00:57,161 WARNING [backend.app.services.bambu_mqtt] [-] [[SERIAL]] MQTT disconnected: rc=Unspecified error, flags=DisconnectFlags(is_disconnect_packet_from_server=False)
2026-05-15 16:01:27,226 WARNING [backend.app.services.bambu_mqtt] [-] [[SERIAL]] MQTT disconnected: rc=Unspecified error, flags=DisconnectFlags(is_disconnect_packet_from_server=False)
2026-05-15 16:01:57,299 WARNING [backend.app.services.bambu_mqtt] [-] [[SERIAL]] MQTT disconnected: rc=Unspecified error, flags=DisconnectFlags(is_disconnect_packet_from_server=False)
2026-05-15 16:02:27,361 WARNING [backend.app.services.bambu_mqtt] [-] [[SERIAL]] MQTT disconnected: rc=Unspecified error, flags=DisconnectFlags(is_disconnect_packet_from_server=False)
2026-05-15 16:02:57,436 WARNING [backend.app.services.bambu_mqtt] [-] [[SERIAL]] MQTT disconnected: rc=Unspecified error, flags=DisconnectFlags(is_disconnect_packet_from_server=False)
2026-05-15 16:03:27,502 WARNING [backend.app.services.bambu_mqtt] [-] [[SERIAL]] MQTT disconnected: rc=Unspecified error, flags=DisconnectFlags(is_disconnect_packet_from_server=False)
2026-05-15 16:03:57,580 WARNING [backend.app.services.bambu_mqtt] [-] [[SERIAL]] MQTT disconnected: rc=Unspecified error, flags=DisconnectFlags(is_disconnect_packet_from_server=False)
2026-05-15 16:04:27,640 WARNING [backend.app.services.bambu_mqtt] [-] [[SERIAL]] MQTT disconnected: rc=Unspecified error, flags=DisconnectFlags(is_disconnect_packet_from_server=False)
2026-05-15 16:04:57,705 WARNING [backend.app.services.bambu_mqtt] [-] [[SERIAL]] MQTT disconnected: rc=Unspecified error, flags=DisconnectFlags(is_disconnect_packet_from_server=False)
2026-05-15 16:05:27,789 WARNING [backend.app.services.bambu_mqtt] [-] [[SERIAL]] MQTT disconnected: rc=Unspecified error, flags=DisconnectFlags(is_disconnect_packet_from_server=False)
2026-05-15 16:05:57,870 WARNING [backend.app.services.bambu_mqtt] [-] [[SERIAL]] MQTT disconnected: rc=Unspecified error, flags=DisconnectFlags(is_disconnect_packet_from_server=False)
2026-05-15 16:06:27,932 WARNING [backend.app.services.bambu_mqtt] [-] [[SERIAL]] MQTT disconnected: rc=Unspecified error, flags=DisconnectFlags(is_disconnect_packet_from_server=False)
2026-05-15 16:06:58,005 WARNING [backend.app.services.bambu_mqtt] [-] [[SERIAL]] MQTT disconnected: rc=Unspecified error, flags=DisconnectFlags(is_disconnect_packet_from_server=False)
2026-05-15 16:07:28,065 WARNING [backend.app.services.bambu_mqtt] [-] [[SERIAL]] MQTT disconnected: rc=Unspecified error, flags=DisconnectFlags(is_disconnect_packet_from_server=False)
2026-05-15 16:07:58,139 WARNING [backend.app.services.bambu_mqtt] [-] [[SERIAL]] MQTT disconnected: rc=Unspecified error, flags=DisconnectFlags(is_disconnect_packet_from_server=False)
2026-05-15 16:08:28,215 WARNING [backend.app.services.bambu_mqtt] [-] [[SERIAL]] MQTT disconnected: rc=Unspecified error, flags=DisconnectFlags(is_disconnect_packet_from_server=False)
2026-05-15 16:08:58,306 WARNING [backend.app.services.bambu_mqtt] [-] [[SERIAL]] MQTT disconnected: rc=Unspecified error, flags=DisconnectFlags(is_disconnect_packet_from_server=False)
2026-05-15 16:09:28,370 WARNING [backend.app.services.bambu_mqtt] [-] [[SERIAL]] MQTT disconnected: rc=Unspecified error, flags=DisconnectFlags(is_disconnect_packet_from_server=False)
2026-05-15 16:09:58,451 WARNING [backend.app.services.bambu_mqtt] [-] [[SERIAL]] MQTT disconnected: rc=Unspecified error, flags=DisconnectFlags(is_disconnect_packet_from_server=False)
2026-05-15 16:10:28,514 WARNING [backend.app.services.bambu_mqtt] [-] [[SERIAL]] MQTT disconnected: rc=Unspecified error, flags=DisconnectFlags(is_disconnect_packet_from_server=False)
2026-05-15 16:10:48,384 INFO [uvicorn.access] [-] [IP]:0 - "POST /api/v1/printers/camera/stream-token HTTP/1.1" 200
2026-05-15 16:10:48,402 INFO [backend.app.api.routes.camera] [94840d19] Using RTSP protocol for H2D
2026-05-15 16:10:48,402 INFO [backend.app.api.routes.camera] [94840d19] Camera viewer attached to printer-2 (subscribers=1)
2026-05-15 16:10:48,474 INFO [backend.app.services.camera] [94840d19] Found ffmpeg at: /usr/bin/ffmpeg
2026-05-15 16:10:48,480 INFO [backend.app.api.routes.camera] [94840d19] Starting RTSP camera stream for [IP] (stream_id=2-fanout, model=H2D, fps=15)
2026-05-15 16:10:48,507 INFO [backend.app.api.routes.websocket] [-] WebSocket client connecting...
2026-05-15 16:10:48,507 INFO [backend.app.api.routes.websocket] [-] WebSocket client connected
2026-05-15 16:10:48,514 INFO [backend.app.api.routes.websocket] [-] Sent initial status for 3 printers
2026-05-15 16:10:48,584 INFO [backend.app.api.routes.camera] [b6336acd] Using RTSP protocol for H2D
2026-05-15 16:10:48,585 INFO [backend.app.api.routes.camera] [b6336acd] Camera viewer attached to printer-2 (subscribers=2)
2026-05-15 16:10:50,614 INFO [backend.app.api.routes.camera] [94840d19] Camera viewer detached from printer-2 (subscribers=0)
2026-05-15 16:10:50,614 INFO [backend.app.api.routes.camera] [b6336acd] Camera viewer detached from printer-2 (subscribers=0)
2026-05-15 16:10:50,614 INFO [backend.app.api.routes.camera] [94840d19] Camera stream cancelled (stream_id=2-fanout)
2026-05-15 16:10:50,617 INFO [backend.app.api.routes.camera] [679d5032] Shut down camera fan-out broadcaster for printer 2
2026-05-15 16:10:50,617 INFO [backend.app.api.routes.camera] [679d5032] Stopped 0 camera stream(s) for printer 2
2026-05-15 16:10:50,617 INFO [uvicorn.access] [-] [IP]:0 - "POST /api/v1/printers/2/camera/stop HTTP/1.1" 200
2026-05-15 16:10:58,599 WARNING [backend.app.services.bambu_mqtt] [-] [[SERIAL]] MQTT disconnected: rc=Unspecified error, flags=DisconnectFlags(is_disconnect_packet_from_server=False)
2026-05-15 16:11:13,932 INFO [uvicorn.access] [-] [IP]:0 - "POST /api/v1/printers/camera/stream-token HTTP/1.1" 200
2026-05-15 16:11:13,963 INFO [backend.app.api.routes.websocket] [-] WebSocket client connecting...
2026-05-15 16:11:13,964 INFO [backend.app.api.routes.websocket] [-] WebSocket client connected
2026-05-15 16:11:13,967 INFO [backend.app.api.routes.websocket] [-] Sent initial status for 3 printers
2026-05-15 16:11:28,294 INFO [backend.app.api.routes.websocket] [-] WebSocket client disconnected normally
2026-05-15 16:11:28,691 WARNING [backend.app.services.bambu_mqtt] [-] [[SERIAL]] MQTT disconnected: rc=Unspecified error, flags=DisconnectFlags(is_disconnect_packet_from_server=False)
2026-05-15 16:11:57,974 INFO [backend.app.api.routes.websocket] [-] WebSocket client connecting...
2026-05-15 16:11:57,975 INFO [backend.app.api.routes.websocket] [-] WebSocket client connected
2026-05-15 16:11:57,976 INFO [backend.app.api.routes.websocket] [-] Sent initial status for 3 printers
2026-05-15 16:11:58,808 WARNING [backend.app.services.bambu_mqtt] [-] [[SERIAL]] MQTT disconnected: rc=Unspecified error, flags=DisconnectFlags(is_disconnect_packet_from_server=False)
2026-05-15 16:12:20,006 INFO [backend.app.api.routes.websocket] [-] WebSocket client disconnected normally
2026-05-15 16:12:28,879 WARNING [backend.app.services.bambu_mqtt] [-] [[SERIAL]] MQTT disconnected: rc=Unspecified error, flags=DisconnectFlags(is_disconnect_packet_from_server=False)
2026-05-15 16:12:58,943 WARNING [backend.app.services.bambu_mqtt] [-] [[SERIAL]] MQTT disconnected: rc=Unspecified error, flags=DisconnectFlags(is_disconnect_packet_from_server=False)
2026-05-15 16:13:14,554 INFO [backend.app.services.discovery] [0e1be2bd] Starting subnet scan of [IP]/24 (254 hosts)
2026-05-15 16:13:14,571 INFO [uvicorn.access] [-] [IP]:0 - "POST /api/v1/discovery/scan HTTP/1.1" 200
2026-05-15 16:13:16,578 INFO [backend.app.services.discovery] [0e1be2bd] Found potential Bambu printer at [IP]
2026-05-15 16:13:20,590 INFO [backend.app.services.discovery] [0e1be2bd] Subnet scan complete. Found 1 printers.
2026-05-15 16:13:25,695 INFO [uvicorn.access] [-] [IP]:0 - "POST /api/v1/discovery/stop HTTP/1.1" 200
2026-05-15 16:13:25,697 INFO [uvicorn.access] [-] [IP]:0 - "POST /api/v1/discovery/scan/stop HTTP/1.1" 200
2026-05-15 16:13:29,027 WARNING [backend.app.services.bambu_mqtt] [-] [[SERIAL]] MQTT disconnected: rc=Unspecified error, flags=DisconnectFlags(is_disconnect_packet_from_server=False)
2026-05-15 16:13:59,091 WARNING [backend.app.services.bambu_mqtt] [-] [[SERIAL]] MQTT disconnected: rc=Unspecified error, flags=DisconnectFlags(is_disconnect_packet_from_server=False)
2026-05-15 16:14:18,208 INFO [backend.app.api.routes.support] [63c8b9d6] Log level changed to DEBUG
2026-05-15 16:14:18,209 INFO [backend.app.api.routes.bug_report] [63c8b9d6] Bug report: enabled debug logging
2026-05-15 16:14:18,209 WARNING [backend.app.services.bambu_mqtt] [63c8b9d6] [[SERIAL]] request_status_update: not connected
2026-05-15 16:14:18,209 WARNING [backend.app.services.bambu_mqtt] [63c8b9d6] [[SERIAL]] request_status_update: not connected
2026-05-15 16:14:18,209 WARNING [backend.app.services.bambu_mqtt] [63c8b9d6] [[SERIAL]] request_status_update: not connected
2026-05-15 16:14:18,210 INFO [uvicorn.access] [-] [IP]:0 - "POST /api/v1/bug-report/start-logging HTTP/1.1" 200